time 'mtrCAB_electrons_from_SolubleIron' 'mtrCAB_electrons_from_mtrB' 'mtrA_electrons_from_SolubleIron'
0.000000E+00 0.000000E+00 0.000000E+00 0.000000E+00
1.000000E-05 2.500000E+01 8.000000E+00 7.800000E+01
2.000000E-05 1.990000E+02 3.900000E+01 3.680000E+02
3.000000E-05 5.150000E+02 6.500000E+01 8.220000E+02
4.000000E-05 9.240000E+02 1.500000E+02 1.373000E+03
5.000000E-05 1.417000E+03 1.880000E+02 2.000000E+03
6.000000E-05 1.977000E+03 3.100000E+02 2.721000E+03
7.000000E-05 2.532000E+03 3.740000E+02 3.439000E+03
8.000000E-05 3.133000E+03 4.520000E+02 4.157000E+03
9.000000E-05 3.686000E+03 5.350000E+02 4.866000E+03
1.000000E-04 4.254000E+03 5.930000E+02 5.636000E+03
1.100000E-04 4.814000E+03 6.560000E+02 6.449000E+03
1.200000E-04 5.404000E+03 7.430000E+02 7.211000E+03
1.300000E-04 5.983000E+03 8.290000E+02 7.969000E+03
1.400000E-04 6.537000E+03 9.460000E+02 8.706000E+03
1.500000E-04 7.097000E+03 9.790000E+02 9.480000E+03
1.600000E-04 7.664000E+03 1.045000E+03 1.021800E+04
1.700000E-04 8.268000E+03 1.106000E+03 1.095800E+04
1.800000E-04 8.856000E+03 1.185000E+03 1.169100E+04
1.900000E-04 9.501000E+03 1.250000E+03 1.244800E+04
2.000000E-04 1.007100E+04 1.329000E+03 1.317300E+04
2.100000E-04 1.059700E+04 1.433000E+03 1.395300E+04
2.200000E-04 1.115900E+04 1.456000E+03 1.469900E+04
2.300000E-04 1.171100E+04 1.512000E+03 1.547000E+04
2.400000E-04 1.225700E+04 1.606000E+03 1.625800E+04
2.500000E-04 1.281100E+04 1.663000E+03 1.705000E+04
2.600000E-04 1.334700E+04 1.726000E+03 1.781100E+04
2.700000E-04 1.390200E+04 1.810000E+03 1.857500E+04
2.800000E-04 1.442200E+04 1.891000E+03 1.937000E+04
2.900000E-04 1.492600E+04 1.947000E+03 2.014900E+04
3.000000E-04 1.544100E+04 1.995000E+03 2.097000E+04
3.100000E-04 1.595200E+04 2.120000E+03 2.177900E+04
3.200000E-04 1.646600E+04 2.183000E+03 2.260600E+04
3.300000E-04 1.698900E+04 2.262000E+03 2.341400E+04
3.400000E-04 1.754400E+04 2.372000E+03 2.418700E+04
3.500000E-04 1.806400E+04 2.447000E+03 2.496500E+04
3.600000E-04 1.864000E+04 2.517000E+03 2.576900E+04
3.700000E-04 1.920800E+04 2.574000E+03 2.656900E+04
3.800000E-04 1.976700E+04 2.666000E+03 2.730900E+04
3.900000E-04 2.033200E+04 2.763000E+03 2.808100E+04
4.000000E-04 2.093000E+04 2.825000E+03 2.891200E+04
4.100000E-04 2.147200E+04 2.909000E+03 2.970900E+04
4.200000E-04 2.199900E+04 3.001000E+03 3.051800E+04
4.300000E-04 2.252700E+04 3.092000E+03 3.128900E+04
4.400000E-04 2.308400E+04 3.143000E+03 3.201800E+04
4.500000E-04 2.367200E+04 3.230000E+03 3.276500E+04
4.600000E-04 2.420600E+04 3.260000E+03 3.351800E+04
4.700000E-04 2.470700E+04 3.379000E+03 3.428600E+04
4.800000E-04 2.524300E+04 3.446000E+03 3.501300E+04
4.900000E-04 2.575800E+04 3.548000E+03 3.576400E+04
5.000000E-04 2.629400E+04 3.604000E+03 3.649700E+04
5.100000E-04 2.686300E+04 3.689000E+03 3.722900E+04
5.200000E-04 2.736600E+04 3.744000E+03 3.804300E+04
5.300000E-04 2.788400E+04 3.819000E+03 3.881300E+04
5.400000E-04 2.840900E+04 3.924000E+03 3.957200E+04
5.500000E-04 2.893700E+04 3.985000E+03 4.036300E+04
5.600000E-04 2.947700E+04 4.026000E+03 4.111400E+04
5.700000E-04 3.003500E+04 4.101000E+03 4.191500E+04
5.800000E-04 3.057100E+04 4.199000E+03 4.273300E+04
5.900000E-04 3.110800E+04 4.282000E+03 4.357200E+04
6.000000E-04 3.163100E+04 4.332000E+03 4.433300E+04
6.100000E-04 3.217300E+04 4.384000E+03 4.511500E+04
6.200000E-04 3.268200E+04 4.439000E+03 4.585400E+04
6.300000E-04 3.321300E+04 4.545000E+03 4.661400E+04
6.400000E-04 3.379400E+04 4.618000E+03 4.734100E+04
6.500000E-04 3.435400E+04 4.680000E+03 4.804300E+04
6.600000E-04 3.497800E+04 4.739000E+03 4.871700E+04
6.700000E-04 3.550800E+04 4.779000E+03 4.943600E+04
6.800000E-04 3.597300E+04 4.882000E+03 5.020100E+04
6.900000E-04 3.648200E+04 4.951000E+03 5.096200E+04
7.000000E-04 3.701000E+04 5.043000E+03 5.174200E+04
7.100000E-04 3.759900E+04 5.102000E+03 5.252300E+04
7.200000E-04 3.820600E+04 5.256000E+03 5.329400E+04
7.300000E-04 3.881600E+04 5.308000E+03 5.407700E+04
7.400000E-04 3.939400E+04 5.379000E+03 5.488000E+04
7.500000E-04 3.996100E+04 5.430000E+03 5.563100E+04
7.600000E-04 4.051900E+04 5.466000E+03 5.640300E+04
7.700000E-04 4.108700E+04 5.568000E+03 5.716300E+04
7.800000E-04 4.164300E+04 5.683000E+03 5.800600E+04
7.900000E-04 4.217200E+04 5.784000E+03 5.877100E+04
8.000000E-04 4.267600E+04 5.863000E+03 5.954000E+04
8.100000E-04 4.317200E+04 5.929000E+03 6.026700E+04
8.200000E-04 4.369100E+04 6.020000E+03 6.108100E+04
8.300000E-04 4.417600E+04 6.154000E+03 6.191900E+04
8.400000E-04 4.468200E+04 6.202000E+03 6.266700E+04
8.500000E-04 4.522400E+04 6.290000E+03 6.348600E+04
8.600000E-04 4.573900E+04 6.353000E+03 6.423400E+04
8.700000E-04 4.624900E+04 6.446000E+03 6.501500E+04
8.800000E-04 4.678800E+04 6.497000E+03 6.575200E+04
8.900000E-04 4.732900E+04 6.580000E+03 6.655200E+04
9.000000E-04 4.786600E+04 6.655000E+03 6.737000E+04
9.100000E-04 4.839600E+04 6.728000E+03 6.814800E+04
9.200000E-04 4.890200E+04 6.818000E+03 6.889500E+04
9.300000E-04 4.940400E+04 6.894000E+03 6.960600E+04
9.400000E-04 4.990400E+04 6.995000E+03 7.028900E+04
9.500000E-04 5.037500E+04 7.034000E+03 7.099200E+04
9.600000E-04 5.080700E+04 7.130000E+03 7.172700E+04
9.700000E-04 5.127800E+04 7.227000E+03 7.249600E+04
9.800000E-04 5.185900E+04 7.298000E+03 7.335500E+04
9.900000E-04 5.243400E+04 7.339000E+03 7.414800E+04
1.000000E-03 5.301500E+04 7.394000E+03 7.494300E+04
