time 'mtrCAB_electrons_from_SolubleIron' 'mtrCAB_electrons_from_mtrB' 'mtrA_electrons_from_SolubleIron'
0.000000E+00 0.000000E+00 0.000000E+00 0.000000E+00
1.000000E-05 4.700000E+01 0.000000E+00 5.800000E+01
2.000000E-05 2.270000E+02 1.000000E+01 3.260000E+02
3.000000E-05 5.150000E+02 3.500000E+01 7.250000E+02
4.000000E-05 9.570000E+02 1.340000E+02 1.292000E+03
5.000000E-05 1.481000E+03 1.770000E+02 1.981000E+03
6.000000E-05 2.074000E+03 2.350000E+02 2.728000E+03
7.000000E-05 2.622000E+03 3.370000E+02 3.443000E+03
8.000000E-05 3.156000E+03 4.300000E+02 4.204000E+03
9.000000E-05 3.764000E+03 5.020000E+02 5.015000E+03
1.000000E-04 4.341000E+03 5.680000E+02 5.800000E+03
1.100000E-04 4.883000E+03 6.350000E+02 6.695000E+03
1.200000E-04 5.413000E+03 7.220000E+02 7.511000E+03
1.300000E-04 5.914000E+03 8.250000E+02 8.304000E+03
1.400000E-04 6.457000E+03 8.610000E+02 9.085000E+03
1.500000E-04 7.046000E+03 9.660000E+02 9.864000E+03
1.600000E-04 7.580000E+03 1.016000E+03 1.072300E+04
1.700000E-04 8.157000E+03 1.098000E+03 1.154800E+04
1.800000E-04 8.766000E+03 1.203000E+03 1.227100E+04
1.900000E-04 9.360000E+03 1.248000E+03 1.306800E+04
2.000000E-04 9.909000E+03 1.311000E+03 1.376600E+04
2.100000E-04 1.047600E+04 1.408000E+03 1.454000E+04
2.200000E-04 1.105000E+04 1.460000E+03 1.529500E+04
2.300000E-04 1.161400E+04 1.602000E+03 1.606600E+04
2.400000E-04 1.216500E+04 1.670000E+03 1.682500E+04
2.500000E-04 1.275900E+04 1.747000E+03 1.755900E+04
2.600000E-04 1.332800E+04 1.814000E+03 1.830600E+04
2.700000E-04 1.386100E+04 1.868000E+03 1.906800E+04
2.800000E-04 1.439700E+04 1.934000E+03 1.975900E+04
2.900000E-04 1.491400E+04 1.983000E+03 2.046200E+04
3.000000E-04 1.546000E+04 2.050000E+03 2.117300E+04
3.100000E-04 1.601500E+04 2.091000E+03 2.183700E+04
3.200000E-04 1.655400E+04 2.160000E+03 2.249800E+04
3.300000E-04 1.709300E+04 2.219000E+03 2.325300E+04
3.400000E-04 1.768100E+04 2.329000E+03 2.406600E+04
3.500000E-04 1.825900E+04 2.420000E+03 2.486400E+04
3.600000E-04 1.880300E+04 2.482000E+03 2.567700E+04
3.700000E-04 1.938500E+04 2.557000E+03 2.648900E+04
3.800000E-04 1.993800E+04 2.636000E+03 2.724200E+04
3.900000E-04 2.054000E+04 2.677000E+03 2.802700E+04
4.000000E-04 2.113700E+04 2.721000E+03 2.878900E+04
4.100000E-04 2.171500E+04 2.763000E+03 2.963900E+04
4.200000E-04 2.220400E+04 2.903000E+03 3.043700E+04
4.300000E-04 2.270900E+04 2.978000E+03 3.125000E+04
4.400000E-04 2.326700E+04 3.045000E+03 3.207200E+04
4.500000E-04 2.381500E+04 3.095000E+03 3.279800E+04
4.600000E-04 2.438600E+04 3.169000E+03 3.362000E+04
4.700000E-04 2.499900E+04 3.236000E+03 3.446600E+04
4.800000E-04 2.560800E+04 3.299000E+03 3.524700E+04
4.900000E-04 2.622900E+04 3.376000E+03 3.604100E+04
5.000000E-04 2.679000E+04 3.462000E+03 3.686200E+04
5.100000E-04 2.735200E+04 3.540000E+03 3.763200E+04
5.200000E-04 2.788300E+04 3.610000E+03 3.848800E+04
5.300000E-04 2.847600E+04 3.684000E+03 3.928200E+04
5.400000E-04 2.897500E+04 3.756000E+03 4.003200E+04
5.500000E-04 2.949200E+04 3.831000E+03 4.076400E+04
5.600000E-04 3.003700E+04 3.892000E+03 4.152700E+04
5.700000E-04 3.058100E+04 3.929000E+03 4.228100E+04
5.800000E-04 3.110600E+04 4.059000E+03 4.296900E+04
5.900000E-04 3.166400E+04 4.111000E+03 4.366300E+04
6.000000E-04 3.224700E+04 4.132000E+03 4.432900E+04
6.100000E-04 3.282200E+04 4.197000E+03 4.503300E+04
6.200000E-04 3.337200E+04 4.243000E+03 4.573600E+04
6.300000E-04 3.391600E+04 4.301000E+03 4.639100E+04
6.400000E-04 3.440200E+04 4.372000E+03 4.714000E+04
6.500000E-04 3.491200E+04 4.442000E+03 4.786200E+04
6.600000E-04 3.547500E+04 4.501000E+03 4.863500E+04
6.700000E-04 3.608500E+04 4.548000E+03 4.937400E+04
6.800000E-04 3.666700E+04 4.626000E+03 5.009200E+04
6.900000E-04 3.726400E+04 4.694000E+03 5.086400E+04
7.000000E-04 3.786600E+04 4.759000E+03 5.163300E+04
7.100000E-04 3.842100E+04 4.852000E+03 5.248100E+04
7.200000E-04 3.896700E+04 4.932000E+03 5.327600E+04
7.300000E-04 3.953300E+04 5.046000E+03 5.402100E+04
7.400000E-04 4.003500E+04 5.164000E+03 5.480300E+04
7.500000E-04 4.054600E+04 5.215000E+03 5.557900E+04
7.600000E-04 4.110300E+04 5.275000E+03 5.637600E+04
7.700000E-04 4.166700E+04 5.345000E+03 5.715100E+04
7.800000E-04 4.222900E+04 5.412000E+03 5.794300E+04
7.900000E-04 4.275800E+04 5.482000E+03 5.871200E+04
8.000000E-04 4.336300E+04 5.586000E+03 5.953800E+04
8.100000E-04 4.393200E+04 5.668000E+03 6.030800E+04
8.200000E-04 4.449000E+04 5.749000E+03 6.107900E+04
8.300000E-04 4.502900E+04 5.798000E+03 6.180000E+04
8.400000E-04 4.558400E+04 5.869000E+03 6.258800E+04
8.500000E-04 4.615700E+04 5.945000E+03 6.333600E+04
8.600000E-04 4.673200E+04 6.018000E+03 6.408700E+04
8.700000E-04 4.729500E+04 6.079000E+03 6.485200E+04
8.800000E-04 4.779600E+04 6.145000E+03 6.558900E+04
8.900000E-04 4.827800E+04 6.208000E+03 6.638400E+04
9.000000E-04 4.884700E+04 6.298000E+03 6.713300E+04
9.100000E-04 4.934100E+04 6.356000E+03 6.793500E+04
9.200000E-04 4.987100E+04 6.411000E+03 6.868400E+04
9.300000E-04 5.037000E+04 6.446000E+03 6.942600E+04
9.400000E-04 5.083000E+04 6.524000E+03 7.012900E+04
9.500000E-04 5.137500E+04 6.565000E+03 7.088100E+04
9.600000E-04 5.194900E+04 6.623000E+03 7.159800E+04
9.700000E-04 5.253000E+04 6.682000E+03 7.241400E+04
9.800000E-04 5.315400E+04 6.754000E+03 7.314200E+04
9.900000E-04 5.368400E+04 6.810000E+03 7.389100E+04
1.000000E-03 5.426600E+04 6.919000E+03 7.466200E+04
