time 'mtrCAB_electrons_from_SolubleIron' 'mtrCAB_electrons_from_mtrB' 'mtrA_electrons_from_SolubleIron'
0.000000E+00 0.000000E+00 0.000000E+00 0.000000E+00
1.000000E-05 5.200000E+01 0.000000E+00 8.100000E+01
2.000000E-05 2.550000E+02 1.400000E+01 3.830000E+02
3.000000E-05 6.240000E+02 4.100000E+01 8.460000E+02
4.000000E-05 1.098000E+03 8.600000E+01 1.473000E+03
5.000000E-05 1.584000E+03 1.720000E+02 2.192000E+03
6.000000E-05 2.071000E+03 2.480000E+02 2.988000E+03
7.000000E-05 2.639000E+03 3.160000E+02 3.757000E+03
8.000000E-05 3.182000E+03 3.970000E+02 4.527000E+03
9.000000E-05 3.727000E+03 4.660000E+02 5.387000E+03
1.000000E-04 4.265000E+03 5.390000E+02 6.255000E+03
1.100000E-04 4.839000E+03 6.210000E+02 7.035000E+03
1.200000E-04 5.384000E+03 6.920000E+02 7.872000E+03
1.300000E-04 6.043000E+03 8.030000E+02 8.704000E+03
1.400000E-04 6.617000E+03 8.860000E+02 9.492000E+03
1.500000E-04 7.254000E+03 9.840000E+02 1.026700E+04
1.600000E-04 7.820000E+03 1.056000E+03 1.112500E+04
1.700000E-04 8.375000E+03 1.112000E+03 1.190900E+04
1.800000E-04 8.863000E+03 1.183000E+03 1.270300E+04
1.900000E-04 9.421000E+03 1.285000E+03 1.345000E+04
2.000000E-04 9.985000E+03 1.346000E+03 1.411500E+04
2.100000E-04 1.055300E+04 1.428000E+03 1.476200E+04
2.200000E-04 1.106300E+04 1.527000E+03 1.547500E+04
2.300000E-04 1.159100E+04 1.623000E+03 1.621200E+04
2.400000E-04 1.217500E+04 1.734000E+03 1.692700E+04
2.500000E-04 1.279200E+04 1.808000E+03 1.767800E+04
2.600000E-04 1.333900E+04 1.846000E+03 1.845800E+04
2.700000E-04 1.391700E+04 1.926000E+03 1.926100E+04
2.800000E-04 1.452700E+04 1.973000E+03 2.002400E+04
2.900000E-04 1.511500E+04 2.044000E+03 2.077100E+04
3.000000E-04 1.566000E+04 2.109000E+03 2.153100E+04
3.100000E-04 1.620600E+04 2.182000E+03 2.234100E+04
3.200000E-04 1.672900E+04 2.289000E+03 2.316500E+04
3.300000E-04 1.721200E+04 2.343000E+03 2.400300E+04
3.400000E-04 1.778800E+04 2.384000E+03 2.476300E+04
3.500000E-04 1.840900E+04 2.476000E+03 2.556100E+04
3.600000E-04 1.896400E+04 2.527000E+03 2.635200E+04
3.700000E-04 1.951000E+04 2.607000E+03 2.707400E+04
3.800000E-04 2.010600E+04 2.675000E+03 2.782700E+04
3.900000E-04 2.066800E+04 2.781000E+03 2.860000E+04
4.000000E-04 2.122400E+04 2.857000E+03 2.938700E+04
4.100000E-04 2.179800E+04 2.936000E+03 3.014200E+04
4.200000E-04 2.232800E+04 2.998000E+03 3.090700E+04
4.300000E-04 2.288200E+04 3.047000E+03 3.165100E+04
4.400000E-04 2.340300E+04 3.083000E+03 3.244600E+04
4.500000E-04 2.396700E+04 3.189000E+03 3.318200E+04
4.600000E-04 2.450300E+04 3.286000E+03 3.387800E+04
4.700000E-04 2.500500E+04 3.370000E+03 3.459100E+04
4.800000E-04 2.550800E+04 3.461000E+03 3.527900E+04
4.900000E-04 2.602000E+04 3.511000E+03 3.600800E+04
5.000000E-04 2.656900E+04 3.550000E+03 3.677900E+04
5.100000E-04 2.706400E+04 3.633000E+03 3.752700E+04
5.200000E-04 2.758600E+04 3.705000E+03 3.829300E+04
5.300000E-04 2.812700E+04 3.816000E+03 3.904400E+04
5.400000E-04 2.869200E+04 3.896000E+03 3.978900E+04
5.500000E-04 2.922900E+04 3.978000E+03 4.059800E+04
5.600000E-04 2.975600E+04 4.036000E+03 4.140100E+04
5.700000E-04 3.029900E+04 4.090000E+03 4.220600E+04
5.800000E-04 3.086400E+04 4.146000E+03 4.295700E+04
5.900000E-04 3.138700E+04 4.258000E+03 4.375300E+04
6.000000E-04 3.190800E+04 4.303000E+03 4.458400E+04
6.100000E-04 3.247200E+04 4.363000E+03 4.539200E+04
6.200000E-04 3.305700E+04 4.450000E+03 4.624000E+04
6.300000E-04 3.365300E+04 4.538000E+03 4.702500E+04
6.400000E-04 3.422400E+04 4.608000E+03 4.781900E+04
6.500000E-04 3.478400E+04 4.683000E+03 4.859300E+04
6.600000E-04 3.533100E+04 4.752000E+03 4.941100E+04
6.700000E-04 3.582900E+04 4.841000E+03 5.015100E+04
6.800000E-04 3.632400E+04 4.920000E+03 5.091600E+04
6.900000E-04 3.685500E+04 4.985000E+03 5.170700E+04
7.000000E-04 3.739900E+04 5.044000E+03 5.254800E+04
7.100000E-04 3.790700E+04 5.144000E+03 5.329200E+04
7.200000E-04 3.843100E+04 5.214000E+03 5.406100E+04
7.300000E-04 3.895900E+04 5.300000E+03 5.484900E+04
7.400000E-04 3.949000E+04 5.388000E+03 5.562000E+04
7.500000E-04 3.999300E+04 5.447000E+03 5.633900E+04
7.600000E-04 4.050700E+04 5.498000E+03 5.708400E+04
7.700000E-04 4.101800E+04 5.582000E+03 5.784600E+04
7.800000E-04 4.160900E+04 5.686000E+03 5.859900E+04
7.900000E-04 4.213700E+04 5.778000E+03 5.932600E+04
8.000000E-04 4.271600E+04 5.841000E+03 6.014200E+04
8.100000E-04 4.323900E+04 5.936000E+03 6.096000E+04
8.200000E-04 4.379800E+04 6.010000E+03 6.174800E+04
8.300000E-04 4.435100E+04 6.077000E+03 6.253300E+04
8.400000E-04 4.493100E+04 6.138000E+03 6.329000E+04
8.500000E-04 4.547000E+04 6.228000E+03 6.406500E+04
8.600000E-04 4.604400E+04 6.313000E+03 6.478900E+04
8.700000E-04 4.663200E+04 6.358000E+03 6.555000E+04
8.800000E-04 4.719800E+04 6.474000E+03 6.635000E+04
8.900000E-04 4.780200E+04 6.551000E+03 6.706700E+04
9.000000E-04 4.842000E+04 6.618000E+03 6.780800E+04
9.100000E-04 4.903000E+04 6.679000E+03 6.856600E+04
9.200000E-04 4.961900E+04 6.747000E+03 6.938900E+04
9.300000E-04 5.019100E+04 6.852000E+03 7.020700E+04
9.400000E-04 5.070700E+04 6.941000E+03 7.104600E+04
9.500000E-04 5.128300E+04 7.012000E+03 7.189600E+04
9.600000E-04 5.185800E+04 7.061000E+03 7.267400E+04
9.700000E-04 5.241900E+04 7.125000E+03 7.350500E+04
9.800000E-04 5.293300E+04 7.184000E+03 7.433900E+04
9.900000E-04 5.344000E+04 7.219000E+03 7.515600E+04
1.000000E-03 5.393100E+04 7.274000E+03 7.592400E+04
