time 'mtrCAB_electrons_from_SolubleIron' 'mtrCAB_electrons_from_mtrB' 'mtrA_electrons_from_SolubleIron'
0.000000E+00 0.000000E+00 0.000000E+00 0.000000E+00
1.000000E-05 4.300000E+01 0.000000E+00 5.700000E+01
2.000000E-05 2.310000E+02 3.000000E+00 3.570000E+02
3.000000E-05 5.470000E+02 3.900000E+01 8.050000E+02
4.000000E-05 9.880000E+02 8.500000E+01 1.365000E+03
5.000000E-05 1.489000E+03 1.560000E+02 2.105000E+03
6.000000E-05 2.042000E+03 2.100000E+02 2.861000E+03
7.000000E-05 2.586000E+03 2.680000E+02 3.584000E+03
8.000000E-05 3.152000E+03 3.560000E+02 4.312000E+03
9.000000E-05 3.706000E+03 4.060000E+02 5.067000E+03
1.000000E-04 4.299000E+03 4.520000E+02 5.886000E+03
1.100000E-04 4.847000E+03 5.390000E+02 6.663000E+03
1.200000E-04 5.424000E+03 6.140000E+02 7.409000E+03
1.300000E-04 6.062000E+03 7.030000E+02 8.157000E+03
1.400000E-04 6.671000E+03 7.870000E+02 8.933000E+03
1.500000E-04 7.213000E+03 8.380000E+02 9.668000E+03
1.600000E-04 7.793000E+03 8.950000E+02 1.041200E+04
1.700000E-04 8.329000E+03 9.480000E+02 1.119500E+04
1.800000E-04 8.890000E+03 1.029000E+03 1.190900E+04
1.900000E-04 9.471000E+03 1.148000E+03 1.260600E+04
2.000000E-04 1.004400E+04 1.205000E+03 1.336900E+04
2.100000E-04 1.056000E+04 1.294000E+03 1.403200E+04
2.200000E-04 1.111700E+04 1.393000E+03 1.476000E+04
2.300000E-04 1.170100E+04 1.459000E+03 1.547600E+04
2.400000E-04 1.219500E+04 1.499000E+03 1.626300E+04
2.500000E-04 1.268700E+04 1.598000E+03 1.701900E+04
2.600000E-04 1.319100E+04 1.653000E+03 1.782600E+04
2.700000E-04 1.370700E+04 1.773000E+03 1.857900E+04
2.800000E-04 1.425500E+04 1.821000E+03 1.932600E+04
2.900000E-04 1.487100E+04 1.902000E+03 2.004700E+04
3.000000E-04 1.545900E+04 1.989000E+03 2.081500E+04
3.100000E-04 1.603200E+04 2.024000E+03 2.159000E+04
3.200000E-04 1.657200E+04 2.131000E+03 2.231100E+04
3.300000E-04 1.704600E+04 2.180000E+03 2.306700E+04
3.400000E-04 1.756700E+04 2.226000E+03 2.373500E+04
3.500000E-04 1.811400E+04 2.283000E+03 2.446400E+04
3.600000E-04 1.869300E+04 2.361000E+03 2.519500E+04
3.700000E-04 1.927500E+04 2.465000E+03 2.594900E+04
3.800000E-04 1.981500E+04 2.524000E+03 2.671800E+04
3.900000E-04 2.034200E+04 2.587000E+03 2.747000E+04
4.000000E-04 2.090800E+04 2.665000E+03 2.823900E+04
4.100000E-04 2.146800E+04 2.760000E+03 2.896000E+04
4.200000E-04 2.204400E+04 2.805000E+03 2.970800E+04
4.300000E-04 2.264200E+04 2.907000E+03 3.045200E+04
4.400000E-04 2.320500E+04 3.020000E+03 3.116700E+04
4.500000E-04 2.375400E+04 3.094000E+03 3.193200E+04
4.600000E-04 2.430300E+04 3.151000E+03 3.268200E+04
4.700000E-04 2.482900E+04 3.204000E+03 3.342800E+04
4.800000E-04 2.539200E+04 3.305000E+03 3.418500E+04
4.900000E-04 2.595600E+04 3.365000E+03 3.492400E+04
5.000000E-04 2.650200E+04 3.455000E+03 3.564300E+04
5.100000E-04 2.708400E+04 3.549000E+03 3.638800E+04
5.200000E-04 2.765900E+04 3.632000E+03 3.717600E+04
5.300000E-04 2.824600E+04 3.692000E+03 3.793900E+04
5.400000E-04 2.879700E+04 3.799000E+03 3.868800E+04
5.500000E-04 2.935300E+04 3.869000E+03 3.947000E+04
5.600000E-04 2.996500E+04 3.972000E+03 4.022600E+04
5.700000E-04 3.056200E+04 4.081000E+03 4.102300E+04
5.800000E-04 3.113700E+04 4.151000E+03 4.181800E+04
5.900000E-04 3.173800E+04 4.224000E+03 4.258200E+04
6.000000E-04 3.229000E+04 4.276000E+03 4.337600E+04
6.100000E-04 3.278100E+04 4.398000E+03 4.414000E+04
6.200000E-04 3.333500E+04 4.460000E+03 4.488400E+04
6.300000E-04 3.386300E+04 4.547000E+03 4.566700E+04
6.400000E-04 3.440400E+04 4.646000E+03 4.642800E+04
6.500000E-04 3.492400E+04 4.702000E+03 4.717100E+04
6.600000E-04 3.548200E+04 4.759000E+03 4.792700E+04
6.700000E-04 3.605000E+04 4.855000E+03 4.869100E+04
6.800000E-04 3.652300E+04 4.926000E+03 4.943700E+04
6.900000E-04 3.704000E+04 4.989000E+03 5.019300E+04
7.000000E-04 3.759300E+04 5.086000E+03 5.089800E+04
7.100000E-04 3.819800E+04 5.155000E+03 5.168300E+04
7.200000E-04 3.873100E+04 5.239000E+03 5.248000E+04
7.300000E-04 3.923400E+04 5.280000E+03 5.320700E+04
7.400000E-04 3.974200E+04 5.344000E+03 5.398100E+04
7.500000E-04 4.028600E+04 5.469000E+03 5.472900E+04
7.600000E-04 4.081900E+04 5.523000E+03 5.557000E+04
7.700000E-04 4.136000E+04 5.576000E+03 5.634400E+04
7.800000E-04 4.189900E+04 5.669000E+03 5.712500E+04
7.900000E-04 4.247700E+04 5.740000E+03 5.789600E+04
8.000000E-04 4.308500E+04 5.808000E+03 5.861200E+04
8.100000E-04 4.368900E+04 5.852000E+03 5.934700E+04
8.200000E-04 4.425000E+04 5.948000E+03 6.009300E+04
8.300000E-04 4.482000E+04 6.061000E+03 6.080900E+04
8.400000E-04 4.537300E+04 6.116000E+03 6.155600E+04
8.500000E-04 4.590700E+04 6.158000E+03 6.234100E+04
8.600000E-04 4.651100E+04 6.230000E+03 6.311900E+04
8.700000E-04 4.710100E+04 6.332000E+03 6.392000E+04
8.800000E-04 4.763600E+04 6.379000E+03 6.473900E+04
8.900000E-04 4.823800E+04 6.453000E+03 6.553900E+04
9.000000E-04 4.878800E+04 6.502000E+03 6.629300E+04
9.100000E-04 4.939200E+04 6.560000E+03 6.693000E+04
9.200000E-04 4.992400E+04 6.615000E+03 6.760200E+04
9.300000E-04 5.040400E+04 6.713000E+03 6.827100E+04
9.400000E-04 5.086300E+04 6.805000E+03 6.895200E+04
9.500000E-04 5.135200E+04 6.912000E+03 6.961900E+04
9.600000E-04 5.187100E+04 7.012000E+03 7.033600E+04
9.700000E-04 5.239800E+04 7.043000E+03 7.109300E+04
9.800000E-04 5.296300E+04 7.096000E+03 7.189800E+04
9.900000E-04 5.354300E+04 7.163000E+03 7.261100E+04
1.000000E-03 5.410500E+04 7.211000E+03 7.328200E+04
