time 'mtrCAB_electrons_from_SolubleIron' 'mtrCAB_electrons_from_mtrB' 'mtrA_electrons_from_SolubleIron'
0.000000E+00 0.000000E+00 0.000000E+00 0.000000E+00
1.000000E-05 4.500000E+01 0.000000E+00 5.400000E+01
2.000000E-05 2.380000E+02 1.700000E+01 2.810000E+02
3.000000E-05 5.600000E+02 7.600000E+01 7.130000E+02
4.000000E-05 9.830000E+02 1.250000E+02 1.266000E+03
5.000000E-05 1.503000E+03 1.880000E+02 1.998000E+03
6.000000E-05 2.028000E+03 2.810000E+02 2.768000E+03
7.000000E-05 2.556000E+03 3.210000E+02 3.614000E+03
8.000000E-05 3.103000E+03 3.820000E+02 4.363000E+03
9.000000E-05 3.689000E+03 4.380000E+02 5.092000E+03
1.000000E-04 4.243000E+03 4.960000E+02 5.849000E+03
1.100000E-04 4.818000E+03 5.670000E+02 6.580000E+03
1.200000E-04 5.390000E+03 6.830000E+02 7.426000E+03
1.300000E-04 5.932000E+03 7.480000E+02 8.214000E+03
1.400000E-04 6.489000E+03 8.160000E+02 9.004000E+03
1.500000E-04 7.077000E+03 9.290000E+02 9.768000E+03
1.600000E-04 7.605000E+03 9.870000E+02 1.062800E+04
1.700000E-04 8.198000E+03 1.122000E+03 1.144400E+04
1.800000E-04 8.760000E+03 1.173000E+03 1.223800E+04
1.900000E-04 9.266000E+03 1.240000E+03 1.300800E+04
2.000000E-04 9.838000E+03 1.324000E+03 1.377600E+04
2.100000E-04 1.037200E+04 1.364000E+03 1.449400E+04
2.200000E-04 1.091000E+04 1.411000E+03 1.518100E+04
2.300000E-04 1.146800E+04 1.460000E+03 1.592900E+04
2.400000E-04 1.200500E+04 1.551000E+03 1.664200E+04
2.500000E-04 1.248500E+04 1.636000E+03 1.738700E+04
2.600000E-04 1.304700E+04 1.688000E+03 1.817000E+04
2.700000E-04 1.365400E+04 1.718000E+03 1.893300E+04
2.800000E-04 1.424800E+04 1.795000E+03 1.974900E+04
2.900000E-04 1.482100E+04 1.891000E+03 2.046300E+04
3.000000E-04 1.541900E+04 1.985000E+03 2.120100E+04
3.100000E-04 1.603600E+04 2.087000E+03 2.196400E+04
3.200000E-04 1.658400E+04 2.137000E+03 2.272600E+04
3.300000E-04 1.710900E+04 2.255000E+03 2.348100E+04
3.400000E-04 1.763400E+04 2.335000E+03 2.420600E+04
3.500000E-04 1.813800E+04 2.440000E+03 2.494000E+04
3.600000E-04 1.863700E+04 2.472000E+03 2.567100E+04
3.700000E-04 1.920600E+04 2.552000E+03 2.640400E+04
3.800000E-04 1.975800E+04 2.606000E+03 2.712600E+04
3.900000E-04 2.033900E+04 2.678000E+03 2.789700E+04
4.000000E-04 2.090600E+04 2.722000E+03 2.866400E+04
4.100000E-04 2.140100E+04 2.793000E+03 2.946700E+04
4.200000E-04 2.194600E+04 2.924000E+03 3.025500E+04
4.300000E-04 2.252600E+04 2.986000E+03 3.108300E+04
4.400000E-04 2.305400E+04 3.061000E+03 3.184100E+04
4.500000E-04 2.364500E+04 3.109000E+03 3.267900E+04
4.600000E-04 2.421500E+04 3.194000E+03 3.344000E+04
4.700000E-04 2.474900E+04 3.288000E+03 3.425500E+04
4.800000E-04 2.533800E+04 3.381000E+03 3.507400E+04
4.900000E-04 2.587100E+04 3.465000E+03 3.584300E+04
5.000000E-04 2.641000E+04 3.502000E+03 3.661200E+04
5.100000E-04 2.697400E+04 3.579000E+03 3.733100E+04
5.200000E-04 2.749000E+04 3.678000E+03 3.810900E+04
5.300000E-04 2.804100E+04 3.724000E+03 3.895100E+04
5.400000E-04 2.860800E+04 3.819000E+03 3.972300E+04
5.500000E-04 2.920500E+04 3.884000E+03 4.045200E+04
5.600000E-04 2.981300E+04 3.952000E+03 4.120400E+04
5.700000E-04 3.032400E+04 4.025000E+03 4.193200E+04
5.800000E-04 3.082200E+04 4.112000E+03 4.264400E+04
5.900000E-04 3.133600E+04 4.200000E+03 4.337100E+04
6.000000E-04 3.195300E+04 4.240000E+03 4.404900E+04
6.100000E-04 3.248100E+04 4.328000E+03 4.481100E+04
6.200000E-04 3.306300E+04 4.404000E+03 4.559100E+04
6.300000E-04 3.359200E+04 4.513000E+03 4.635100E+04
6.400000E-04 3.412800E+04 4.571000E+03 4.710600E+04
6.500000E-04 3.467800E+04 4.647000E+03 4.789100E+04
6.600000E-04 3.530600E+04 4.717000E+03 4.872100E+04
6.700000E-04 3.590800E+04 4.823000E+03 4.952600E+04
6.800000E-04 3.647600E+04 4.888000E+03 5.033400E+04
6.900000E-04 3.706800E+04 4.965000E+03 5.110500E+04
7.000000E-04 3.761300E+04 5.037000E+03 5.181200E+04
7.100000E-04 3.814400E+04 5.084000E+03 5.253700E+04
7.200000E-04 3.867900E+04 5.165000E+03 5.325100E+04
7.300000E-04 3.924200E+04 5.238000E+03 5.392800E+04
7.400000E-04 3.983100E+04 5.317000E+03 5.468600E+04
7.500000E-04 4.039100E+04 5.382000E+03 5.548100E+04
7.600000E-04 4.094600E+04 5.482000E+03 5.629400E+04
7.700000E-04 4.150400E+04 5.560000E+03 5.708500E+04
7.800000E-04 4.211100E+04 5.604000E+03 5.781200E+04
7.900000E-04 4.270300E+04 5.680000E+03 5.859800E+04
8.000000E-04 4.337000E+04 5.762000E+03 5.943400E+04
8.100000E-04 4.403500E+04 5.825000E+03 6.018600E+04
8.200000E-04 4.454700E+04 5.919000E+03 6.095500E+04
8.300000E-04 4.505700E+04 6.010000E+03 6.174200E+04
8.400000E-04 4.560400E+04 6.096000E+03 6.251800E+04
8.500000E-04 4.619000E+04 6.162000E+03 6.334200E+04
8.600000E-04 4.671600E+04 6.226000E+03 6.408200E+04
8.700000E-04 4.727200E+04 6.354000E+03 6.481500E+04
8.800000E-04 4.777100E+04 6.380000E+03 6.554100E+04
8.900000E-04 4.834100E+04 6.414000E+03 6.634300E+04
9.000000E-04 4.896800E+04 6.471000E+03 6.714500E+04
9.100000E-04 4.958300E+04 6.536000E+03 6.792800E+04
9.200000E-04 5.016600E+04 6.617000E+03 6.870400E+04
9.300000E-04 5.073900E+04 6.672000E+03 6.947400E+04
9.400000E-04 5.132100E+04 6.749000E+03 7.021500E+04
9.500000E-04 5.189800E+04 6.855000E+03 7.101300E+04
9.600000E-04 5.250400E+04 6.920000E+03 7.171000E+04
9.700000E-04 5.307700E+04 7.028000E+03 7.242800E+04
9.800000E-04 5.364600E+04 7.074000E+03 7.315700E+04
9.900000E-04 5.423200E+04 7.153000E+03 7.392000E+04
1.000000E-03 5.479400E+04 7.216000E+03 7.465700E+04
