time 'electrons_from_0.2_micromoles_Flavin' 'electrons_from_mtrC' 'electrons_from_0.45_micromoles_Flavin' 'electrons_from_0.75_micromoles_Flavin' 'electrons_from_1.2_micromoles_Flavin'
0.000000E+00 0.000000E+00 0.000000E+00 0.000000E+00 0.000000E+00 0.000000E+00
1.000000E-05 0.000000E+00 0.000000E+00 0.000000E+00 0.000000E+00 0.000000E+00
2.000000E-05 0.000000E+00 0.000000E+00 0.000000E+00 0.000000E+00 0.000000E+00
3.000000E-05 0.000000E+00 0.000000E+00 0.000000E+00 0.000000E+00 2.000000E+00
4.000000E-05 0.000000E+00 0.000000E+00 0.000000E+00 2.000000E+00 4.000000E+00
5.000000E-05 0.000000E+00 0.000000E+00 2.000000E+00 4.000000E+00 6.000000E+00
6.000000E-05 2.000000E+00 0.000000E+00 6.000000E+00 6.000000E+00 1.600000E+01
7.000000E-05 2.000000E+00 1.000000E+01 8.000000E+00 8.000000E+00 2.200000E+01
8.000000E-05 6.000000E+00 1.000000E+01 8.000000E+00 8.000000E+00 3.000000E+01
9.000000E-05 8.000000E+00 1.000000E+01 1.200000E+01 1.400000E+01 3.600000E+01
1.000000E-04 1.400000E+01 1.000000E+01 2.000000E+01 1.600000E+01 4.400000E+01
1.100000E-04 1.600000E+01 1.000000E+01 3.000000E+01 2.000000E+01 5.200000E+01
1.200000E-04 1.600000E+01 1.000000E+01 3.000000E+01 2.600000E+01 6.200000E+01
1.300000E-04 1.800000E+01 1.000000E+01 3.400000E+01 3.200000E+01 7.800000E+01
1.400000E-04 1.800000E+01 1.000000E+01 3.800000E+01 4.200000E+01 9.000000E+01
1.500000E-04 2.000000E+01 2.000000E+01 4.200000E+01 5.000000E+01 9.200000E+01
1.600000E-04 2.200000E+01 2.000000E+01 4.400000E+01 5.600000E+01 1.100000E+02
1.700000E-04 2.400000E+01 2.000000E+01 4.400000E+01 7.000000E+01 1.200000E+02
1.800000E-04 2.800000E+01 2.000000E+01 5.400000E+01 7.800000E+01 1.280000E+02
1.900000E-04 3.000000E+01 2.000000E+01 6.600000E+01 8.800000E+01 1.440000E+02
2.000000E-04 3.200000E+01 3.000000E+01 7.600000E+01 9.400000E+01 1.580000E+02
2.100000E-04 3.200000E+01 3.000000E+01 8.000000E+01 1.000000E+02 1.760000E+02
2.200000E-04 3.400000E+01 3.000000E+01 9.200000E+01 1.080000E+02 1.980000E+02
2.300000E-04 4.200000E+01 3.000000E+01 9.600000E+01 1.140000E+02 2.140000E+02
2.400000E-04 4.200000E+01 3.000000E+01 1.040000E+02 1.300000E+02 2.260000E+02
2.500000E-04 4.400000E+01 3.000000E+01 1.120000E+02 1.400000E+02 2.400000E+02
2.600000E-04 4.800000E+01 3.000000E+01 1.160000E+02 1.440000E+02 2.580000E+02
2.700000E-04 5.400000E+01 3.000000E+01 1.200000E+02 1.580000E+02 2.620000E+02
2.800000E-04 5.600000E+01 3.000000E+01 1.320000E+02 1.800000E+02 2.800000E+02
2.900000E-04 6.000000E+01 3.000000E+01 1.360000E+02 1.820000E+02 2.980000E+02
3.000000E-04 6.800000E+01 3.000000E+01 1.460000E+02 1.960000E+02 3.140000E+02
3.100000E-04 7.600000E+01 3.000000E+01 1.540000E+02 2.000000E+02 3.420000E+02
3.200000E-04 8.000000E+01 3.000000E+01 1.600000E+02 2.140000E+02 3.700000E+02
3.300000E-04 8.800000E+01 3.000000E+01 1.720000E+02 2.320000E+02 3.900000E+02
3.400000E-04 9.800000E+01 3.000000E+01 1.820000E+02 2.440000E+02 4.200000E+02
3.500000E-04 1.080000E+02 3.000000E+01 1.920000E+02 2.600000E+02 4.280000E+02
3.600000E-04 1.100000E+02 4.000000E+01 2.020000E+02 2.660000E+02 4.460000E+02
3.700000E-04 1.160000E+02 4.000000E+01 2.140000E+02 2.800000E+02 4.700000E+02
3.800000E-04 1.200000E+02 4.000000E+01 2.320000E+02 2.940000E+02 4.960000E+02
3.900000E-04 1.260000E+02 4.000000E+01 2.440000E+02 3.040000E+02 5.120000E+02
4.000000E-04 1.320000E+02 4.000000E+01 2.560000E+02 3.240000E+02 5.420000E+02
4.100000E-04 1.420000E+02 5.000000E+01 2.620000E+02 3.260000E+02 5.620000E+02
4.200000E-04 1.480000E+02 5.000000E+01 2.620000E+02 3.500000E+02 5.840000E+02
4.300000E-04 1.580000E+02 5.000000E+01 2.760000E+02 3.680000E+02 6.260000E+02
4.400000E-04 1.660000E+02 5.000000E+01 2.840000E+02 3.860000E+02 6.480000E+02
4.500000E-04 1.780000E+02 5.000000E+01 2.900000E+02 4.060000E+02 6.660000E+02
4.600000E-04 1.840000E+02 6.000000E+01 3.060000E+02 4.240000E+02 6.880000E+02
4.700000E-04 2.000000E+02 6.000000E+01 3.160000E+02 4.320000E+02 7.080000E+02
4.800000E-04 2.100000E+02 6.000000E+01 3.380000E+02 4.460000E+02 7.480000E+02
4.900000E-04 2.100000E+02 6.000000E+01 3.580000E+02 4.600000E+02 7.660000E+02
5.000000E-04 2.240000E+02 6.000000E+01 3.680000E+02 4.780000E+02 7.840000E+02
5.100000E-04 2.300000E+02 7.000000E+01 3.780000E+02 4.980000E+02 8.220000E+02
5.200000E-04 2.340000E+02 7.000000E+01 3.860000E+02 5.120000E+02 8.560000E+02
5.300000E-04 2.420000E+02 7.000000E+01 4.220000E+02 5.280000E+02 8.720000E+02
5.400000E-04 2.480000E+02 7.000000E+01 4.340000E+02 5.420000E+02 9.020000E+02
5.500000E-04 2.600000E+02 9.000000E+01 4.460000E+02 5.660000E+02 9.300000E+02
5.600000E-04 2.600000E+02 9.000000E+01 4.660000E+02 5.960000E+02 9.720000E+02
5.700000E-04 2.680000E+02 9.000000E+01 4.780000E+02 6.140000E+02 1.012000E+03
5.800000E-04 2.780000E+02 9.000000E+01 4.880000E+02 6.320000E+02 1.044000E+03
5.900000E-04 2.900000E+02 1.000000E+02 5.000000E+02 6.700000E+02 1.078000E+03
6.000000E-04 2.960000E+02 1.000000E+02 5.120000E+02 6.920000E+02 1.110000E+03
6.100000E-04 3.040000E+02 1.000000E+02 5.300000E+02 7.140000E+02 1.144000E+03
6.200000E-04 3.080000E+02 1.000000E+02 5.480000E+02 7.400000E+02 1.172000E+03
6.300000E-04 3.200000E+02 1.000000E+02 5.680000E+02 7.600000E+02 1.216000E+03
6.400000E-04 3.280000E+02 1.000000E+02 5.880000E+02 8.020000E+02 1.258000E+03
6.500000E-04 3.360000E+02 1.000000E+02 6.080000E+02 8.200000E+02 1.288000E+03
6.600000E-04 3.480000E+02 1.000000E+02 6.360000E+02 8.420000E+02 1.320000E+03
6.700000E-04 3.580000E+02 1.000000E+02 6.520000E+02 8.560000E+02 1.358000E+03
6.800000E-04 3.640000E+02 1.000000E+02 6.660000E+02 8.860000E+02 1.390000E+03
6.900000E-04 3.720000E+02 1.100000E+02 6.860000E+02 9.180000E+02 1.430000E+03
7.000000E-04 3.760000E+02 1.100000E+02 7.060000E+02 9.400000E+02 1.464000E+03
7.100000E-04 3.820000E+02 1.300000E+02 7.300000E+02 9.760000E+02 1.494000E+03
7.200000E-04 3.980000E+02 1.300000E+02 7.420000E+02 1.018000E+03 1.534000E+03
7.300000E-04 4.120000E+02 1.300000E+02 7.620000E+02 1.050000E+03 1.572000E+03
7.400000E-04 4.200000E+02 1.400000E+02 7.880000E+02 1.068000E+03 1.612000E+03
7.500000E-04 4.360000E+02 1.400000E+02 8.100000E+02 1.106000E+03 1.648000E+03
7.600000E-04 4.480000E+02 1.500000E+02 8.440000E+02 1.132000E+03 1.690000E+03
7.700000E-04 4.560000E+02 1.500000E+02 8.660000E+02 1.158000E+03 1.752000E+03
7.800000E-04 4.640000E+02 1.500000E+02 8.780000E+02 1.188000E+03 1.780000E+03
7.900000E-04 4.720000E+02 1.500000E+02 9.040000E+02 1.226000E+03 1.824000E+03
8.000000E-04 4.880000E+02 1.500000E+02 9.180000E+02 1.262000E+03 1.866000E+03
8.100000E-04 5.080000E+02 1.500000E+02 9.420000E+02 1.292000E+03 1.894000E+03
8.200000E-04 5.200000E+02 1.500000E+02 9.580000E+02 1.316000E+03 1.952000E+03
8.300000E-04 5.260000E+02 1.500000E+02 9.680000E+02 1.356000E+03 1.998000E+03
8.400000E-04 5.380000E+02 1.600000E+02 9.900000E+02 1.380000E+03 2.044000E+03
8.500000E-04 5.480000E+02 1.700000E+02 1.018000E+03 1.412000E+03 2.084000E+03
8.600000E-04 5.620000E+02 1.700000E+02 1.044000E+03 1.450000E+03 2.114000E+03
8.700000E-04 5.680000E+02 1.700000E+02 1.068000E+03 1.476000E+03 2.156000E+03
8.800000E-04 5.820000E+02 1.700000E+02 1.096000E+03 1.506000E+03 2.206000E+03
8.900000E-04 5.880000E+02 1.700000E+02 1.120000E+03 1.534000E+03 2.244000E+03
9.000000E-04 6.060000E+02 1.700000E+02 1.148000E+03 1.562000E+03 2.274000E+03
9.100000E-04 6.200000E+02 1.800000E+02 1.174000E+03 1.592000E+03 2.318000E+03
9.200000E-04 6.280000E+02 2.000000E+02 1.196000E+03 1.626000E+03 2.356000E+03
9.300000E-04 6.380000E+02 2.000000E+02 1.216000E+03 1.658000E+03 2.404000E+03
9.400000E-04 6.520000E+02 2.000000E+02 1.240000E+03 1.696000E+03 2.446000E+03
9.500000E-04 6.640000E+02 2.000000E+02 1.266000E+03 1.736000E+03 2.472000E+03
9.600000E-04 6.740000E+02 2.100000E+02 1.288000E+03 1.778000E+03 2.500000E+03
9.700000E-04 6.800000E+02 2.200000E+02 1.312000E+03 1.828000E+03 2.516000E+03
9.800000E-04 7.000000E+02 2.200000E+02 1.316000E+03 1.856000E+03 2.570000E+03
9.900000E-04 7.180000E+02 2.200000E+02 1.336000E+03 1.890000E+03 2.630000E+03
1.000000E-03 7.300000E+02 2.200000E+02 1.356000E+03 1.906000E+03 2.668000E+03
