time 'electrons_from_0.2_micromoles_Flavin' 'electrons_from_mtrC' 'electrons_from_0.45_micromoles_Flavin' 'electrons_from_0.75_micromoles_Flavin' 'electrons_from_1.2_micromoles_Flavin'
0.000000E+00 0.000000E+00 0.000000E+00 0.000000E+00 0.000000E+00 0.000000E+00
1.000000E-05 0.000000E+00 0.000000E+00 0.000000E+00 0.000000E+00 0.000000E+00
2.000000E-05 0.000000E+00 0.000000E+00 0.000000E+00 0.000000E+00 2.000000E+00
3.000000E-05 0.000000E+00 0.000000E+00 0.000000E+00 0.000000E+00 2.000000E+00
4.000000E-05 0.000000E+00 0.000000E+00 2.000000E+00 0.000000E+00 2.000000E+00
5.000000E-05 0.000000E+00 0.000000E+00 2.000000E+00 2.000000E+00 6.000000E+00
6.000000E-05 0.000000E+00 0.000000E+00 2.000000E+00 4.000000E+00 8.000000E+00
7.000000E-05 2.000000E+00 0.000000E+00 2.000000E+00 8.000000E+00 1.600000E+01
8.000000E-05 2.000000E+00 0.000000E+00 4.000000E+00 1.200000E+01 2.000000E+01
9.000000E-05 2.000000E+00 0.000000E+00 8.000000E+00 1.400000E+01 2.000000E+01
1.000000E-04 2.000000E+00 0.000000E+00 1.400000E+01 1.800000E+01 2.600000E+01
1.100000E-04 4.000000E+00 0.000000E+00 1.600000E+01 2.200000E+01 4.200000E+01
1.200000E-04 6.000000E+00 0.000000E+00 2.000000E+01 2.800000E+01 4.600000E+01
1.300000E-04 1.000000E+01 0.000000E+00 2.400000E+01 3.000000E+01 6.000000E+01
1.400000E-04 1.000000E+01 0.000000E+00 3.400000E+01 3.400000E+01 7.400000E+01
1.500000E-04 1.400000E+01 1.000000E+01 3.600000E+01 4.000000E+01 8.800000E+01
1.600000E-04 1.600000E+01 1.000000E+01 4.200000E+01 4.400000E+01 9.200000E+01
1.700000E-04 1.800000E+01 1.000000E+01 5.200000E+01 4.600000E+01 1.080000E+02
1.800000E-04 1.800000E+01 1.000000E+01 6.200000E+01 5.200000E+01 1.140000E+02
1.900000E-04 2.000000E+01 1.000000E+01 7.000000E+01 5.800000E+01 1.380000E+02
2.000000E-04 2.000000E+01 1.000000E+01 8.200000E+01 7.200000E+01 1.520000E+02
2.100000E-04 2.600000E+01 1.000000E+01 8.600000E+01 9.000000E+01 1.700000E+02
2.200000E-04 2.800000E+01 1.000000E+01 9.400000E+01 1.000000E+02 1.820000E+02
2.300000E-04 3.600000E+01 1.000000E+01 1.180000E+02 1.180000E+02 1.960000E+02
2.400000E-04 4.000000E+01 2.000000E+01 1.300000E+02 1.280000E+02 2.120000E+02
2.500000E-04 4.600000E+01 2.000000E+01 1.360000E+02 1.420000E+02 2.320000E+02
2.600000E-04 5.200000E+01 2.000000E+01 1.440000E+02 1.500000E+02 2.500000E+02
2.700000E-04 5.400000E+01 2.000000E+01 1.520000E+02 1.640000E+02 2.740000E+02
2.800000E-04 5.800000E+01 3.000000E+01 1.560000E+02 1.860000E+02 2.960000E+02
2.900000E-04 6.800000E+01 3.000000E+01 1.600000E+02 2.040000E+02 3.140000E+02
3.000000E-04 8.000000E+01 4.000000E+01 1.680000E+02 2.120000E+02 3.280000E+02
3.100000E-04 8.400000E+01 4.000000E+01 1.800000E+02 2.240000E+02 3.440000E+02
3.200000E-04 8.800000E+01 4.000000E+01 1.940000E+02 2.360000E+02 3.640000E+02
3.300000E-04 8.800000E+01 4.000000E+01 2.000000E+02 2.520000E+02 3.920000E+02
3.400000E-04 9.400000E+01 4.000000E+01 2.100000E+02 2.680000E+02 3.960000E+02
3.500000E-04 9.800000E+01 5.000000E+01 2.240000E+02 2.740000E+02 4.100000E+02
3.600000E-04 1.000000E+02 5.000000E+01 2.320000E+02 2.940000E+02 4.420000E+02
3.700000E-04 1.120000E+02 5.000000E+01 2.440000E+02 3.040000E+02 4.580000E+02
3.800000E-04 1.300000E+02 6.000000E+01 2.520000E+02 3.280000E+02 4.860000E+02
3.900000E-04 1.320000E+02 6.000000E+01 2.660000E+02 3.520000E+02 5.240000E+02
4.000000E-04 1.380000E+02 6.000000E+01 2.840000E+02 3.680000E+02 5.440000E+02
4.100000E-04 1.460000E+02 6.000000E+01 2.920000E+02 3.980000E+02 5.760000E+02
4.200000E-04 1.540000E+02 6.000000E+01 3.040000E+02 4.180000E+02 6.040000E+02
4.300000E-04 1.660000E+02 6.000000E+01 3.160000E+02 4.320000E+02 6.260000E+02
4.400000E-04 1.680000E+02 6.000000E+01 3.260000E+02 4.520000E+02 6.600000E+02
4.500000E-04 1.800000E+02 6.000000E+01 3.400000E+02 4.660000E+02 6.720000E+02
4.600000E-04 1.880000E+02 6.000000E+01 3.600000E+02 4.840000E+02 6.900000E+02
4.700000E-04 1.940000E+02 6.000000E+01 3.740000E+02 5.040000E+02 7.160000E+02
4.800000E-04 2.040000E+02 6.000000E+01 3.960000E+02 5.160000E+02 7.380000E+02
4.900000E-04 2.100000E+02 6.000000E+01 4.100000E+02 5.280000E+02 7.700000E+02
5.000000E-04 2.160000E+02 7.000000E+01 4.280000E+02 5.460000E+02 8.000000E+02
5.100000E-04 2.240000E+02 9.000000E+01 4.460000E+02 5.680000E+02 8.320000E+02
5.200000E-04 2.280000E+02 9.000000E+01 4.680000E+02 5.940000E+02 8.640000E+02
5.300000E-04 2.440000E+02 9.000000E+01 4.920000E+02 6.080000E+02 8.940000E+02
5.400000E-04 2.520000E+02 1.000000E+02 5.100000E+02 6.240000E+02 9.280000E+02
5.500000E-04 2.540000E+02 1.100000E+02 5.340000E+02 6.540000E+02 9.600000E+02
5.600000E-04 2.660000E+02 1.100000E+02 5.520000E+02 6.700000E+02 9.940000E+02
5.700000E-04 2.720000E+02 1.100000E+02 5.700000E+02 7.040000E+02 1.050000E+03
5.800000E-04 2.840000E+02 1.100000E+02 5.920000E+02 7.300000E+02 1.074000E+03
5.900000E-04 2.920000E+02 1.100000E+02 6.040000E+02 7.520000E+02 1.108000E+03
6.000000E-04 2.980000E+02 1.100000E+02 6.100000E+02 7.740000E+02 1.138000E+03
6.100000E-04 3.040000E+02 1.100000E+02 6.240000E+02 7.960000E+02 1.178000E+03
6.200000E-04 3.200000E+02 1.100000E+02 6.440000E+02 8.200000E+02 1.194000E+03
6.300000E-04 3.360000E+02 1.100000E+02 6.580000E+02 8.500000E+02 1.222000E+03
6.400000E-04 3.460000E+02 1.200000E+02 6.760000E+02 8.660000E+02 1.252000E+03
6.500000E-04 3.500000E+02 1.300000E+02 6.920000E+02 8.920000E+02 1.282000E+03
6.600000E-04 3.540000E+02 1.300000E+02 7.140000E+02 9.160000E+02 1.310000E+03
6.700000E-04 3.620000E+02 1.500000E+02 7.200000E+02 9.580000E+02 1.344000E+03
6.800000E-04 3.800000E+02 1.500000E+02 7.360000E+02 9.860000E+02 1.380000E+03
6.900000E-04 3.820000E+02 1.500000E+02 7.440000E+02 1.018000E+03 1.410000E+03
7.000000E-04 3.860000E+02 1.500000E+02 7.720000E+02 1.056000E+03 1.442000E+03
7.100000E-04 3.920000E+02 1.600000E+02 7.920000E+02 1.074000E+03 1.486000E+03
7.200000E-04 4.020000E+02 1.700000E+02 8.260000E+02 1.110000E+03 1.526000E+03
7.300000E-04 4.180000E+02 1.800000E+02 8.380000E+02 1.130000E+03 1.564000E+03
7.400000E-04 4.240000E+02 1.900000E+02 8.500000E+02 1.144000E+03 1.586000E+03
7.500000E-04 4.300000E+02 2.000000E+02 8.680000E+02 1.160000E+03 1.620000E+03
7.600000E-04 4.360000E+02 2.100000E+02 8.860000E+02 1.182000E+03 1.654000E+03
7.700000E-04 4.420000E+02 2.100000E+02 9.080000E+02 1.214000E+03 1.696000E+03
7.800000E-04 4.540000E+02 2.100000E+02 9.240000E+02 1.256000E+03 1.742000E+03
7.900000E-04 4.600000E+02 2.100000E+02 9.300000E+02 1.280000E+03 1.774000E+03
8.000000E-04 4.680000E+02 2.200000E+02 9.560000E+02 1.304000E+03 1.806000E+03
8.100000E-04 4.680000E+02 2.300000E+02 9.780000E+02 1.320000E+03 1.838000E+03
8.200000E-04 4.900000E+02 2.300000E+02 9.920000E+02 1.348000E+03 1.874000E+03
8.300000E-04 5.000000E+02 2.300000E+02 1.022000E+03 1.392000E+03 1.928000E+03
8.400000E-04 5.080000E+02 2.300000E+02 1.046000E+03 1.428000E+03 1.954000E+03
8.500000E-04 5.240000E+02 2.400000E+02 1.062000E+03 1.446000E+03 1.982000E+03
8.600000E-04 5.540000E+02 2.400000E+02 1.086000E+03 1.478000E+03 2.018000E+03
8.700000E-04 5.620000E+02 2.400000E+02 1.124000E+03 1.504000E+03 2.068000E+03
8.800000E-04 5.700000E+02 2.400000E+02 1.140000E+03 1.536000E+03 2.106000E+03
8.900000E-04 5.940000E+02 2.400000E+02 1.160000E+03 1.556000E+03 2.142000E+03
9.000000E-04 6.100000E+02 2.400000E+02 1.184000E+03 1.586000E+03 2.178000E+03
9.100000E-04 6.140000E+02 2.400000E+02 1.200000E+03 1.620000E+03 2.230000E+03
9.200000E-04 6.280000E+02 2.400000E+02 1.220000E+03 1.644000E+03 2.268000E+03
9.300000E-04 6.360000E+02 2.400000E+02 1.236000E+03 1.686000E+03 2.302000E+03
9.400000E-04 6.420000E+02 2.400000E+02 1.256000E+03 1.722000E+03 2.340000E+03
9.500000E-04 6.580000E+02 2.500000E+02 1.284000E+03 1.758000E+03 2.382000E+03
9.600000E-04 6.760000E+02 2.600000E+02 1.322000E+03 1.798000E+03 2.430000E+03
9.700000E-04 6.920000E+02 2.700000E+02 1.350000E+03 1.830000E+03 2.472000E+03
9.800000E-04 6.980000E+02 2.700000E+02 1.374000E+03 1.864000E+03 2.528000E+03
9.900000E-04 7.040000E+02 2.700000E+02 1.394000E+03 1.898000E+03 2.570000E+03
1.000000E-03 7.100000E+02 2.700000E+02 1.416000E+03 1.918000E+03 2.628000E+03
