time 'electrons_from_0.2_micromoles_Flavin' 'electrons_from_mtrC' 'electrons_from_0.45_micromoles_Flavin' 'electrons_from_0.75_micromoles_Flavin' 'electrons_from_1.2_micromoles_Flavin'
0.000000E+00 0.000000E+00 0.000000E+00 0.000000E+00 0.000000E+00 0.000000E+00
1.000000E-05 0.000000E+00 0.000000E+00 0.000000E+00 0.000000E+00 0.000000E+00
2.000000E-05 0.000000E+00 0.000000E+00 0.000000E+00 0.000000E+00 0.000000E+00
3.000000E-05 0.000000E+00 0.000000E+00 0.000000E+00 0.000000E+00 4.000000E+00
4.000000E-05 2.000000E+00 0.000000E+00 0.000000E+00 2.000000E+00 8.000000E+00
5.000000E-05 4.000000E+00 0.000000E+00 0.000000E+00 4.000000E+00 1.200000E+01
6.000000E-05 4.000000E+00 0.000000E+00 2.000000E+00 1.000000E+01 1.400000E+01
7.000000E-05 6.000000E+00 0.000000E+00 6.000000E+00 1.000000E+01 2.200000E+01
8.000000E-05 6.000000E+00 0.000000E+00 6.000000E+00 1.800000E+01 2.800000E+01
9.000000E-05 1.400000E+01 0.000000E+00 8.000000E+00 3.200000E+01 3.000000E+01
1.000000E-04 1.600000E+01 0.000000E+00 1.000000E+01 3.600000E+01 3.600000E+01
1.100000E-04 2.000000E+01 1.000000E+01 1.400000E+01 4.400000E+01 4.200000E+01
1.200000E-04 2.400000E+01 1.000000E+01 2.200000E+01 5.400000E+01 4.600000E+01
1.300000E-04 2.400000E+01 1.000000E+01 2.800000E+01 6.000000E+01 5.000000E+01
1.400000E-04 2.800000E+01 1.000000E+01 3.000000E+01 6.600000E+01 5.400000E+01
1.500000E-04 3.000000E+01 1.000000E+01 3.400000E+01 7.200000E+01 6.400000E+01
1.600000E-04 3.200000E+01 1.000000E+01 4.200000E+01 8.000000E+01 7.200000E+01
1.700000E-04 3.400000E+01 1.000000E+01 4.800000E+01 9.000000E+01 8.400000E+01
1.800000E-04 4.000000E+01 1.000000E+01 5.200000E+01 9.800000E+01 9.800000E+01
1.900000E-04 4.400000E+01 1.000000E+01 6.000000E+01 1.080000E+02 1.100000E+02
2.000000E-04 5.000000E+01 1.000000E+01 6.400000E+01 1.140000E+02 1.280000E+02
2.100000E-04 5.400000E+01 1.000000E+01 6.800000E+01 1.200000E+02 1.340000E+02
2.200000E-04 5.800000E+01 1.000000E+01 7.800000E+01 1.320000E+02 1.580000E+02
2.300000E-04 6.000000E+01 3.000000E+01 8.800000E+01 1.520000E+02 1.640000E+02
2.400000E-04 6.600000E+01 3.000000E+01 9.200000E+01 1.620000E+02 1.760000E+02
2.500000E-04 7.200000E+01 3.000000E+01 1.000000E+02 1.740000E+02 1.840000E+02
2.600000E-04 7.800000E+01 3.000000E+01 1.100000E+02 1.860000E+02 2.000000E+02
2.700000E-04 7.800000E+01 3.000000E+01 1.220000E+02 2.020000E+02 2.240000E+02
2.800000E-04 8.000000E+01 4.000000E+01 1.340000E+02 2.120000E+02 2.480000E+02
2.900000E-04 8.600000E+01 4.000000E+01 1.480000E+02 2.160000E+02 2.600000E+02
3.000000E-04 8.800000E+01 4.000000E+01 1.580000E+02 2.320000E+02 2.760000E+02
3.100000E-04 9.200000E+01 5.000000E+01 1.700000E+02 2.460000E+02 2.880000E+02
3.200000E-04 9.400000E+01 5.000000E+01 1.840000E+02 2.580000E+02 3.080000E+02
3.300000E-04 1.020000E+02 5.000000E+01 1.980000E+02 2.740000E+02 3.300000E+02
3.400000E-04 1.120000E+02 5.000000E+01 2.080000E+02 2.940000E+02 3.520000E+02
3.500000E-04 1.160000E+02 5.000000E+01 2.220000E+02 3.100000E+02 3.780000E+02
3.600000E-04 1.280000E+02 5.000000E+01 2.260000E+02 3.280000E+02 4.160000E+02
3.700000E-04 1.360000E+02 5.000000E+01 2.420000E+02 3.540000E+02 4.240000E+02
3.800000E-04 1.480000E+02 6.000000E+01 2.540000E+02 3.800000E+02 4.400000E+02
3.900000E-04 1.540000E+02 7.000000E+01 2.660000E+02 4.000000E+02 4.620000E+02
4.000000E-04 1.620000E+02 7.000000E+01 2.860000E+02 4.160000E+02 4.820000E+02
4.100000E-04 1.660000E+02 7.000000E+01 3.000000E+02 4.360000E+02 5.060000E+02
4.200000E-04 1.740000E+02 8.000000E+01 3.100000E+02 4.500000E+02 5.240000E+02
4.300000E-04 1.740000E+02 8.000000E+01 3.240000E+02 4.660000E+02 5.500000E+02
4.400000E-04 1.760000E+02 8.000000E+01 3.400000E+02 4.780000E+02 5.760000E+02
4.500000E-04 1.860000E+02 8.000000E+01 3.520000E+02 5.000000E+02 6.100000E+02
4.600000E-04 1.940000E+02 8.000000E+01 3.640000E+02 5.240000E+02 6.340000E+02
4.700000E-04 2.000000E+02 8.000000E+01 3.780000E+02 5.480000E+02 6.700000E+02
4.800000E-04 2.060000E+02 9.000000E+01 3.900000E+02 5.720000E+02 7.080000E+02
4.900000E-04 2.180000E+02 1.000000E+02 4.100000E+02 5.920000E+02 7.400000E+02
5.000000E-04 2.260000E+02 1.000000E+02 4.280000E+02 6.040000E+02 7.820000E+02
5.100000E-04 2.360000E+02 1.000000E+02 4.440000E+02 6.260000E+02 8.220000E+02
5.200000E-04 2.420000E+02 1.000000E+02 4.580000E+02 6.620000E+02 8.640000E+02
5.300000E-04 2.520000E+02 1.000000E+02 4.700000E+02 6.800000E+02 8.860000E+02
5.400000E-04 2.660000E+02 1.000000E+02 4.880000E+02 6.960000E+02 9.060000E+02
5.500000E-04 2.760000E+02 1.000000E+02 4.940000E+02 7.200000E+02 9.300000E+02
5.600000E-04 2.820000E+02 1.000000E+02 5.140000E+02 7.400000E+02 9.560000E+02
5.700000E-04 2.820000E+02 1.000000E+02 5.300000E+02 7.600000E+02 9.980000E+02
5.800000E-04 2.960000E+02 1.000000E+02 5.520000E+02 7.820000E+02 1.032000E+03
5.900000E-04 3.000000E+02 1.000000E+02 5.680000E+02 8.080000E+02 1.054000E+03
6.000000E-04 3.100000E+02 1.000000E+02 5.940000E+02 8.300000E+02 1.100000E+03
6.100000E-04 3.140000E+02 1.000000E+02 6.160000E+02 8.500000E+02 1.128000E+03
6.200000E-04 3.180000E+02 1.100000E+02 6.280000E+02 8.720000E+02 1.176000E+03
6.300000E-04 3.340000E+02 1.100000E+02 6.440000E+02 9.000000E+02 1.214000E+03
6.400000E-04 3.420000E+02 1.100000E+02 6.660000E+02 9.180000E+02 1.248000E+03
6.500000E-04 3.560000E+02 1.100000E+02 6.780000E+02 9.440000E+02 1.290000E+03
6.600000E-04 3.620000E+02 1.100000E+02 6.940000E+02 9.800000E+02 1.318000E+03
6.700000E-04 3.780000E+02 1.100000E+02 7.100000E+02 1.014000E+03 1.356000E+03
6.800000E-04 3.980000E+02 1.200000E+02 7.320000E+02 1.036000E+03 1.388000E+03
6.900000E-04 4.020000E+02 1.200000E+02 7.480000E+02 1.076000E+03 1.426000E+03
7.000000E-04 4.140000E+02 1.200000E+02 7.620000E+02 1.114000E+03 1.456000E+03
7.100000E-04 4.180000E+02 1.300000E+02 7.780000E+02 1.146000E+03 1.486000E+03
7.200000E-04 4.260000E+02 1.300000E+02 7.920000E+02 1.164000E+03 1.520000E+03
7.300000E-04 4.300000E+02 1.400000E+02 8.200000E+02 1.192000E+03 1.550000E+03
7.400000E-04 4.420000E+02 1.500000E+02 8.480000E+02 1.214000E+03 1.592000E+03
7.500000E-04 4.460000E+02 1.500000E+02 8.740000E+02 1.250000E+03 1.620000E+03
7.600000E-04 4.540000E+02 1.500000E+02 8.960000E+02 1.272000E+03 1.662000E+03
7.700000E-04 4.620000E+02 1.500000E+02 9.180000E+02 1.306000E+03 1.716000E+03
7.800000E-04 4.780000E+02 1.500000E+02 9.260000E+02 1.334000E+03 1.770000E+03
7.900000E-04 4.900000E+02 1.600000E+02 9.340000E+02 1.356000E+03 1.830000E+03
8.000000E-04 5.040000E+02 1.600000E+02 9.480000E+02 1.376000E+03 1.876000E+03
8.100000E-04 5.080000E+02 1.700000E+02 9.680000E+02 1.408000E+03 1.924000E+03
8.200000E-04 5.280000E+02 1.700000E+02 9.840000E+02 1.448000E+03 1.956000E+03
8.300000E-04 5.420000E+02 1.800000E+02 1.004000E+03 1.466000E+03 1.998000E+03
8.400000E-04 5.460000E+02 1.900000E+02 1.018000E+03 1.498000E+03 2.050000E+03
8.500000E-04 5.500000E+02 1.900000E+02 1.040000E+03 1.534000E+03 2.088000E+03
8.600000E-04 5.520000E+02 1.900000E+02 1.078000E+03 1.566000E+03 2.122000E+03
8.700000E-04 5.620000E+02 2.100000E+02 1.090000E+03 1.612000E+03 2.160000E+03
8.800000E-04 5.700000E+02 2.200000E+02 1.106000E+03 1.644000E+03 2.190000E+03
8.900000E-04 5.840000E+02 2.200000E+02 1.134000E+03 1.672000E+03 2.240000E+03
9.000000E-04 5.960000E+02 2.200000E+02 1.156000E+03 1.684000E+03 2.282000E+03
9.100000E-04 6.080000E+02 2.200000E+02 1.166000E+03 1.706000E+03 2.320000E+03
9.200000E-04 6.220000E+02 2.200000E+02 1.198000E+03 1.750000E+03 2.376000E+03
9.300000E-04 6.380000E+02 2.300000E+02 1.228000E+03 1.774000E+03 2.418000E+03
9.400000E-04 6.460000E+02 2.500000E+02 1.240000E+03 1.810000E+03 2.456000E+03
9.500000E-04 6.600000E+02 2.500000E+02 1.264000E+03 1.842000E+03 2.492000E+03
9.600000E-04 6.780000E+02 2.700000E+02 1.296000E+03 1.872000E+03 2.540000E+03
9.700000E-04 6.960000E+02 2.700000E+02 1.308000E+03 1.912000E+03 2.566000E+03
9.800000E-04 7.000000E+02 2.700000E+02 1.324000E+03 1.936000E+03 2.626000E+03
9.900000E-04 7.200000E+02 2.700000E+02 1.348000E+03 1.968000E+03 2.666000E+03
1.000000E-03 7.320000E+02 2.700000E+02 1.368000E+03 2.020000E+03 2.710000E+03
