time 'electrons_from_0.2_micromoles_Flavin' 'electrons_from_mtrC' 'electrons_from_0.45_micromoles_Flavin' 'electrons_from_0.75_micromoles_Flavin' 'electrons_from_1.2_micromoles_Flavin'
0.000000E+00 0.000000E+00 0.000000E+00 0.000000E+00 0.000000E+00 0.000000E+00
1.000000E-05 0.000000E+00 0.000000E+00 0.000000E+00 0.000000E+00 0.000000E+00
2.000000E-05 0.000000E+00 0.000000E+00 0.000000E+00 0.000000E+00 0.000000E+00
3.000000E-05 0.000000E+00 0.000000E+00 2.000000E+00 2.000000E+00 4.000000E+00
4.000000E-05 2.000000E+00 0.000000E+00 4.000000E+00 2.000000E+00 6.000000E+00
5.000000E-05 4.000000E+00 0.000000E+00 6.000000E+00 4.000000E+00 6.000000E+00
6.000000E-05 4.000000E+00 0.000000E+00 6.000000E+00 8.000000E+00 8.000000E+00
7.000000E-05 4.000000E+00 0.000000E+00 6.000000E+00 1.800000E+01 1.000000E+01
8.000000E-05 4.000000E+00 0.000000E+00 8.000000E+00 2.200000E+01 1.200000E+01
9.000000E-05 6.000000E+00 0.000000E+00 1.200000E+01 2.200000E+01 1.600000E+01
1.000000E-04 6.000000E+00 0.000000E+00 1.800000E+01 2.600000E+01 2.800000E+01
1.100000E-04 6.000000E+00 0.000000E+00 2.000000E+01 3.200000E+01 3.400000E+01
1.200000E-04 8.000000E+00 0.000000E+00 2.400000E+01 3.400000E+01 4.200000E+01
1.300000E-04 1.000000E+01 0.000000E+00 3.000000E+01 4.200000E+01 4.600000E+01
1.400000E-04 1.600000E+01 0.000000E+00 3.200000E+01 4.400000E+01 5.000000E+01
1.500000E-04 1.800000E+01 0.000000E+00 4.000000E+01 5.000000E+01 5.800000E+01
1.600000E-04 2.200000E+01 0.000000E+00 5.000000E+01 6.000000E+01 6.800000E+01
1.700000E-04 2.400000E+01 2.000000E+01 5.800000E+01 7.600000E+01 8.000000E+01
1.800000E-04 2.800000E+01 2.000000E+01 6.600000E+01 8.600000E+01 9.000000E+01
1.900000E-04 3.800000E+01 2.000000E+01 7.200000E+01 9.600000E+01 1.040000E+02
2.000000E-04 4.000000E+01 2.000000E+01 8.000000E+01 1.100000E+02 1.120000E+02
2.100000E-04 4.000000E+01 2.000000E+01 8.600000E+01 1.160000E+02 1.300000E+02
2.200000E-04 4.200000E+01 3.000000E+01 9.400000E+01 1.240000E+02 1.340000E+02
2.300000E-04 4.600000E+01 3.000000E+01 1.040000E+02 1.420000E+02 1.500000E+02
2.400000E-04 5.000000E+01 3.000000E+01 1.060000E+02 1.580000E+02 1.660000E+02
2.500000E-04 5.200000E+01 3.000000E+01 1.060000E+02 1.660000E+02 1.860000E+02
2.600000E-04 5.600000E+01 3.000000E+01 1.160000E+02 1.760000E+02 2.040000E+02
2.700000E-04 5.600000E+01 3.000000E+01 1.240000E+02 1.920000E+02 2.280000E+02
2.800000E-04 6.200000E+01 3.000000E+01 1.340000E+02 2.060000E+02 2.380000E+02
2.900000E-04 7.200000E+01 3.000000E+01 1.400000E+02 2.180000E+02 2.540000E+02
3.000000E-04 8.400000E+01 3.000000E+01 1.500000E+02 2.340000E+02 2.620000E+02
3.100000E-04 8.400000E+01 3.000000E+01 1.620000E+02 2.520000E+02 2.700000E+02
3.200000E-04 9.200000E+01 3.000000E+01 1.720000E+02 2.640000E+02 3.000000E+02
3.300000E-04 9.600000E+01 3.000000E+01 1.800000E+02 2.720000E+02 3.160000E+02
3.400000E-04 1.000000E+02 4.000000E+01 1.900000E+02 2.860000E+02 3.360000E+02
3.500000E-04 1.000000E+02 4.000000E+01 2.000000E+02 3.000000E+02 3.560000E+02
3.600000E-04 1.020000E+02 4.000000E+01 2.180000E+02 3.160000E+02 3.680000E+02
3.700000E-04 1.080000E+02 4.000000E+01 2.300000E+02 3.340000E+02 3.920000E+02
3.800000E-04 1.120000E+02 4.000000E+01 2.340000E+02 3.440000E+02 4.220000E+02
3.900000E-04 1.180000E+02 4.000000E+01 2.440000E+02 3.640000E+02 4.500000E+02
4.000000E-04 1.220000E+02 4.000000E+01 2.560000E+02 3.800000E+02 4.680000E+02
4.100000E-04 1.300000E+02 4.000000E+01 2.660000E+02 3.980000E+02 5.080000E+02
4.200000E-04 1.320000E+02 4.000000E+01 2.780000E+02 4.220000E+02 5.360000E+02
4.300000E-04 1.420000E+02 4.000000E+01 2.860000E+02 4.440000E+02 5.560000E+02
4.400000E-04 1.460000E+02 4.000000E+01 3.080000E+02 4.600000E+02 5.820000E+02
4.500000E-04 1.520000E+02 4.000000E+01 3.260000E+02 4.720000E+02 6.120000E+02
4.600000E-04 1.540000E+02 4.000000E+01 3.340000E+02 4.920000E+02 6.280000E+02
4.700000E-04 1.620000E+02 4.000000E+01 3.520000E+02 5.060000E+02 6.680000E+02
4.800000E-04 1.640000E+02 4.000000E+01 3.620000E+02 5.320000E+02 7.040000E+02
4.900000E-04 1.720000E+02 4.000000E+01 3.780000E+02 5.500000E+02 7.220000E+02
5.000000E-04 1.780000E+02 4.000000E+01 3.860000E+02 5.660000E+02 7.580000E+02
5.100000E-04 1.840000E+02 6.000000E+01 3.960000E+02 5.780000E+02 7.800000E+02
5.200000E-04 1.960000E+02 6.000000E+01 4.140000E+02 5.940000E+02 7.980000E+02
5.300000E-04 2.040000E+02 6.000000E+01 4.220000E+02 6.120000E+02 8.280000E+02
5.400000E-04 2.080000E+02 6.000000E+01 4.420000E+02 6.260000E+02 8.540000E+02
5.500000E-04 2.200000E+02 6.000000E+01 4.580000E+02 6.460000E+02 8.860000E+02
5.600000E-04 2.320000E+02 6.000000E+01 4.680000E+02 6.720000E+02 9.260000E+02
5.700000E-04 2.420000E+02 8.000000E+01 4.880000E+02 7.060000E+02 9.720000E+02
5.800000E-04 2.500000E+02 8.000000E+01 5.000000E+02 7.260000E+02 1.008000E+03
5.900000E-04 2.620000E+02 8.000000E+01 5.160000E+02 7.540000E+02 1.044000E+03
6.000000E-04 2.740000E+02 8.000000E+01 5.380000E+02 7.800000E+02 1.066000E+03
6.100000E-04 2.860000E+02 8.000000E+01 5.560000E+02 8.000000E+02 1.086000E+03
6.200000E-04 2.900000E+02 8.000000E+01 5.660000E+02 8.160000E+02 1.120000E+03
6.300000E-04 2.980000E+02 8.000000E+01 5.800000E+02 8.420000E+02 1.164000E+03
6.400000E-04 3.040000E+02 9.000000E+01 6.000000E+02 8.660000E+02 1.208000E+03
6.500000E-04 3.100000E+02 9.000000E+01 6.080000E+02 8.940000E+02 1.238000E+03
6.600000E-04 3.120000E+02 9.000000E+01 6.200000E+02 9.080000E+02 1.274000E+03
6.700000E-04 3.200000E+02 9.000000E+01 6.340000E+02 9.340000E+02 1.298000E+03
6.800000E-04 3.260000E+02 9.000000E+01 6.600000E+02 9.540000E+02 1.348000E+03
6.900000E-04 3.360000E+02 1.000000E+02 6.700000E+02 9.760000E+02 1.388000E+03
7.000000E-04 3.520000E+02 1.000000E+02 6.840000E+02 9.920000E+02 1.430000E+03
7.100000E-04 3.580000E+02 1.100000E+02 7.120000E+02 1.028000E+03 1.480000E+03
7.200000E-04 3.780000E+02 1.100000E+02 7.280000E+02 1.056000E+03 1.502000E+03
7.300000E-04 3.820000E+02 1.100000E+02 7.400000E+02 1.076000E+03 1.530000E+03
7.400000E-04 3.860000E+02 1.100000E+02 7.560000E+02 1.112000E+03 1.556000E+03
7.500000E-04 4.020000E+02 1.100000E+02 7.700000E+02 1.144000E+03 1.600000E+03
7.600000E-04 4.160000E+02 1.100000E+02 7.880000E+02 1.164000E+03 1.626000E+03
7.700000E-04 4.200000E+02 1.100000E+02 8.160000E+02 1.194000E+03 1.658000E+03
7.800000E-04 4.320000E+02 1.100000E+02 8.440000E+02 1.236000E+03 1.700000E+03
7.900000E-04 4.480000E+02 1.100000E+02 8.660000E+02 1.280000E+03 1.740000E+03
8.000000E-04 4.640000E+02 1.100000E+02 8.920000E+02 1.308000E+03 1.756000E+03
8.100000E-04 4.700000E+02 1.100000E+02 9.140000E+02 1.326000E+03 1.794000E+03
8.200000E-04 4.820000E+02 1.100000E+02 9.380000E+02 1.350000E+03 1.832000E+03
8.300000E-04 4.960000E+02 1.200000E+02 9.640000E+02 1.378000E+03 1.864000E+03
8.400000E-04 5.040000E+02 1.200000E+02 9.840000E+02 1.410000E+03 1.926000E+03
8.500000E-04 5.160000E+02 1.200000E+02 1.014000E+03 1.436000E+03 1.980000E+03
8.600000E-04 5.280000E+02 1.200000E+02 1.030000E+03 1.460000E+03 2.014000E+03
8.700000E-04 5.400000E+02 1.300000E+02 1.050000E+03 1.500000E+03 2.054000E+03
8.800000E-04 5.540000E+02 1.300000E+02 1.066000E+03 1.532000E+03 2.120000E+03
8.900000E-04 5.560000E+02 1.300000E+02 1.092000E+03 1.558000E+03 2.158000E+03
9.000000E-04 5.640000E+02 1.300000E+02 1.116000E+03 1.588000E+03 2.200000E+03
9.100000E-04 5.760000E+02 1.300000E+02 1.136000E+03 1.614000E+03 2.234000E+03
9.200000E-04 5.880000E+02 1.300000E+02 1.154000E+03 1.644000E+03 2.282000E+03
9.300000E-04 6.000000E+02 1.300000E+02 1.170000E+03 1.678000E+03 2.344000E+03
9.400000E-04 6.180000E+02 1.300000E+02 1.192000E+03 1.720000E+03 2.400000E+03
9.500000E-04 6.240000E+02 1.300000E+02 1.214000E+03 1.742000E+03 2.452000E+03
9.600000E-04 6.340000E+02 1.300000E+02 1.236000E+03 1.780000E+03 2.502000E+03
9.700000E-04 6.520000E+02 1.400000E+02 1.258000E+03 1.820000E+03 2.532000E+03
9.800000E-04 6.680000E+02 1.500000E+02 1.292000E+03 1.848000E+03 2.582000E+03
9.900000E-04 6.820000E+02 1.500000E+02 1.316000E+03 1.876000E+03 2.636000E+03
1.000000E-03 7.000000E+02 1.500000E+02 1.354000E+03 1.902000E+03 2.664000E+03
