time 'microParticles_with_electrons_from_Flavin' 'microParticles_with_electrons_from_mtrC' 'nanoParticles_with_electrons_from_Flavin' 'nanoParticles_with_electrons_from_mtrC'
0.000000E+00 0.000000E+00 0.000000E+00 0.000000E+00 0.000000E+00
1.000000E-05 0.000000E+00 0.000000E+00 6.000000E+00 0.000000E+00
2.000000E-05 0.000000E+00 0.000000E+00 2.800000E+01 0.000000E+00
3.000000E-05 0.000000E+00 0.000000E+00 4.400000E+01 0.000000E+00
4.000000E-05 0.000000E+00 0.000000E+00 8.200000E+01 0.000000E+00
5.000000E-05 0.000000E+00 0.000000E+00 1.200000E+02 1.000000E+01
6.000000E-05 0.000000E+00 0.000000E+00 1.700000E+02 1.000000E+01
7.000000E-05 1.000000E+01 0.000000E+00 2.040000E+02 2.000000E+01
8.000000E-05 1.200000E+01 0.000000E+00 2.420000E+02 4.000000E+01
9.000000E-05 1.400000E+01 1.000000E+01 2.840000E+02 6.000000E+01
1.000000E-04 1.400000E+01 1.000000E+01 3.240000E+02 7.000000E+01
1.100000E-04 1.800000E+01 1.000000E+01 3.560000E+02 7.000000E+01
1.200000E-04 2.200000E+01 1.000000E+01 3.880000E+02 8.000000E+01
1.300000E-04 2.600000E+01 1.000000E+01 4.200000E+02 8.000000E+01
1.400000E-04 3.000000E+01 2.000000E+01 4.740000E+02 8.000000E+01
1.500000E-04 3.200000E+01 2.000000E+01 5.060000E+02 9.000000E+01
1.600000E-04 3.800000E+01 2.000000E+01 5.480000E+02 1.000000E+02
1.700000E-04 3.800000E+01 2.000000E+01 5.920000E+02 1.100000E+02
1.800000E-04 4.600000E+01 2.000000E+01 6.260000E+02 1.100000E+02
1.900000E-04 5.400000E+01 2.000000E+01 6.660000E+02 1.400000E+02
2.000000E-04 5.800000E+01 3.000000E+01 7.280000E+02 1.400000E+02
2.100000E-04 6.400000E+01 3.000000E+01 7.640000E+02 1.700000E+02
2.200000E-04 6.800000E+01 3.000000E+01 7.920000E+02 1.800000E+02
2.300000E-04 7.400000E+01 3.000000E+01 8.420000E+02 1.900000E+02
2.400000E-04 7.800000E+01 3.000000E+01 8.860000E+02 1.900000E+02
2.500000E-04 8.600000E+01 3.000000E+01 9.140000E+02 1.900000E+02
2.600000E-04 1.060000E+02 3.000000E+01 9.640000E+02 2.300000E+02
2.700000E-04 1.080000E+02 3.000000E+01 1.006000E+03 2.300000E+02
2.800000E-04 1.260000E+02 3.000000E+01 1.066000E+03 2.400000E+02
2.900000E-04 1.420000E+02 3.000000E+01 1.102000E+03 2.500000E+02
3.000000E-04 1.580000E+02 3.000000E+01 1.132000E+03 2.800000E+02
3.100000E-04 1.720000E+02 3.000000E+01 1.178000E+03 2.900000E+02
3.200000E-04 1.800000E+02 6.000000E+01 1.222000E+03 3.100000E+02
3.300000E-04 1.880000E+02 6.000000E+01 1.266000E+03 3.100000E+02
3.400000E-04 2.040000E+02 6.000000E+01 1.300000E+03 3.100000E+02
3.500000E-04 2.160000E+02 6.000000E+01 1.348000E+03 3.300000E+02
3.600000E-04 2.320000E+02 7.000000E+01 1.394000E+03 3.300000E+02
3.700000E-04 2.440000E+02 7.000000E+01 1.432000E+03 3.300000E+02
3.800000E-04 2.500000E+02 7.000000E+01 1.476000E+03 3.400000E+02
3.900000E-04 2.640000E+02 7.000000E+01 1.526000E+03 3.500000E+02
4.000000E-04 2.720000E+02 8.000000E+01 1.582000E+03 3.500000E+02
4.100000E-04 2.840000E+02 8.000000E+01 1.620000E+03 3.500000E+02
4.200000E-04 3.060000E+02 9.000000E+01 1.658000E+03 3.700000E+02
4.300000E-04 3.220000E+02 9.000000E+01 1.706000E+03 3.800000E+02
4.400000E-04 3.420000E+02 9.000000E+01 1.748000E+03 3.800000E+02
4.500000E-04 3.520000E+02 9.000000E+01 1.792000E+03 3.800000E+02
4.600000E-04 3.680000E+02 9.000000E+01 1.834000E+03 4.000000E+02
4.700000E-04 3.860000E+02 1.000000E+02 1.872000E+03 4.000000E+02
4.800000E-04 3.940000E+02 1.000000E+02 1.904000E+03 4.100000E+02
4.900000E-04 4.120000E+02 1.100000E+02 1.952000E+03 4.400000E+02
5.000000E-04 4.300000E+02 1.100000E+02 1.988000E+03 4.400000E+02
5.100000E-04 4.500000E+02 1.100000E+02 2.044000E+03 4.400000E+02
5.200000E-04 4.780000E+02 1.100000E+02 2.094000E+03 4.400000E+02
5.300000E-04 4.920000E+02 1.100000E+02 2.138000E+03 4.600000E+02
5.400000E-04 5.020000E+02 1.100000E+02 2.164000E+03 4.600000E+02
5.500000E-04 5.300000E+02 1.100000E+02 2.202000E+03 4.600000E+02
5.600000E-04 5.460000E+02 1.100000E+02 2.252000E+03 4.600000E+02
5.700000E-04 5.620000E+02 1.100000E+02 2.288000E+03 4.600000E+02
5.800000E-04 5.800000E+02 1.200000E+02 2.324000E+03 4.700000E+02
5.900000E-04 6.040000E+02 1.200000E+02 2.358000E+03 4.700000E+02
6.000000E-04 6.280000E+02 1.300000E+02 2.402000E+03 4.800000E+02
6.100000E-04 6.380000E+02 1.400000E+02 2.436000E+03 4.900000E+02
6.200000E-04 6.580000E+02 1.500000E+02 2.482000E+03 5.000000E+02
6.300000E-04 6.780000E+02 1.600000E+02 2.518000E+03 5.000000E+02
6.400000E-04 6.940000E+02 1.700000E+02 2.562000E+03 5.100000E+02
6.500000E-04 7.260000E+02 1.700000E+02 2.608000E+03 5.100000E+02
6.600000E-04 7.480000E+02 1.800000E+02 2.644000E+03 5.200000E+02
6.700000E-04 7.580000E+02 1.800000E+02 2.684000E+03 5.300000E+02
6.800000E-04 7.700000E+02 1.800000E+02 2.702000E+03 5.300000E+02
6.900000E-04 7.940000E+02 1.800000E+02 2.736000E+03 5.300000E+02
7.000000E-04 8.200000E+02 1.800000E+02 2.766000E+03 5.300000E+02
7.100000E-04 8.320000E+02 1.800000E+02 2.820000E+03 5.300000E+02
7.200000E-04 8.460000E+02 1.900000E+02 2.860000E+03 5.400000E+02
7.300000E-04 8.580000E+02 2.000000E+02 2.904000E+03 5.500000E+02
7.400000E-04 8.880000E+02 2.100000E+02 2.948000E+03 5.600000E+02
7.500000E-04 9.100000E+02 2.100000E+02 2.984000E+03 5.600000E+02
7.600000E-04 9.340000E+02 2.100000E+02 3.020000E+03 5.700000E+02
7.700000E-04 9.580000E+02 2.100000E+02 3.054000E+03 5.700000E+02
7.800000E-04 9.800000E+02 2.100000E+02 3.094000E+03 6.000000E+02
7.900000E-04 1.008000E+03 2.200000E+02 3.148000E+03 6.000000E+02
8.000000E-04 1.028000E+03 2.200000E+02 3.180000E+03 6.300000E+02
8.100000E-04 1.048000E+03 2.200000E+02 3.226000E+03 6.500000E+02
8.200000E-04 1.070000E+03 2.300000E+02 3.264000E+03 6.600000E+02
8.300000E-04 1.088000E+03 2.300000E+02 3.310000E+03 6.600000E+02
8.400000E-04 1.102000E+03 2.300000E+02 3.348000E+03 6.700000E+02
8.500000E-04 1.122000E+03 2.300000E+02 3.390000E+03 6.700000E+02
8.600000E-04 1.146000E+03 2.400000E+02 3.428000E+03 6.700000E+02
8.700000E-04 1.184000E+03 2.400000E+02 3.484000E+03 6.900000E+02
8.800000E-04 1.196000E+03 2.400000E+02 3.514000E+03 6.900000E+02
8.900000E-04 1.216000E+03 2.400000E+02 3.548000E+03 6.900000E+02
9.000000E-04 1.234000E+03 2.500000E+02 3.588000E+03 7.000000E+02
9.100000E-04 1.254000E+03 2.500000E+02 3.636000E+03 7.300000E+02
9.200000E-04 1.280000E+03 2.500000E+02 3.674000E+03 7.500000E+02
9.300000E-04 1.306000E+03 2.500000E+02 3.706000E+03 7.500000E+02
9.400000E-04 1.324000E+03 2.500000E+02 3.750000E+03 7.800000E+02
9.500000E-04 1.342000E+03 2.500000E+02 3.782000E+03 7.900000E+02
9.600000E-04 1.372000E+03 2.600000E+02 3.820000E+03 7.900000E+02
9.700000E-04 1.394000E+03 2.600000E+02 3.864000E+03 8.100000E+02
9.800000E-04 1.416000E+03 2.700000E+02 3.898000E+03 8.100000E+02
9.900000E-04 1.440000E+03 2.700000E+02 3.926000E+03 8.200000E+02
1.000000E-03 1.464000E+03 2.700000E+02 3.954000E+03 8.400000E+02
