time 'electrons_given_to_SolubleIron' 'electrons_given_to_mtrB' '10XNapC-electrons_given_to_SolubleIron' '10XNapC-electrons_given_to_mtrB'
0.000000E+00 0.000000E+00 0.000000E+00 0.000000E+00 0.000000E+00
1.000000E-04 4.700000E+01 0.000000E+00 3.930000E+02 0.000000E+00
2.000000E-04 2.730000E+02 0.000000E+00 1.741000E+03 0.000000E+00
3.000000E-04 6.470000E+02 1.400000E+01 3.818000E+03 5.900000E+01
4.000000E-04 1.118000E+03 2.500000E+01 6.336000E+03 1.470000E+02
5.000000E-04 1.652000E+03 4.300000E+01 8.968000E+03 2.880000E+02
6.000000E-04 2.216000E+03 1.180000E+02 1.166200E+04 4.180000E+02
7.000000E-04 2.789000E+03 1.590000E+02 1.451600E+04 5.910000E+02
8.000000E-04 3.380000E+03 1.970000E+02 1.743200E+04 6.910000E+02
9.000000E-04 3.936000E+03 2.550000E+02 2.021000E+04 8.520000E+02
1.000000E-03 4.517000E+03 3.300000E+02 2.299900E+04 9.660000E+02
1.100000E-03 5.064000E+03 3.770000E+02 2.581000E+04 1.167000E+03
1.200000E-03 5.597000E+03 4.260000E+02 2.863100E+04 1.306000E+03
1.300000E-03 6.125000E+03 4.830000E+02 3.135300E+04 1.458000E+03
1.400000E-03 6.663000E+03 5.300000E+02 3.407700E+04 1.598000E+03
1.500000E-03 7.232000E+03 5.820000E+02 3.688600E+04 1.717000E+03
1.600000E-03 7.794000E+03 6.300000E+02 3.962600E+04 1.854000E+03
1.700000E-03 8.350000E+03 6.730000E+02 4.246600E+04 1.961000E+03
1.800000E-03 8.936000E+03 7.500000E+02 4.519100E+04 2.059000E+03
1.900000E-03 9.535000E+03 8.070000E+02 4.801000E+04 2.233000E+03
2.000000E-03 1.015400E+04 8.460000E+02 5.078400E+04 2.380000E+03
2.100000E-03 1.076600E+04 9.040000E+02 5.365800E+04 2.524000E+03
2.200000E-03 1.138400E+04 9.320000E+02 5.644600E+04 2.623000E+03
2.300000E-03 1.205000E+04 9.730000E+02 5.932600E+04 2.770000E+03
2.400000E-03 1.263300E+04 1.060000E+03 6.213200E+04 2.907000E+03
2.500000E-03 1.323400E+04 1.106000E+03 6.490200E+04 3.060000E+03
2.600000E-03 1.381300E+04 1.177000E+03 6.775100E+04 3.196000E+03
2.700000E-03 1.437900E+04 1.270000E+03 7.054500E+04 3.356000E+03
2.800000E-03 1.494300E+04 1.319000E+03 7.337400E+04 3.498000E+03
2.900000E-03 1.549500E+04 1.346000E+03 7.612400E+04 3.609000E+03
3.000000E-03 1.605000E+04 1.379000E+03 7.898400E+04 3.769000E+03
3.100000E-03 1.661900E+04 1.414000E+03 8.183900E+04 3.895000E+03
3.200000E-03 1.726300E+04 1.500000E+03 8.484600E+04 4.068000E+03
3.300000E-03 1.793000E+04 1.558000E+03 8.769000E+04 4.221000E+03
3.400000E-03 1.847300E+04 1.601000E+03 9.053600E+04 4.325000E+03
3.500000E-03 1.903700E+04 1.657000E+03 9.338600E+04 4.495000E+03
3.600000E-03 1.956100E+04 1.751000E+03 9.623700E+04 4.638000E+03
3.700000E-03 2.009600E+04 1.814000E+03 9.909700E+04 4.766000E+03
3.800000E-03 2.062700E+04 1.871000E+03 1.018830E+05 4.924000E+03
3.900000E-03 2.117200E+04 1.940000E+03 1.048190E+05 5.056000E+03
4.000000E-03 2.171100E+04 2.022000E+03 1.075790E+05 5.239000E+03
4.100000E-03 2.224400E+04 2.064000E+03 1.103260E+05 5.415000E+03
4.200000E-03 2.281800E+04 2.112000E+03 1.130980E+05 5.540000E+03
4.300000E-03 2.339500E+04 2.139000E+03 1.158890E+05 5.662000E+03
4.400000E-03 2.399900E+04 2.186000E+03 1.187440E+05 5.808000E+03
4.500000E-03 2.460800E+04 2.263000E+03 1.215920E+05 5.953000E+03
4.600000E-03 2.524300E+04 2.358000E+03 1.244510E+05 6.069000E+03
4.700000E-03 2.580700E+04 2.442000E+03 1.272520E+05 6.222000E+03
4.800000E-03 2.638000E+04 2.543000E+03 1.300910E+05 6.410000E+03
4.900000E-03 2.697400E+04 2.592000E+03 1.329750E+05 6.528000E+03
5.000000E-03 2.752800E+04 2.623000E+03 1.357970E+05 6.630000E+03
5.100000E-03 2.805200E+04 2.715000E+03 1.385870E+05 6.816000E+03
5.200000E-03 2.863300E+04 2.774000E+03 1.414020E+05 6.974000E+03
5.300000E-03 2.915000E+04 2.824000E+03 1.442270E+05 7.126000E+03
5.400000E-03 2.969300E+04 2.908000E+03 1.470230E+05 7.258000E+03
5.500000E-03 3.022200E+04 2.971000E+03 1.498210E+05 7.370000E+03
5.600000E-03 3.088600E+04 3.051000E+03 1.526620E+05 7.541000E+03
5.700000E-03 3.146000E+04 3.077000E+03 1.554120E+05 7.667000E+03
5.800000E-03 3.196800E+04 3.100000E+03 1.582060E+05 7.787000E+03
5.900000E-03 3.247000E+04 3.163000E+03 1.610050E+05 8.001000E+03
6.000000E-03 3.309300E+04 3.242000E+03 1.637130E+05 8.135000E+03
6.100000E-03 3.363100E+04 3.287000E+03 1.664110E+05 8.255000E+03
6.200000E-03 3.418500E+04 3.362000E+03 1.691740E+05 8.391000E+03
6.300000E-03 3.471800E+04 3.442000E+03 1.719270E+05 8.518000E+03
6.400000E-03 3.531000E+04 3.491000E+03 1.748290E+05 8.707000E+03
6.500000E-03 3.589700E+04 3.529000E+03 1.776020E+05 8.854000E+03
6.600000E-03 3.648300E+04 3.583000E+03 1.804710E+05 8.995000E+03
6.700000E-03 3.705100E+04 3.609000E+03 1.832790E+05 9.110000E+03
6.800000E-03 3.761000E+04 3.644000E+03 1.862020E+05 9.262000E+03
6.900000E-03 3.817500E+04 3.723000E+03 1.891090E+05 9.402000E+03
7.000000E-03 3.877100E+04 3.757000E+03 1.920080E+05 9.517000E+03
7.100000E-03 3.937900E+04 3.811000E+03 1.947750E+05 9.705000E+03
7.200000E-03 3.998200E+04 3.853000E+03 1.977150E+05 9.837000E+03
7.300000E-03 4.058000E+04 3.911000E+03 2.004530E+05 9.956000E+03
7.400000E-03 4.116800E+04 3.978000E+03 2.033880E+05 1.011100E+04
7.500000E-03 4.176600E+04 4.021000E+03 2.062020E+05 1.028100E+04
7.600000E-03 4.230600E+04 4.092000E+03 2.089770E+05 1.039800E+04
7.700000E-03 4.287600E+04 4.161000E+03 2.116960E+05 1.052800E+04
7.800000E-03 4.345100E+04 4.219000E+03 2.144940E+05 1.066300E+04
7.900000E-03 4.404400E+04 4.232000E+03 2.173990E+05 1.081000E+04
8.000000E-03 4.471700E+04 4.324000E+03 2.202300E+05 1.096500E+04
8.100000E-03 4.533600E+04 4.390000E+03 2.231370E+05 1.108500E+04
8.200000E-03 4.593600E+04 4.466000E+03 2.260040E+05 1.119100E+04
8.300000E-03 4.652500E+04 4.505000E+03 2.287830E+05 1.139700E+04
8.400000E-03 4.708100E+04 4.552000E+03 2.316500E+05 1.149300E+04
8.500000E-03 4.765500E+04 4.622000E+03 2.344850E+05 1.166300E+04
8.600000E-03 4.823600E+04 4.706000E+03 2.372860E+05 1.181700E+04
8.700000E-03 4.884400E+04 4.749000E+03 2.400980E+05 1.196600E+04
8.800000E-03 4.946200E+04 4.827000E+03 2.429310E+05 1.213000E+04
8.900000E-03 5.017000E+04 4.884000E+03 2.457250E+05 1.224100E+04
9.000000E-03 5.083400E+04 4.929000E+03 2.485380E+05 1.238300E+04
9.100000E-03 5.143300E+04 4.978000E+03 2.513200E+05 1.249100E+04
9.200000E-03 5.194400E+04 5.012000E+03 2.541390E+05 1.265500E+04
9.300000E-03 5.244400E+04 5.048000E+03 2.569680E+05 1.282300E+04
9.400000E-03 5.299900E+04 5.098000E+03 2.597000E+05 1.303600E+04
9.500000E-03 5.359900E+04 5.158000E+03 2.625800E+05 1.317400E+04
9.600000E-03 5.423100E+04 5.225000E+03 2.654270E+05 1.332100E+04
9.700000E-03 5.480300E+04 5.289000E+03 2.682330E+05 1.344100E+04
9.800000E-03 5.534200E+04 5.376000E+03 2.710510E+05 1.356000E+04
9.900000E-03 5.589200E+04 5.401000E+03 2.739270E+05 1.371000E+04
1.000000E-02 5.649200E+04 5.495000E+03 2.767910E+05 1.383100E+04
