time 'electrons_given_to_SolubleIron' 'electrons_given_to_mtrB' '10XNapC-electrons_given_to_SolubleIron' '10XNapC-electrons_given_to_mtrB'
0.000000E+00 0.000000E+00 0.000000E+00 0.000000E+00 0.000000E+00
1.000000E-04 3.500000E+01 0.000000E+00 3.660000E+02 0.000000E+00
2.000000E-04 1.920000E+02 0.000000E+00 1.717000E+03 0.000000E+00
3.000000E-04 5.000000E+02 0.000000E+00 3.877000E+03 6.600000E+01
4.000000E-04 9.480000E+02 3.800000E+01 6.479000E+03 1.930000E+02
5.000000E-04 1.458000E+03 7.200000E+01 9.277000E+03 3.830000E+02
6.000000E-04 1.990000E+03 1.300000E+02 1.220600E+04 5.090000E+02
7.000000E-04 2.583000E+03 1.770000E+02 1.515000E+04 6.180000E+02
8.000000E-04 3.193000E+03 2.330000E+02 1.801300E+04 7.690000E+02
9.000000E-04 3.820000E+03 2.870000E+02 2.080100E+04 9.030000E+02
1.000000E-03 4.414000E+03 3.400000E+02 2.364800E+04 1.088000E+03
1.100000E-03 4.974000E+03 3.900000E+02 2.652400E+04 1.199000E+03
1.200000E-03 5.578000E+03 4.730000E+02 2.928200E+04 1.342000E+03
1.300000E-03 6.112000E+03 5.270000E+02 3.202300E+04 1.537000E+03
1.400000E-03 6.628000E+03 5.570000E+02 3.485200E+04 1.699000E+03
1.500000E-03 7.109000E+03 6.200000E+02 3.774800E+04 1.786000E+03
1.600000E-03 7.663000E+03 6.680000E+02 4.046500E+04 1.932000E+03
1.700000E-03 8.220000E+03 7.090000E+02 4.324800E+04 2.100000E+03
1.800000E-03 8.759000E+03 7.680000E+02 4.602200E+04 2.266000E+03
1.900000E-03 9.261000E+03 8.250000E+02 4.874100E+04 2.426000E+03
2.000000E-03 9.795000E+03 8.690000E+02 5.153500E+04 2.521000E+03
2.100000E-03 1.034100E+04 8.940000E+02 5.445200E+04 2.642000E+03
2.200000E-03 1.088000E+04 9.640000E+02 5.734800E+04 2.790000E+03
2.300000E-03 1.147100E+04 1.037000E+03 6.007300E+04 2.941000E+03
2.400000E-03 1.206800E+04 1.136000E+03 6.290100E+04 3.077000E+03
2.500000E-03 1.266800E+04 1.235000E+03 6.576500E+04 3.171000E+03
2.600000E-03 1.321900E+04 1.285000E+03 6.861400E+04 3.284000E+03
2.700000E-03 1.376800E+04 1.359000E+03 7.148700E+04 3.430000E+03
2.800000E-03 1.434100E+04 1.420000E+03 7.435900E+04 3.524000E+03
2.900000E-03 1.484900E+04 1.510000E+03 7.714800E+04 3.723000E+03
3.000000E-03 1.543500E+04 1.551000E+03 8.005000E+04 3.876000E+03
3.100000E-03 1.600700E+04 1.583000E+03 8.298800E+04 4.013000E+03
3.200000E-03 1.658600E+04 1.635000E+03 8.584400E+04 4.128000E+03
3.300000E-03 1.716500E+04 1.690000E+03 8.871700E+04 4.280000E+03
3.400000E-03 1.771800E+04 1.783000E+03 9.157100E+04 4.401000E+03
3.500000E-03 1.829700E+04 1.844000E+03 9.445100E+04 4.568000E+03
3.600000E-03 1.887200E+04 1.914000E+03 9.719900E+04 4.747000E+03
3.700000E-03 1.938600E+04 1.982000E+03 1.000280E+05 4.850000E+03
3.800000E-03 1.989200E+04 2.040000E+03 1.027980E+05 4.991000E+03
3.900000E-03 2.048400E+04 2.087000E+03 1.055790E+05 5.156000E+03
4.000000E-03 2.105800E+04 2.142000E+03 1.083610E+05 5.324000E+03
4.100000E-03 2.158900E+04 2.191000E+03 1.110660E+05 5.481000E+03
4.200000E-03 2.219100E+04 2.252000E+03 1.139070E+05 5.580000E+03
4.300000E-03 2.274800E+04 2.298000E+03 1.167690E+05 5.728000E+03
4.400000E-03 2.333700E+04 2.346000E+03 1.195470E+05 5.869000E+03
4.500000E-03 2.392400E+04 2.396000E+03 1.222680E+05 5.963000E+03
4.600000E-03 2.446300E+04 2.436000E+03 1.250410E+05 6.113000E+03
4.700000E-03 2.501800E+04 2.487000E+03 1.278790E+05 6.266000E+03
4.800000E-03 2.553600E+04 2.559000E+03 1.306600E+05 6.449000E+03
4.900000E-03 2.604700E+04 2.602000E+03 1.334930E+05 6.597000E+03
5.000000E-03 2.659200E+04 2.671000E+03 1.364130E+05 6.698000E+03
5.100000E-03 2.716700E+04 2.697000E+03 1.392230E+05 6.889000E+03
5.200000E-03 2.773200E+04 2.776000E+03 1.421330E+05 7.013000E+03
5.300000E-03 2.834500E+04 2.858000E+03 1.449950E+05 7.142000E+03
5.400000E-03 2.891000E+04 2.913000E+03 1.478650E+05 7.294000E+03
5.500000E-03 2.949000E+04 2.958000E+03 1.506650E+05 7.419000E+03
5.600000E-03 3.003800E+04 3.011000E+03 1.535220E+05 7.568000E+03
5.700000E-03 3.056800E+04 3.066000E+03 1.562750E+05 7.727000E+03
5.800000E-03 3.110900E+04 3.139000E+03 1.591150E+05 7.856000E+03
5.900000E-03 3.164300E+04 3.196000E+03 1.617970E+05 8.016000E+03
6.000000E-03 3.219700E+04 3.260000E+03 1.646290E+05 8.141000E+03
6.100000E-03 3.281500E+04 3.326000E+03 1.674710E+05 8.351000E+03
6.200000E-03 3.340700E+04 3.393000E+03 1.702960E+05 8.455000E+03
6.300000E-03 3.397100E+04 3.441000E+03 1.731870E+05 8.582000E+03
6.400000E-03 3.449900E+04 3.504000E+03 1.760870E+05 8.729000E+03
6.500000E-03 3.505100E+04 3.587000E+03 1.788950E+05 8.815000E+03
6.600000E-03 3.560200E+04 3.659000E+03 1.815980E+05 8.919000E+03
6.700000E-03 3.616700E+04 3.697000E+03 1.845000E+05 9.088000E+03
6.800000E-03 3.669500E+04 3.759000E+03 1.872160E+05 9.246000E+03
6.900000E-03 3.721500E+04 3.800000E+03 1.899530E+05 9.378000E+03
7.000000E-03 3.774400E+04 3.874000E+03 1.928160E+05 9.502000E+03
7.100000E-03 3.831700E+04 3.921000E+03 1.955990E+05 9.685000E+03
7.200000E-03 3.883700E+04 3.998000E+03 1.984430E+05 9.839000E+03
7.300000E-03 3.940300E+04 4.056000E+03 2.013240E+05 9.980000E+03
7.400000E-03 3.994200E+04 4.084000E+03 2.041770E+05 1.011600E+04
7.500000E-03 4.047100E+04 4.126000E+03 2.070880E+05 1.027500E+04
7.600000E-03 4.095300E+04 4.185000E+03 2.099110E+05 1.038300E+04
7.700000E-03 4.147200E+04 4.236000E+03 2.126630E+05 1.054200E+04
7.800000E-03 4.201400E+04 4.289000E+03 2.154570E+05 1.062500E+04
7.900000E-03 4.257400E+04 4.363000E+03 2.181850E+05 1.081400E+04
8.000000E-03 4.307900E+04 4.434000E+03 2.209980E+05 1.091500E+04
8.100000E-03 4.356900E+04 4.464000E+03 2.238730E+05 1.106200E+04
8.200000E-03 4.410400E+04 4.513000E+03 2.267280E+05 1.122300E+04
8.300000E-03 4.461300E+04 4.603000E+03 2.294920E+05 1.137200E+04
8.400000E-03 4.517900E+04 4.657000E+03 2.322830E+05 1.149400E+04
8.500000E-03 4.574700E+04 4.704000E+03 2.350650E+05 1.164200E+04
8.600000E-03 4.635700E+04 4.753000E+03 2.379530E+05 1.179400E+04
8.700000E-03 4.696400E+04 4.796000E+03 2.409240E+05 1.189100E+04
8.800000E-03 4.754800E+04 4.867000E+03 2.437930E+05 1.201000E+04
8.900000E-03 4.811100E+04 4.935000E+03 2.465710E+05 1.218900E+04
9.000000E-03 4.872100E+04 4.994000E+03 2.494310E+05 1.236400E+04
9.100000E-03 4.930600E+04 5.010000E+03 2.523700E+05 1.242100E+04
9.200000E-03 4.991900E+04 5.108000E+03 2.552430E+05 1.259200E+04
9.300000E-03 5.048400E+04 5.200000E+03 2.580840E+05 1.271400E+04
9.400000E-03 5.109200E+04 5.282000E+03 2.609120E+05 1.285800E+04
9.500000E-03 5.164300E+04 5.350000E+03 2.637820E+05 1.303400E+04
9.600000E-03 5.222500E+04 5.403000E+03 2.666010E+05 1.319700E+04
9.700000E-03 5.287300E+04 5.457000E+03 2.694020E+05 1.327400E+04
9.800000E-03 5.348500E+04 5.514000E+03 2.722110E+05 1.340400E+04
9.900000E-03 5.407400E+04 5.559000E+03 2.750600E+05 1.354700E+04
1.000000E-02 5.464500E+04 5.630000E+03 2.779040E+05 1.368500E+04
