time 'electrons_given_to_SolubleIron' 'electrons_given_to_mtrB' '10XNapC-electrons_given_to_SolubleIron' '10XNapC-electrons_given_to_mtrB'
0.000000E+00 0.000000E+00 0.000000E+00 0.000000E+00 0.000000E+00
1.000000E-04 4.800000E+01 0.000000E+00 3.980000E+02 0.000000E+00
2.000000E-04 2.450000E+02 0.000000E+00 1.860000E+03 0.000000E+00
3.000000E-04 5.900000E+02 2.700000E+01 4.001000E+03 3.600000E+01
4.000000E-04 1.074000E+03 5.700000E+01 6.501000E+03 2.180000E+02
5.000000E-04 1.586000E+03 1.140000E+02 9.163000E+03 3.450000E+02
6.000000E-04 2.110000E+03 1.530000E+02 1.201500E+04 4.950000E+02
7.000000E-04 2.688000E+03 1.790000E+02 1.481800E+04 6.290000E+02
8.000000E-04 3.264000E+03 2.390000E+02 1.760000E+04 7.510000E+02
9.000000E-04 3.856000E+03 2.740000E+02 2.046100E+04 9.060000E+02
1.000000E-03 4.434000E+03 3.050000E+02 2.347700E+04 1.050000E+03
1.100000E-03 4.925000E+03 3.670000E+02 2.639300E+04 1.162000E+03
1.200000E-03 5.506000E+03 4.300000E+02 2.924000E+04 1.374000E+03
1.300000E-03 6.094000E+03 4.770000E+02 3.206100E+04 1.469000E+03
1.400000E-03 6.760000E+03 5.380000E+02 3.491600E+04 1.641000E+03
1.500000E-03 7.391000E+03 5.770000E+02 3.780000E+04 1.743000E+03
1.600000E-03 7.963000E+03 6.050000E+02 4.058800E+04 1.947000E+03
1.700000E-03 8.544000E+03 6.370000E+02 4.337200E+04 2.055000E+03
1.800000E-03 9.072000E+03 6.560000E+02 4.609800E+04 2.173000E+03
1.900000E-03 9.666000E+03 7.030000E+02 4.879100E+04 2.322000E+03
2.000000E-03 1.020400E+04 7.670000E+02 5.159800E+04 2.413000E+03
2.100000E-03 1.076800E+04 7.900000E+02 5.429700E+04 2.552000E+03
2.200000E-03 1.134300E+04 8.430000E+02 5.708600E+04 2.752000E+03
2.300000E-03 1.189700E+04 8.840000E+02 5.987100E+04 2.859000E+03
2.400000E-03 1.242200E+04 9.270000E+02 6.270300E+04 2.992000E+03
2.500000E-03 1.296300E+04 9.900000E+02 6.547500E+04 3.142000E+03
2.600000E-03 1.347200E+04 1.018000E+03 6.810800E+04 3.338000E+03
2.700000E-03 1.397400E+04 1.090000E+03 7.094000E+04 3.454000E+03
2.800000E-03 1.442900E+04 1.171000E+03 7.374000E+04 3.594000E+03
2.900000E-03 1.490300E+04 1.214000E+03 7.651600E+04 3.742000E+03
3.000000E-03 1.544400E+04 1.261000E+03 7.927800E+04 3.881000E+03
3.100000E-03 1.600600E+04 1.335000E+03 8.221200E+04 4.045000E+03
3.200000E-03 1.657100E+04 1.384000E+03 8.509900E+04 4.166000E+03
3.300000E-03 1.713000E+04 1.486000E+03 8.792800E+04 4.319000E+03
3.400000E-03 1.775300E+04 1.513000E+03 9.078500E+04 4.432000E+03
3.500000E-03 1.834400E+04 1.532000E+03 9.359900E+04 4.574000E+03
3.600000E-03 1.897300E+04 1.606000E+03 9.646000E+04 4.740000E+03
3.700000E-03 1.956500E+04 1.675000E+03 9.920300E+04 4.887000E+03
3.800000E-03 2.015400E+04 1.726000E+03 1.020920E+05 5.058000E+03
3.900000E-03 2.073400E+04 1.758000E+03 1.049470E+05 5.174000E+03
4.000000E-03 2.131900E+04 1.808000E+03 1.076540E+05 5.393000E+03
4.100000E-03 2.186200E+04 1.881000E+03 1.103390E+05 5.531000E+03
4.200000E-03 2.239000E+04 1.940000E+03 1.131630E+05 5.650000E+03
4.300000E-03 2.298200E+04 1.982000E+03 1.160250E+05 5.760000E+03
4.400000E-03 2.358000E+04 2.018000E+03 1.187810E+05 5.900000E+03
4.500000E-03 2.420300E+04 2.072000E+03 1.216420E+05 6.071000E+03
4.600000E-03 2.476900E+04 2.134000E+03 1.244910E+05 6.265000E+03
4.700000E-03 2.532400E+04 2.176000E+03 1.271910E+05 6.404000E+03
4.800000E-03 2.588900E+04 2.223000E+03 1.299510E+05 6.534000E+03
4.900000E-03 2.643700E+04 2.278000E+03 1.327190E+05 6.645000E+03
5.000000E-03 2.700000E+04 2.360000E+03 1.354130E+05 6.761000E+03
5.100000E-03 2.756700E+04 2.403000E+03 1.381440E+05 6.878000E+03
5.200000E-03 2.813200E+04 2.454000E+03 1.409820E+05 7.026000E+03
5.300000E-03 2.874600E+04 2.517000E+03 1.438510E+05 7.169000E+03
5.400000E-03 2.937400E+04 2.562000E+03 1.466570E+05 7.298000E+03
5.500000E-03 2.999300E+04 2.600000E+03 1.494530E+05 7.438000E+03
5.600000E-03 3.064400E+04 2.648000E+03 1.522840E+05 7.543000E+03
5.700000E-03 3.123700E+04 2.695000E+03 1.550270E+05 7.703000E+03
5.800000E-03 3.178600E+04 2.786000E+03 1.577660E+05 7.875000E+03
5.900000E-03 3.236000E+04 2.845000E+03 1.606990E+05 8.016000E+03
6.000000E-03 3.291700E+04 2.877000E+03 1.634200E+05 8.159000E+03
6.100000E-03 3.347700E+04 2.915000E+03 1.662710E+05 8.269000E+03
6.200000E-03 3.405200E+04 2.988000E+03 1.690460E+05 8.417000E+03
6.300000E-03 3.462000E+04 3.038000E+03 1.717770E+05 8.603000E+03
6.400000E-03 3.519300E+04 3.126000E+03 1.745740E+05 8.709000E+03
6.500000E-03 3.582500E+04 3.172000E+03 1.774320E+05 8.856000E+03
6.600000E-03 3.644800E+04 3.227000E+03 1.803140E+05 9.020000E+03
6.700000E-03 3.698500E+04 3.302000E+03 1.832180E+05 9.121000E+03
6.800000E-03 3.752600E+04 3.359000E+03 1.860010E+05 9.263000E+03
6.900000E-03 3.806900E+04 3.438000E+03 1.887800E+05 9.439000E+03
7.000000E-03 3.865700E+04 3.505000E+03 1.915700E+05 9.592000E+03
7.100000E-03 3.929400E+04 3.550000E+03 1.944230E+05 9.681000E+03
7.200000E-03 3.990500E+04 3.622000E+03 1.972380E+05 9.846000E+03
7.300000E-03 4.051400E+04 3.674000E+03 2.000790E+05 1.000100E+04
7.400000E-03 4.111500E+04 3.705000E+03 2.028060E+05 1.014800E+04
7.500000E-03 4.168100E+04 3.770000E+03 2.056630E+05 1.034000E+04
7.600000E-03 4.221000E+04 3.847000E+03 2.084550E+05 1.050200E+04
7.700000E-03 4.274500E+04 3.898000E+03 2.112370E+05 1.062600E+04
7.800000E-03 4.329300E+04 3.986000E+03 2.140210E+05 1.072300E+04
7.900000E-03 4.390200E+04 4.018000E+03 2.167500E+05 1.083700E+04
8.000000E-03 4.448200E+04 4.065000E+03 2.195540E+05 1.101400E+04
8.100000E-03 4.509000E+04 4.113000E+03 2.224000E+05 1.113500E+04
8.200000E-03 4.566700E+04 4.173000E+03 2.252200E+05 1.131300E+04
8.300000E-03 4.621300E+04 4.212000E+03 2.280240E+05 1.141500E+04
8.400000E-03 4.672200E+04 4.265000E+03 2.307880E+05 1.158000E+04
8.500000E-03 4.725500E+04 4.315000E+03 2.335240E+05 1.172500E+04
8.600000E-03 4.780600E+04 4.375000E+03 2.362940E+05 1.178200E+04
8.700000E-03 4.837000E+04 4.427000E+03 2.391360E+05 1.195300E+04
8.800000E-03 4.895400E+04 4.457000E+03 2.418550E+05 1.210900E+04
8.900000E-03 4.951400E+04 4.512000E+03 2.445060E+05 1.220400E+04
9.000000E-03 5.008100E+04 4.582000E+03 2.473110E+05 1.239800E+04
9.100000E-03 5.064200E+04 4.649000E+03 2.501270E+05 1.252200E+04
9.200000E-03 5.123500E+04 4.683000E+03 2.528760E+05 1.266100E+04
9.300000E-03 5.179300E+04 4.756000E+03 2.556870E+05 1.278200E+04
9.400000E-03 5.239400E+04 4.839000E+03 2.584060E+05 1.293200E+04
9.500000E-03 5.293800E+04 4.911000E+03 2.612230E+05 1.309700E+04
9.600000E-03 5.346000E+04 4.966000E+03 2.640880E+05 1.321600E+04
9.700000E-03 5.401900E+04 4.989000E+03 2.669320E+05 1.336500E+04
9.800000E-03 5.455000E+04 5.072000E+03 2.697910E+05 1.349400E+04
9.900000E-03 5.507200E+04 5.116000E+03 2.726830E+05 1.363600E+04
1.000000E-02 5.558600E+04 5.174000E+03 2.755820E+05 1.378600E+04
