time 'electrons_given_to_SolubleIron' 'electrons_given_to_mtrB' '10XNapC-electrons_given_to_SolubleIron' '10XNapC-electrons_given_to_mtrB'
0.000000E+00 0.000000E+00 0.000000E+00 0.000000E+00 0.000000E+00
1.000000E-04 5.300000E+01 0.000000E+00 3.460000E+02 0.000000E+00
2.000000E-04 2.250000E+02 0.000000E+00 1.750000E+03 7.000000E+00
3.000000E-04 5.560000E+02 1.000000E+01 3.908000E+03 6.400000E+01
4.000000E-04 9.990000E+02 2.900000E+01 6.567000E+03 1.540000E+02
5.000000E-04 1.569000E+03 9.600000E+01 9.330000E+03 2.910000E+02
6.000000E-04 2.162000E+03 1.550000E+02 1.214500E+04 4.820000E+02
7.000000E-04 2.711000E+03 2.230000E+02 1.484900E+04 6.120000E+02
8.000000E-04 3.253000E+03 2.540000E+02 1.760800E+04 7.720000E+02
9.000000E-04 3.829000E+03 3.010000E+02 2.037300E+04 9.170000E+02
1.000000E-03 4.374000E+03 3.770000E+02 2.313300E+04 1.065000E+03
1.100000E-03 4.934000E+03 4.410000E+02 2.593900E+04 1.231000E+03
1.200000E-03 5.555000E+03 4.730000E+02 2.879800E+04 1.386000E+03
1.300000E-03 6.149000E+03 4.920000E+02 3.167600E+04 1.541000E+03
1.400000E-03 6.773000E+03 5.630000E+02 3.453000E+04 1.660000E+03
1.500000E-03 7.404000E+03 6.260000E+02 3.732300E+04 1.828000E+03
1.600000E-03 8.026000E+03 6.780000E+02 4.012000E+04 1.934000E+03
1.700000E-03 8.590000E+03 7.280000E+02 4.283200E+04 2.140000E+03
1.800000E-03 9.165000E+03 8.160000E+02 4.574000E+04 2.269000E+03
1.900000E-03 9.706000E+03 9.070000E+02 4.848900E+04 2.410000E+03
2.000000E-03 1.023500E+04 9.730000E+02 5.127800E+04 2.544000E+03
2.100000E-03 1.073400E+04 1.034000E+03 5.417500E+04 2.722000E+03
2.200000E-03 1.125400E+04 1.104000E+03 5.702700E+04 2.901000E+03
2.300000E-03 1.181000E+04 1.129000E+03 5.987500E+04 3.034000E+03
2.400000E-03 1.238200E+04 1.174000E+03 6.274500E+04 3.217000E+03
2.500000E-03 1.299000E+04 1.213000E+03 6.561700E+04 3.329000E+03
2.600000E-03 1.358100E+04 1.257000E+03 6.837000E+04 3.467000E+03
2.700000E-03 1.417300E+04 1.347000E+03 7.114400E+04 3.600000E+03
2.800000E-03 1.479100E+04 1.412000E+03 7.396300E+04 3.744000E+03
2.900000E-03 1.542300E+04 1.424000E+03 7.680200E+04 3.860000E+03
3.000000E-03 1.598200E+04 1.478000E+03 7.968100E+04 4.055000E+03
3.100000E-03 1.650800E+04 1.528000E+03 8.244700E+04 4.176000E+03
3.200000E-03 1.709800E+04 1.589000E+03 8.528700E+04 4.313000E+03
3.300000E-03 1.765900E+04 1.641000E+03 8.812000E+04 4.389000E+03
3.400000E-03 1.827200E+04 1.676000E+03 9.088500E+04 4.568000E+03
3.500000E-03 1.881200E+04 1.752000E+03 9.367300E+04 4.731000E+03
3.600000E-03 1.933500E+04 1.777000E+03 9.648800E+04 4.867000E+03
3.700000E-03 1.980500E+04 1.853000E+03 9.929200E+04 5.028000E+03
3.800000E-03 2.038900E+04 1.909000E+03 1.021360E+05 5.166000E+03
3.900000E-03 2.096000E+04 1.969000E+03 1.048810E+05 5.286000E+03
4.000000E-03 2.159200E+04 2.022000E+03 1.077930E+05 5.415000E+03
4.100000E-03 2.223000E+04 2.079000E+03 1.105710E+05 5.597000E+03
4.200000E-03 2.279500E+04 2.179000E+03 1.133780E+05 5.717000E+03
4.300000E-03 2.332700E+04 2.262000E+03 1.161870E+05 5.874000E+03
4.400000E-03 2.392100E+04 2.349000E+03 1.189450E+05 6.045000E+03
4.500000E-03 2.449800E+04 2.377000E+03 1.217620E+05 6.137000E+03
4.600000E-03 2.502700E+04 2.394000E+03 1.246080E+05 6.264000E+03
4.700000E-03 2.560200E+04 2.459000E+03 1.273750E+05 6.436000E+03
4.800000E-03 2.615200E+04 2.524000E+03 1.301790E+05 6.617000E+03
4.900000E-03 2.669500E+04 2.598000E+03 1.328610E+05 6.732000E+03
5.000000E-03 2.724200E+04 2.633000E+03 1.356820E+05 6.906000E+03
5.100000E-03 2.779200E+04 2.698000E+03 1.384390E+05 7.015000E+03
5.200000E-03 2.841000E+04 2.752000E+03 1.413070E+05 7.204000E+03
5.300000E-03 2.899500E+04 2.792000E+03 1.441500E+05 7.305000E+03
5.400000E-03 2.959000E+04 2.865000E+03 1.470510E+05 7.417000E+03
5.500000E-03 3.013900E+04 2.913000E+03 1.497860E+05 7.534000E+03
5.600000E-03 3.070000E+04 2.957000E+03 1.526330E+05 7.662000E+03
5.700000E-03 3.129400E+04 3.018000E+03 1.553400E+05 7.787000E+03
5.800000E-03 3.190000E+04 3.069000E+03 1.580760E+05 7.990000E+03
5.900000E-03 3.249900E+04 3.139000E+03 1.608680E+05 8.045000E+03
6.000000E-03 3.312800E+04 3.224000E+03 1.637990E+05 8.216000E+03
6.100000E-03 3.368700E+04 3.284000E+03 1.664930E+05 8.365000E+03
6.200000E-03 3.422400E+04 3.345000E+03 1.693150E+05 8.490000E+03
6.300000E-03 3.476300E+04 3.388000E+03 1.721060E+05 8.617000E+03
6.400000E-03 3.529700E+04 3.455000E+03 1.749810E+05 8.752000E+03
6.500000E-03 3.586900E+04 3.508000E+03 1.777980E+05 8.831000E+03
6.600000E-03 3.647300E+04 3.602000E+03 1.806310E+05 9.024000E+03
6.700000E-03 3.706500E+04 3.657000E+03 1.835170E+05 9.212000E+03
6.800000E-03 3.764600E+04 3.688000E+03 1.863270E+05 9.340000E+03
6.900000E-03 3.823300E+04 3.775000E+03 1.891040E+05 9.428000E+03
7.000000E-03 3.887900E+04 3.834000E+03 1.919830E+05 9.596000E+03
7.100000E-03 3.948000E+04 3.881000E+03 1.947100E+05 9.706000E+03
7.200000E-03 4.002000E+04 3.979000E+03 1.974880E+05 9.923000E+03
7.300000E-03 4.056700E+04 4.013000E+03 2.002370E+05 1.008400E+04
7.400000E-03 4.114200E+04 4.105000E+03 2.030490E+05 1.018300E+04
7.500000E-03 4.174300E+04 4.142000E+03 2.058920E+05 1.028700E+04
7.600000E-03 4.233000E+04 4.185000E+03 2.087580E+05 1.043300E+04
7.700000E-03 4.294500E+04 4.259000E+03 2.114600E+05 1.062700E+04
7.800000E-03 4.349100E+04 4.293000E+03 2.142900E+05 1.076900E+04
7.900000E-03 4.407400E+04 4.360000E+03 2.171000E+05 1.092900E+04
8.000000E-03 4.462300E+04 4.445000E+03 2.199540E+05 1.107900E+04
8.100000E-03 4.519400E+04 4.492000E+03 2.227870E+05 1.119400E+04
8.200000E-03 4.576400E+04 4.572000E+03 2.256080E+05 1.127200E+04
8.300000E-03 4.631000E+04 4.616000E+03 2.284200E+05 1.138600E+04
8.400000E-03 4.687600E+04 4.675000E+03 2.312810E+05 1.159300E+04
8.500000E-03 4.750100E+04 4.743000E+03 2.340270E+05 1.169300E+04
8.600000E-03 4.803500E+04 4.801000E+03 2.367380E+05 1.184000E+04
8.700000E-03 4.854000E+04 4.872000E+03 2.395580E+05 1.202100E+04
8.800000E-03 4.913600E+04 4.905000E+03 2.424300E+05 1.214300E+04
8.900000E-03 4.970100E+04 4.959000E+03 2.453310E+05 1.224500E+04
9.000000E-03 5.031000E+04 5.021000E+03 2.481980E+05 1.239800E+04
9.100000E-03 5.087400E+04 5.119000E+03 2.510320E+05 1.260900E+04
9.200000E-03 5.144400E+04 5.154000E+03 2.537710E+05 1.272400E+04
9.300000E-03 5.206100E+04 5.232000E+03 2.565490E+05 1.284600E+04
9.400000E-03 5.266900E+04 5.286000E+03 2.593280E+05 1.297300E+04
9.500000E-03 5.321000E+04 5.314000E+03 2.621270E+05 1.311100E+04
9.600000E-03 5.368300E+04 5.345000E+03 2.650210E+05 1.326100E+04
9.700000E-03 5.418100E+04 5.405000E+03 2.677970E+05 1.341600E+04
9.800000E-03 5.473600E+04 5.481000E+03 2.706080E+05 1.354300E+04
9.900000E-03 5.526600E+04 5.548000E+03 2.734570E+05 1.370200E+04
1.000000E-02 5.586000E+04 5.610000E+03 2.762080E+05 1.388800E+04
