time 'electrons_given_to_SolubleIron' 'electrons_given_to_mtrB' '10XNapC-electrons_given_to_SolubleIron' '10XNapC-electrons_given_to_mtrB'
0.000000E+00 0.000000E+00 0.000000E+00 0.000000E+00 0.000000E+00
1.000000E-04 5.700000E+01 0.000000E+00 3.460000E+02 0.000000E+00
2.000000E-04 2.560000E+02 0.000000E+00 1.637000E+03 0.000000E+00
3.000000E-04 5.910000E+02 5.000000E+00 3.700000E+03 3.900000E+01
4.000000E-04 1.054000E+03 3.300000E+01 6.284000E+03 1.270000E+02
5.000000E-04 1.579000E+03 7.800000E+01 9.028000E+03 2.580000E+02
6.000000E-04 2.139000E+03 1.250000E+02 1.180900E+04 4.240000E+02
7.000000E-04 2.724000E+03 1.880000E+02 1.447800E+04 5.700000E+02
8.000000E-04 3.300000E+03 2.540000E+02 1.731300E+04 7.050000E+02
9.000000E-04 3.877000E+03 2.950000E+02 2.023200E+04 8.440000E+02
1.000000E-03 4.428000E+03 3.560000E+02 2.302500E+04 1.012000E+03
1.100000E-03 4.974000E+03 4.420000E+02 2.576800E+04 1.093000E+03
1.200000E-03 5.561000E+03 4.720000E+02 2.870200E+04 1.290000E+03
1.300000E-03 6.227000E+03 5.290000E+02 3.149400E+04 1.423000E+03
1.400000E-03 6.852000E+03 5.910000E+02 3.422700E+04 1.552000E+03
1.500000E-03 7.442000E+03 6.460000E+02 3.711900E+04 1.692000E+03
1.600000E-03 8.083000E+03 7.000000E+02 3.999900E+04 1.867000E+03
1.700000E-03 8.638000E+03 7.630000E+02 4.284000E+04 2.008000E+03
1.800000E-03 9.244000E+03 8.390000E+02 4.562900E+04 2.186000E+03
1.900000E-03 9.815000E+03 8.960000E+02 4.844200E+04 2.319000E+03
2.000000E-03 1.043100E+04 9.630000E+02 5.121300E+04 2.428000E+03
2.100000E-03 1.103800E+04 1.008000E+03 5.400200E+04 2.635000E+03
2.200000E-03 1.164400E+04 1.105000E+03 5.683200E+04 2.770000E+03
2.300000E-03 1.223900E+04 1.175000E+03 5.965700E+04 2.874000E+03
2.400000E-03 1.281800E+04 1.238000E+03 6.257900E+04 3.014000E+03
2.500000E-03 1.337000E+04 1.286000E+03 6.539800E+04 3.145000E+03
2.600000E-03 1.395000E+04 1.328000E+03 6.828600E+04 3.318000E+03
2.700000E-03 1.455800E+04 1.409000E+03 7.112900E+04 3.451000E+03
2.800000E-03 1.507900E+04 1.454000E+03 7.394200E+04 3.579000E+03
2.900000E-03 1.568000E+04 1.524000E+03 7.682600E+04 3.736000E+03
3.000000E-03 1.627400E+04 1.579000E+03 7.962700E+04 3.879000E+03
3.100000E-03 1.683800E+04 1.622000E+03 8.250900E+04 4.024000E+03
3.200000E-03 1.743500E+04 1.716000E+03 8.537100E+04 4.176000E+03
3.300000E-03 1.800900E+04 1.782000E+03 8.815500E+04 4.284000E+03
3.400000E-03 1.851800E+04 1.848000E+03 9.088600E+04 4.511000E+03
3.500000E-03 1.903500E+04 1.887000E+03 9.375300E+04 4.584000E+03
3.600000E-03 1.956300E+04 1.952000E+03 9.651000E+04 4.747000E+03
3.700000E-03 2.013000E+04 2.031000E+03 9.938000E+04 4.904000E+03
3.800000E-03 2.070400E+04 2.069000E+03 1.022230E+05 4.993000E+03
3.900000E-03 2.130900E+04 2.113000E+03 1.050170E+05 5.197000E+03
4.000000E-03 2.186600E+04 2.171000E+03 1.077910E+05 5.300000E+03
4.100000E-03 2.240900E+04 2.203000E+03 1.105010E+05 5.446000E+03
4.200000E-03 2.297700E+04 2.224000E+03 1.133370E+05 5.599000E+03
4.300000E-03 2.350600E+04 2.275000E+03 1.161390E+05 5.763000E+03
4.400000E-03 2.405100E+04 2.378000E+03 1.188290E+05 5.882000E+03
4.500000E-03 2.465400E+04 2.451000E+03 1.216720E+05 6.001000E+03
4.600000E-03 2.526000E+04 2.487000E+03 1.243860E+05 6.136000E+03
4.700000E-03 2.586500E+04 2.529000E+03 1.271720E+05 6.288000E+03
4.800000E-03 2.651700E+04 2.576000E+03 1.298930E+05 6.407000E+03
4.900000E-03 2.710200E+04 2.646000E+03 1.327340E+05 6.578000E+03
5.000000E-03 2.765200E+04 2.692000E+03 1.355290E+05 6.783000E+03
5.100000E-03 2.821600E+04 2.761000E+03 1.383770E+05 6.916000E+03
5.200000E-03 2.875100E+04 2.870000E+03 1.412680E+05 7.036000E+03
5.300000E-03 2.933100E+04 2.918000E+03 1.441850E+05 7.184000E+03
5.400000E-03 2.986000E+04 2.960000E+03 1.469910E+05 7.414000E+03
5.500000E-03 3.032600E+04 3.032000E+03 1.499210E+05 7.576000E+03
5.600000E-03 3.084800E+04 3.091000E+03 1.527950E+05 7.706000E+03
5.700000E-03 3.138700E+04 3.132000E+03 1.557420E+05 7.875000E+03
5.800000E-03 3.191600E+04 3.178000E+03 1.586380E+05 8.001000E+03
5.900000E-03 3.249300E+04 3.259000E+03 1.614720E+05 8.141000E+03
6.000000E-03 3.303500E+04 3.326000E+03 1.642810E+05 8.288000E+03
6.100000E-03 3.357600E+04 3.424000E+03 1.671190E+05 8.431000E+03
6.200000E-03 3.414800E+04 3.443000E+03 1.699320E+05 8.608000E+03
6.300000E-03 3.469500E+04 3.511000E+03 1.727660E+05 8.749000E+03
6.400000E-03 3.526500E+04 3.560000E+03 1.755690E+05 8.896000E+03
6.500000E-03 3.576700E+04 3.620000E+03 1.785150E+05 9.054000E+03
6.600000E-03 3.629400E+04 3.677000E+03 1.813540E+05 9.212000E+03
6.700000E-03 3.680000E+04 3.734000E+03 1.842420E+05 9.373000E+03
6.800000E-03 3.740200E+04 3.789000E+03 1.870780E+05 9.518000E+03
6.900000E-03 3.792800E+04 3.856000E+03 1.897750E+05 9.677000E+03
7.000000E-03 3.845700E+04 3.942000E+03 1.925790E+05 9.787000E+03
7.100000E-03 3.897500E+04 4.002000E+03 1.953930E+05 9.959000E+03
7.200000E-03 3.947200E+04 4.037000E+03 1.981180E+05 1.009200E+04
7.300000E-03 3.999800E+04 4.098000E+03 2.009800E+05 1.024600E+04
7.400000E-03 4.058700E+04 4.171000E+03 2.038080E+05 1.036200E+04
7.500000E-03 4.114900E+04 4.234000E+03 2.066140E+05 1.053200E+04
7.600000E-03 4.168700E+04 4.286000E+03 2.094070E+05 1.062800E+04
7.700000E-03 4.222900E+04 4.326000E+03 2.122200E+05 1.076600E+04
7.800000E-03 4.274400E+04 4.408000E+03 2.150480E+05 1.090100E+04
7.900000E-03 4.330100E+04 4.450000E+03 2.179550E+05 1.105600E+04
8.000000E-03 4.388400E+04 4.468000E+03 2.207310E+05 1.122800E+04
8.100000E-03 4.444000E+04 4.515000E+03 2.235680E+05 1.133000E+04
8.200000E-03 4.495700E+04 4.566000E+03 2.263450E+05 1.144500E+04
8.300000E-03 4.547200E+04 4.622000E+03 2.291160E+05 1.162500E+04
8.400000E-03 4.601100E+04 4.666000E+03 2.317900E+05 1.179700E+04
8.500000E-03 4.658300E+04 4.688000E+03 2.346110E+05 1.191900E+04
8.600000E-03 4.714500E+04 4.759000E+03 2.373750E+05 1.204800E+04
8.700000E-03 4.775200E+04 4.797000E+03 2.402140E+05 1.218400E+04
8.800000E-03 4.831900E+04 4.855000E+03 2.429930E+05 1.232500E+04
8.900000E-03 4.887600E+04 4.946000E+03 2.458240E+05 1.248300E+04
9.000000E-03 4.949800E+04 5.006000E+03 2.486650E+05 1.262600E+04
9.100000E-03 5.009000E+04 5.071000E+03 2.516060E+05 1.277800E+04
9.200000E-03 5.063800E+04 5.108000E+03 2.544170E+05 1.291700E+04
9.300000E-03 5.116300E+04 5.170000E+03 2.572280E+05 1.301000E+04
9.400000E-03 5.168300E+04 5.230000E+03 2.599880E+05 1.322100E+04
9.500000E-03 5.213100E+04 5.281000E+03 2.627410E+05 1.333200E+04
9.600000E-03 5.266000E+04 5.342000E+03 2.654520E+05 1.348600E+04
9.700000E-03 5.323700E+04 5.403000E+03 2.683660E+05 1.361800E+04
9.800000E-03 5.381400E+04 5.444000E+03 2.711720E+05 1.376700E+04
9.900000E-03 5.438700E+04 5.505000E+03 2.739140E+05 1.392900E+04
1.000000E-02 5.492600E+04 5.552000E+03 2.767370E+05 1.408000E+04
