time 'electrons_given_to_SolubleIron' 'electrons_given_to_mtrB' '10XNapC-electrons_given_to_SolubleIron' '10XNapC-electrons_given_to_mtrB'
0.000000E+00 0.000000E+00 0.000000E+00 0.000000E+00 0.000000E+00
1.000000E-04 2.800000E+01 0.000000E+00 3.600000E+02 0.000000E+00
2.000000E-04 1.880000E+02 0.000000E+00 1.759000E+03 1.000000E+01
3.000000E-04 4.890000E+02 2.500000E+01 3.955000E+03 7.400000E+01
4.000000E-04 9.200000E+02 3.800000E+01 6.491000E+03 1.650000E+02
5.000000E-04 1.413000E+03 7.500000E+01 9.221000E+03 3.180000E+02
6.000000E-04 1.952000E+03 1.300000E+02 1.193800E+04 4.850000E+02
7.000000E-04 2.557000E+03 2.020000E+02 1.477800E+04 6.840000E+02
8.000000E-04 3.114000E+03 2.750000E+02 1.759100E+04 8.210000E+02
9.000000E-04 3.647000E+03 3.530000E+02 2.038200E+04 9.200000E+02
1.000000E-03 4.231000E+03 4.680000E+02 2.315700E+04 1.025000E+03
1.100000E-03 4.791000E+03 5.260000E+02 2.595000E+04 1.267000E+03
1.200000E-03 5.366000E+03 5.780000E+02 2.876300E+04 1.412000E+03
1.300000E-03 5.899000E+03 6.610000E+02 3.149900E+04 1.581000E+03
1.400000E-03 6.415000E+03 7.120000E+02 3.429100E+04 1.704000E+03
1.500000E-03 6.985000E+03 7.730000E+02 3.719000E+04 1.863000E+03
1.600000E-03 7.594000E+03 8.250000E+02 3.999700E+04 2.013000E+03
1.700000E-03 8.182000E+03 8.720000E+02 4.274400E+04 2.184000E+03
1.800000E-03 8.768000E+03 9.350000E+02 4.555200E+04 2.338000E+03
1.900000E-03 9.307000E+03 1.001000E+03 4.835800E+04 2.504000E+03
2.000000E-03 9.895000E+03 1.082000E+03 5.120800E+04 2.603000E+03
2.100000E-03 1.045600E+04 1.134000E+03 5.400200E+04 2.783000E+03
2.200000E-03 1.098800E+04 1.188000E+03 5.677500E+04 2.938000E+03
2.300000E-03 1.156900E+04 1.240000E+03 5.947800E+04 3.063000E+03
2.400000E-03 1.213900E+04 1.329000E+03 6.228400E+04 3.178000E+03
2.500000E-03 1.272400E+04 1.381000E+03 6.507100E+04 3.300000E+03
2.600000E-03 1.329400E+04 1.411000E+03 6.783300E+04 3.467000E+03
2.700000E-03 1.391400E+04 1.484000E+03 7.071200E+04 3.580000E+03
2.800000E-03 1.453700E+04 1.532000E+03 7.364400E+04 3.771000E+03
2.900000E-03 1.512700E+04 1.625000E+03 7.653500E+04 3.920000E+03
3.000000E-03 1.565800E+04 1.719000E+03 7.935800E+04 4.056000E+03
3.100000E-03 1.620000E+04 1.752000E+03 8.209200E+04 4.243000E+03
3.200000E-03 1.673800E+04 1.823000E+03 8.492400E+04 4.401000E+03
3.300000E-03 1.730200E+04 1.862000E+03 8.784900E+04 4.509000E+03
3.400000E-03 1.782300E+04 1.957000E+03 9.068200E+04 4.678000E+03
3.500000E-03 1.843300E+04 2.001000E+03 9.346900E+04 4.826000E+03
3.600000E-03 1.903200E+04 2.036000E+03 9.624900E+04 4.975000E+03
3.700000E-03 1.961400E+04 2.108000E+03 9.904800E+04 5.090000E+03
3.800000E-03 2.018300E+04 2.144000E+03 1.018480E+05 5.255000E+03
3.900000E-03 2.078400E+04 2.176000E+03 1.047360E+05 5.399000E+03
4.000000E-03 2.135700E+04 2.261000E+03 1.075680E+05 5.593000E+03
4.100000E-03 2.194100E+04 2.321000E+03 1.103920E+05 5.711000E+03
4.200000E-03 2.254200E+04 2.362000E+03 1.132210E+05 5.910000E+03
4.300000E-03 2.319400E+04 2.392000E+03 1.158710E+05 6.064000E+03
4.400000E-03 2.374400E+04 2.447000E+03 1.187090E+05 6.149000E+03
4.500000E-03 2.428000E+04 2.506000E+03 1.213970E+05 6.338000E+03
4.600000E-03 2.483000E+04 2.549000E+03 1.242370E+05 6.483000E+03
4.700000E-03 2.536300E+04 2.588000E+03 1.269860E+05 6.618000E+03
4.800000E-03 2.591400E+04 2.640000E+03 1.297060E+05 6.786000E+03
4.900000E-03 2.647800E+04 2.725000E+03 1.325240E+05 6.913000E+03
5.000000E-03 2.703500E+04 2.778000E+03 1.353510E+05 7.060000E+03
5.100000E-03 2.757000E+04 2.831000E+03 1.381400E+05 7.193000E+03
5.200000E-03 2.815800E+04 2.912000E+03 1.409790E+05 7.334000E+03
5.300000E-03 2.870800E+04 2.968000E+03 1.437700E+05 7.507000E+03
5.400000E-03 2.923100E+04 3.014000E+03 1.465370E+05 7.648000E+03
5.500000E-03 2.980400E+04 3.054000E+03 1.493930E+05 7.808000E+03
5.600000E-03 3.036600E+04 3.129000E+03 1.523190E+05 7.947000E+03
5.700000E-03 3.093300E+04 3.205000E+03 1.551950E+05 8.065000E+03
5.800000E-03 3.148600E+04 3.270000E+03 1.580320E+05 8.159000E+03
5.900000E-03 3.211200E+04 3.321000E+03 1.609160E+05 8.340000E+03
6.000000E-03 3.267000E+04 3.377000E+03 1.637750E+05 8.472000E+03
6.100000E-03 3.323200E+04 3.440000E+03 1.664690E+05 8.617000E+03
6.200000E-03 3.380200E+04 3.524000E+03 1.692590E+05 8.749000E+03
6.300000E-03 3.437000E+04 3.575000E+03 1.720090E+05 8.864000E+03
6.400000E-03 3.495100E+04 3.637000E+03 1.747150E+05 9.033000E+03
6.500000E-03 3.553100E+04 3.680000E+03 1.775610E+05 9.153000E+03
6.600000E-03 3.604600E+04 3.737000E+03 1.803560E+05 9.313000E+03
6.700000E-03 3.663500E+04 3.790000E+03 1.831970E+05 9.446000E+03
6.800000E-03 3.720900E+04 3.889000E+03 1.860300E+05 9.570000E+03
6.900000E-03 3.775100E+04 3.938000E+03 1.887570E+05 9.721000E+03
7.000000E-03 3.831300E+04 3.968000E+03 1.915150E+05 9.890000E+03
7.100000E-03 3.891600E+04 4.011000E+03 1.942620E+05 9.998000E+03
7.200000E-03 3.950100E+04 4.066000E+03 1.970350E+05 1.011400E+04
7.300000E-03 4.008400E+04 4.115000E+03 1.998660E+05 1.027700E+04
7.400000E-03 4.064200E+04 4.237000E+03 2.027620E+05 1.046500E+04
7.500000E-03 4.119800E+04 4.295000E+03 2.055090E+05 1.060700E+04
7.600000E-03 4.179100E+04 4.355000E+03 2.082820E+05 1.075300E+04
7.700000E-03 4.230900E+04 4.395000E+03 2.111520E+05 1.089200E+04
7.800000E-03 4.287200E+04 4.478000E+03 2.139710E+05 1.104500E+04
7.900000E-03 4.338000E+04 4.514000E+03 2.167980E+05 1.115400E+04
8.000000E-03 4.392500E+04 4.579000E+03 2.197060E+05 1.128900E+04
8.100000E-03 4.449200E+04 4.667000E+03 2.226240E+05 1.143000E+04
8.200000E-03 4.501700E+04 4.731000E+03 2.255150E+05 1.155500E+04
8.300000E-03 4.553400E+04 4.765000E+03 2.281960E+05 1.172300E+04
8.400000E-03 4.603900E+04 4.796000E+03 2.310240E+05 1.186000E+04
8.500000E-03 4.652300E+04 4.846000E+03 2.337950E+05 1.197600E+04
8.600000E-03 4.706300E+04 4.948000E+03 2.367510E+05 1.214200E+04
8.700000E-03 4.762900E+04 5.028000E+03 2.396420E+05 1.224900E+04
8.800000E-03 4.824700E+04 5.108000E+03 2.424290E+05 1.241000E+04
8.900000E-03 4.879800E+04 5.194000E+03 2.451710E+05 1.256500E+04
9.000000E-03 4.941000E+04 5.277000E+03 2.479940E+05 1.278400E+04
9.100000E-03 4.997500E+04 5.303000E+03 2.507460E+05 1.297200E+04
9.200000E-03 5.055300E+04 5.355000E+03 2.536340E+05 1.308700E+04
9.300000E-03 5.110500E+04 5.390000E+03 2.564020E+05 1.319900E+04
9.400000E-03 5.165200E+04 5.439000E+03 2.592720E+05 1.335400E+04
9.500000E-03 5.217600E+04 5.499000E+03 2.621490E+05 1.350100E+04
9.600000E-03 5.267600E+04 5.564000E+03 2.649400E+05 1.364700E+04
9.700000E-03 5.317600E+04 5.607000E+03 2.677710E+05 1.378200E+04
9.800000E-03 5.371100E+04 5.670000E+03 2.705780E+05 1.398100E+04
9.900000E-03 5.420800E+04 5.752000E+03 2.733830E+05 1.413900E+04
1.000000E-02 5.474900E+04 5.854000E+03 2.761390E+05 1.431300E+04
