time 'electrons_given_to_SolubleIron' 'electrons_given_to_mtrB' '10XNapC-electrons_given_to_SolubleIron' '10XNapC-electrons_given_to_mtrB'
0.000000E+00 0.000000E+00 0.000000E+00 0.000000E+00 0.000000E+00
1.000000E-04 6.000000E+01 0.000000E+00 3.670000E+02 0.000000E+00
2.000000E-04 2.900000E+02 0.000000E+00 1.795000E+03 0.000000E+00
3.000000E-04 6.830000E+02 0.000000E+00 3.864000E+03 4.600000E+01
4.000000E-04 1.171000E+03 1.900000E+01 6.385000E+03 1.440000E+02
5.000000E-04 1.686000E+03 5.400000E+01 9.101000E+03 3.030000E+02
6.000000E-04 2.212000E+03 1.370000E+02 1.188000E+04 4.440000E+02
7.000000E-04 2.756000E+03 1.900000E+02 1.463300E+04 5.880000E+02
8.000000E-04 3.339000E+03 2.470000E+02 1.749700E+04 7.330000E+02
9.000000E-04 3.939000E+03 2.820000E+02 2.029700E+04 9.100000E+02
1.000000E-03 4.570000E+03 3.230000E+02 2.319600E+04 1.054000E+03
1.100000E-03 5.157000E+03 3.790000E+02 2.597900E+04 1.195000E+03
1.200000E-03 5.748000E+03 4.390000E+02 2.879600E+04 1.342000E+03
1.300000E-03 6.281000E+03 4.870000E+02 3.168500E+04 1.480000E+03
1.400000E-03 6.832000E+03 5.670000E+02 3.448200E+04 1.629000E+03
1.500000E-03 7.453000E+03 6.310000E+02 3.732600E+04 1.786000E+03
1.600000E-03 8.057000E+03 6.950000E+02 4.007700E+04 1.996000E+03
1.700000E-03 8.661000E+03 7.400000E+02 4.294200E+04 2.139000E+03
1.800000E-03 9.316000E+03 8.100000E+02 4.577700E+04 2.267000E+03
1.900000E-03 9.959000E+03 8.750000E+02 4.864700E+04 2.380000E+03
2.000000E-03 1.053400E+04 9.200000E+02 5.158300E+04 2.529000E+03
2.100000E-03 1.109600E+04 9.910000E+02 5.444500E+04 2.684000E+03
2.200000E-03 1.164000E+04 1.026000E+03 5.728600E+04 2.848000E+03
2.300000E-03 1.220800E+04 1.075000E+03 6.004800E+04 2.968000E+03
2.400000E-03 1.277700E+04 1.170000E+03 6.285900E+04 3.144000E+03
2.500000E-03 1.330000E+04 1.218000E+03 6.566300E+04 3.302000E+03
2.600000E-03 1.389200E+04 1.294000E+03 6.846600E+04 3.422000E+03
2.700000E-03 1.447300E+04 1.357000E+03 7.126500E+04 3.555000E+03
2.800000E-03 1.510200E+04 1.408000E+03 7.403100E+04 3.695000E+03
2.900000E-03 1.567300E+04 1.454000E+03 7.693600E+04 3.805000E+03
3.000000E-03 1.627500E+04 1.521000E+03 7.966500E+04 3.944000E+03
3.100000E-03 1.689200E+04 1.585000E+03 8.243500E+04 4.128000E+03
3.200000E-03 1.748100E+04 1.629000E+03 8.523700E+04 4.296000E+03
3.300000E-03 1.801500E+04 1.691000E+03 8.815900E+04 4.469000E+03
3.400000E-03 1.859600E+04 1.736000E+03 9.104100E+04 4.610000E+03
3.500000E-03 1.916600E+04 1.786000E+03 9.385800E+04 4.742000E+03
3.600000E-03 1.975900E+04 1.849000E+03 9.671700E+04 4.892000E+03
3.700000E-03 2.034300E+04 1.905000E+03 9.961300E+04 5.087000E+03
3.800000E-03 2.089500E+04 1.972000E+03 1.024430E+05 5.252000E+03
3.900000E-03 2.140300E+04 2.033000E+03 1.052090E+05 5.404000E+03
4.000000E-03 2.195600E+04 2.069000E+03 1.080830E+05 5.560000E+03
4.100000E-03 2.247600E+04 2.124000E+03 1.108420E+05 5.739000E+03
4.200000E-03 2.298300E+04 2.196000E+03 1.136120E+05 5.849000E+03
4.300000E-03 2.348100E+04 2.234000E+03 1.164310E+05 5.970000E+03
4.400000E-03 2.402800E+04 2.306000E+03 1.191860E+05 6.120000E+03
4.500000E-03 2.458700E+04 2.375000E+03 1.220520E+05 6.305000E+03
4.600000E-03 2.510600E+04 2.448000E+03 1.249090E+05 6.408000E+03
4.700000E-03 2.569800E+04 2.480000E+03 1.277160E+05 6.577000E+03
4.800000E-03 2.623400E+04 2.537000E+03 1.304990E+05 6.688000E+03
4.900000E-03 2.680900E+04 2.621000E+03 1.333870E+05 6.821000E+03
5.000000E-03 2.738300E+04 2.721000E+03 1.361720E+05 7.004000E+03
5.100000E-03 2.791600E+04 2.778000E+03 1.390300E+05 7.186000E+03
5.200000E-03 2.856500E+04 2.830000E+03 1.418480E+05 7.334000E+03
5.300000E-03 2.916300E+04 2.871000E+03 1.446750E+05 7.500000E+03
5.400000E-03 2.975600E+04 2.920000E+03 1.475200E+05 7.619000E+03
5.500000E-03 3.035700E+04 2.979000E+03 1.502970E+05 7.767000E+03
5.600000E-03 3.095600E+04 3.016000E+03 1.529800E+05 7.948000E+03
5.700000E-03 3.152500E+04 3.092000E+03 1.558270E+05 8.071000E+03
5.800000E-03 3.211000E+04 3.177000E+03 1.587010E+05 8.219000E+03
5.900000E-03 3.266300E+04 3.252000E+03 1.615720E+05 8.382000E+03
6.000000E-03 3.329800E+04 3.299000E+03 1.644070E+05 8.550000E+03
6.100000E-03 3.385400E+04 3.353000E+03 1.671230E+05 8.702000E+03
6.200000E-03 3.438400E+04 3.413000E+03 1.699730E+05 8.801000E+03
6.300000E-03 3.494100E+04 3.498000E+03 1.727980E+05 8.930000E+03
6.400000E-03 3.555100E+04 3.572000E+03 1.756140E+05 9.107000E+03
6.500000E-03 3.611700E+04 3.612000E+03 1.783130E+05 9.267000E+03
6.600000E-03 3.668000E+04 3.683000E+03 1.810840E+05 9.391000E+03
6.700000E-03 3.727200E+04 3.741000E+03 1.838660E+05 9.532000E+03
6.800000E-03 3.782900E+04 3.800000E+03 1.867060E+05 9.659000E+03
6.900000E-03 3.838500E+04 3.881000E+03 1.897090E+05 9.782000E+03
7.000000E-03 3.897000E+04 3.916000E+03 1.925900E+05 9.963000E+03
7.100000E-03 3.954300E+04 3.955000E+03 1.954150E+05 1.004400E+04
7.200000E-03 4.006700E+04 4.030000E+03 1.982840E+05 1.020000E+04
7.300000E-03 4.063000E+04 4.082000E+03 2.010230E+05 1.030500E+04
7.400000E-03 4.116600E+04 4.155000E+03 2.037900E+05 1.043300E+04
7.500000E-03 4.176500E+04 4.221000E+03 2.065550E+05 1.056900E+04
7.600000E-03 4.238400E+04 4.319000E+03 2.093210E+05 1.074800E+04
7.700000E-03 4.291400E+04 4.344000E+03 2.121670E+05 1.088500E+04
7.800000E-03 4.348600E+04 4.384000E+03 2.149270E+05 1.102200E+04
7.900000E-03 4.403500E+04 4.450000E+03 2.176980E+05 1.113600E+04
8.000000E-03 4.457900E+04 4.508000E+03 2.205080E+05 1.133500E+04
8.100000E-03 4.515600E+04 4.572000E+03 2.233190E+05 1.143200E+04
8.200000E-03 4.567700E+04 4.647000E+03 2.261190E+05 1.153700E+04
8.300000E-03 4.625300E+04 4.694000E+03 2.289390E+05 1.163600E+04
8.400000E-03 4.683400E+04 4.782000E+03 2.319000E+05 1.179200E+04
8.500000E-03 4.739300E+04 4.808000E+03 2.346960E+05 1.196500E+04
8.600000E-03 4.792300E+04 4.863000E+03 2.374350E+05 1.210400E+04
8.700000E-03 4.844900E+04 4.916000E+03 2.402560E+05 1.221600E+04
8.800000E-03 4.899000E+04 4.968000E+03 2.430170E+05 1.242200E+04
8.900000E-03 4.954600E+04 5.038000E+03 2.457650E+05 1.254200E+04
9.000000E-03 5.011000E+04 5.111000E+03 2.486550E+05 1.265400E+04
9.100000E-03 5.065700E+04 5.155000E+03 2.515180E+05 1.283900E+04
9.200000E-03 5.119400E+04 5.209000E+03 2.543100E+05 1.293300E+04
9.300000E-03 5.179400E+04 5.239000E+03 2.572050E+05 1.306400E+04
9.400000E-03 5.234200E+04 5.300000E+03 2.600620E+05 1.323200E+04
9.500000E-03 5.294100E+04 5.332000E+03 2.627960E+05 1.337400E+04
9.600000E-03 5.354500E+04 5.396000E+03 2.655830E+05 1.351300E+04
9.700000E-03 5.417200E+04 5.448000E+03 2.684600E+05 1.363200E+04
9.800000E-03 5.477300E+04 5.509000E+03 2.713130E+05 1.379600E+04
9.900000E-03 5.537600E+04 5.567000E+03 2.740550E+05 1.391900E+04
1.000000E-02 5.596400E+04 5.630000E+03 2.769430E+05 1.408200E+04
