 time E '10XNapC-electrons_given_to_SolubleIron' '10XNapC-electrons_given_to_mtrB' '10XNapC-electrons_from_Flavin' '10XNapC-electrons_from_mtrC' '10XNapC-electrons_stored_in_Flavin'
0.000000E+00 0 0.000000E+00 0.000000E+00 0.000000E+00 0.000000E+00 0.000000E+00
1.000000E-04 20595 4.110000E+02 0.000000E+00 2.000000E+00 0.000000E+00 8.000000E+01
2.000000E-04 41792 1.746000E+03 5.000000E+00 6.000000E+00 1.000000E+01 1.630000E+02
3.000000E-04 63752 3.942000E+03 6.500000E+01 1.800000E+01 2.800000E+01 2.340000E+02
4.000000E-04 85993 6.438000E+03 1.860000E+02 3.000000E+01 4.200000E+01 3.050000E+02
5.000000E-04 108566 9.149000E+03 2.960000E+02 4.000000E+01 6.300000E+01 3.730000E+02
6.000000E-04 131163 1.198300E+04 4.510000E+02 5.500000E+01 8.500000E+01 4.270000E+02
7.000000E-04 153688 1.475000E+04 6.160000E+02 8.300000E+01 9.600000E+01 4.680000E+02
8.000000E-04 176359 1.757100E+04 7.510000E+02 1.120000E+02 1.060000E+02 5.270000E+02
9.000000E-04 199070 2.041500E+04 8.880000E+02 1.310000E+02 1.150000E+02 5.880000E+02
1.000000E-03 221774 2.331800E+04 1.006000E+03 1.620000E+02 1.340000E+02 6.410000E+02
1.100000E-03 244536 2.611400E+04 1.219000E+03 1.820000E+02 1.480000E+02 6.970000E+02
1.200000E-03 267195 2.886300E+04 1.395000E+03 2.270000E+02 1.730000E+02 7.380000E+02
1.300000E-03 289717 3.157400E+04 1.500000E+03 2.630000E+02 1.860000E+02 7.900000E+02
1.400000E-03 312311 3.431100E+04 1.619000E+03 3.050000E+02 1.870000E+02 8.430000E+02
1.500000E-03 334626 3.711300E+04 1.783000E+03 3.490000E+02 1.910000E+02 8.880000E+02
1.600000E-03 357175 3.984700E+04 1.935000E+03 3.850000E+02 1.990000E+02 9.460000E+02
1.700000E-03 379809 4.268700E+04 2.081000E+03 4.380000E+02 2.210000E+02 9.930000E+02
1.800000E-03 402477 4.555700E+04 2.219000E+03 4.930000E+02 2.260000E+02 1.041000E+03
1.900000E-03 425128 4.839800E+04 2.372000E+03 5.490000E+02 2.530000E+02 1.093000E+03
2.000000E-03 447544 5.107600E+04 2.547000E+03 6.040000E+02 2.660000E+02 1.127000E+03
2.100000E-03 470238 5.390600E+04 2.723000E+03 6.550000E+02 2.830000E+02 1.173000E+03
2.200000E-03 492985 5.659300E+04 2.856000E+03 7.040000E+02 2.910000E+02 1.221000E+03
2.300000E-03 515785 5.947600E+04 2.972000E+03 7.600000E+02 2.970000E+02 1.255000E+03
2.400000E-03 538338 6.226300E+04 3.081000E+03 8.180000E+02 3.090000E+02 1.287000E+03
2.500000E-03 560991 6.515200E+04 3.190000E+03 8.830000E+02 3.130000E+02 1.301000E+03
2.600000E-03 583736 6.790600E+04 3.354000E+03 9.360000E+02 3.320000E+02 1.341000E+03
2.700000E-03 606239 7.063300E+04 3.487000E+03 1.024000E+03 3.390000E+02 1.369000E+03
2.800000E-03 628748 7.341800E+04 3.633000E+03 1.087000E+03 3.590000E+02 1.391000E+03
2.900000E-03 651293 7.614400E+04 3.750000E+03 1.151000E+03 3.800000E+02 1.434000E+03
3.000000E-03 673855 7.884000E+04 3.886000E+03 1.213000E+03 4.040000E+02 1.470000E+03
3.100000E-03 696579 8.164600E+04 4.065000E+03 1.273000E+03 4.110000E+02 1.500000E+03
3.200000E-03 719375 8.451500E+04 4.204000E+03 1.336000E+03 4.370000E+02 1.526000E+03
3.300000E-03 742127 8.722400E+04 4.415000E+03 1.402000E+03 4.640000E+02 1.573000E+03
3.400000E-03 764937 9.003600E+04 4.568000E+03 1.485000E+03 4.660000E+02 1.624000E+03
3.500000E-03 787605 9.277500E+04 4.711000E+03 1.563000E+03 4.940000E+02 1.650000E+03
3.600000E-03 810389 9.567500E+04 4.864000E+03 1.653000E+03 5.050000E+02 1.667000E+03
3.700000E-03 833034 9.843800E+04 4.979000E+03 1.731000E+03 5.050000E+02 1.692000E+03
3.800000E-03 855765 1.012570E+05 5.111000E+03 1.808000E+03 5.320000E+02 1.725000E+03
3.900000E-03 878607 1.040590E+05 5.275000E+03 1.906000E+03 5.530000E+02 1.746000E+03
4.000000E-03 901361 1.068580E+05 5.413000E+03 1.990000E+03 5.670000E+02 1.781000E+03
4.100000E-03 924231 1.097010E+05 5.589000E+03 2.048000E+03 5.900000E+02 1.823000E+03
4.200000E-03 946815 1.124470E+05 5.705000E+03 2.106000E+03 5.940000E+02 1.860000E+03
4.300000E-03 969495 1.153750E+05 5.865000E+03 2.203000E+03 6.200000E+02 1.877000E+03
4.400000E-03 992276 1.181880E+05 6.039000E+03 2.293000E+03 6.250000E+02 1.890000E+03
4.500000E-03 1014960 1.211010E+05 6.187000E+03 2.395000E+03 6.370000E+02 1.910000E+03
4.600000E-03 1037406 1.239010E+05 6.320000E+03 2.495000E+03 6.570000E+02 1.932000E+03
4.700000E-03 1060157 1.268130E+05 6.454000E+03 2.593000E+03 6.780000E+02 1.946000E+03
4.800000E-03 1083076 1.297610E+05 6.598000E+03 2.679000E+03 6.910000E+02 1.969000E+03
4.900000E-03 1105798 1.325990E+05 6.775000E+03 2.767000E+03 7.050000E+02 1.992000E+03
5.000000E-03 1128555 1.354120E+05 6.893000E+03 2.835000E+03 7.240000E+02 2.025000E+03
5.100000E-03 1150895 1.381490E+05 7.063000E+03 2.937000E+03 7.510000E+02 2.030000E+03
5.200000E-03 1173307 1.409420E+05 7.202000E+03 3.048000E+03 7.610000E+02 2.039000E+03
5.300000E-03 1195715 1.436760E+05 7.306000E+03 3.129000E+03 7.670000E+02 2.066000E+03
5.400000E-03 1218106 1.463970E+05 7.478000E+03 3.198000E+03 7.760000E+02 2.098000E+03
5.500000E-03 1240557 1.490820E+05 7.568000E+03 3.319000E+03 7.920000E+02 2.103000E+03
5.600000E-03 1263192 1.519470E+05 7.743000E+03 3.406000E+03 8.080000E+02 2.129000E+03
5.700000E-03 1285521 1.547670E+05 7.856000E+03 3.512000E+03 8.330000E+02 2.134000E+03
5.800000E-03 1308565 1.575900E+05 7.953000E+03 3.601000E+03 8.630000E+02 2.156000E+03
5.900000E-03 1331169 1.603580E+05 8.144000E+03 3.678000E+03 8.810000E+02 2.163000E+03
6.000000E-03 1354099 1.631610E+05 8.272000E+03 3.776000E+03 9.060000E+02 2.184000E+03
6.100000E-03 1376822 1.659180E+05 8.410000E+03 3.852000E+03 9.270000E+02 2.193000E+03
6.200000E-03 1399457 1.687270E+05 8.587000E+03 3.946000E+03 9.480000E+02 2.212000E+03
6.300000E-03 1421921 1.714520E+05 8.702000E+03 4.058000E+03 9.640000E+02 2.213000E+03
6.400000E-03 1444805 1.742760E+05 8.853000E+03 4.168000E+03 9.740000E+02 2.242000E+03
6.500000E-03 1467620 1.770490E+05 8.965000E+03 4.294000E+03 9.770000E+02 2.237000E+03
6.600000E-03 1490206 1.798780E+05 9.161000E+03 4.384000E+03 1.006000E+03 2.267000E+03
6.700000E-03 1513013 1.827180E+05 9.288000E+03 4.501000E+03 1.014000E+03 2.259000E+03
6.800000E-03 1535906 1.855620E+05 9.419000E+03 4.604000E+03 1.023000E+03 2.290000E+03
6.900000E-03 1558248 1.883390E+05 9.603000E+03 4.726000E+03 1.045000E+03 2.302000E+03
7.000000E-03 1580929 1.911650E+05 9.753000E+03 4.809000E+03 1.055000E+03 2.325000E+03
7.100000E-03 1603499 1.939920E+05 9.883000E+03 4.940000E+03 1.064000E+03 2.332000E+03
7.200000E-03 1626238 1.967260E+05 1.001300E+04 5.043000E+03 1.080000E+03 2.347000E+03
7.300000E-03 1649013 1.996160E+05 1.020900E+04 5.156000E+03 1.090000E+03 2.347000E+03
7.400000E-03 1671651 2.025220E+05 1.032900E+04 5.284000E+03 1.101000E+03 2.345000E+03
7.500000E-03 1694446 2.052120E+05 1.046300E+04 5.389000E+03 1.120000E+03 2.375000E+03
7.600000E-03 1717218 2.079270E+05 1.057800E+04 5.489000E+03 1.125000E+03 2.391000E+03
7.700000E-03 1740201 2.108410E+05 1.074000E+04 5.606000E+03 1.137000E+03 2.396000E+03
7.800000E-03 1763114 2.137350E+05 1.088900E+04 5.725000E+03 1.147000E+03 2.398000E+03
7.900000E-03 1785840 2.166430E+05 1.100500E+04 5.839000E+03 1.158000E+03 2.399000E+03
8.000000E-03 1808606 2.195200E+05 1.111900E+04 5.974000E+03 1.172000E+03 2.397000E+03
8.100000E-03 1830978 2.223190E+05 1.129300E+04 6.075000E+03 1.183000E+03 2.406000E+03
8.200000E-03 1853421 2.249860E+05 1.144100E+04 6.189000E+03 1.203000E+03 2.408000E+03
8.300000E-03 1876291 2.279090E+05 1.157100E+04 6.307000E+03 1.216000E+03 2.422000E+03
8.400000E-03 1899275 2.307230E+05 1.170700E+04 6.436000E+03 1.222000E+03 2.436000E+03
8.500000E-03 1921839 2.335630E+05 1.185500E+04 6.568000E+03 1.228000E+03 2.433000E+03
8.600000E-03 1944348 2.363870E+05 1.198900E+04 6.706000E+03 1.232000E+03 2.447000E+03
8.700000E-03 1967173 2.392500E+05 1.209000E+04 6.794000E+03 1.238000E+03 2.456000E+03
8.800000E-03 1989417 2.419870E+05 1.221700E+04 6.890000E+03 1.247000E+03 2.464000E+03
8.900000E-03 2012040 2.446900E+05 1.237500E+04 7.011000E+03 1.269000E+03 2.465000E+03
9.000000E-03 2034807 2.474060E+05 1.256500E+04 7.162000E+03 1.283000E+03 2.446000E+03
9.100000E-03 2057220 2.501650E+05 1.275000E+04 7.271000E+03 1.309000E+03 2.464000E+03
9.200000E-03 2079699 2.529390E+05 1.288600E+04 7.368000E+03 1.330000E+03 2.495000E+03
9.300000E-03 2102001 2.557720E+05 1.299700E+04 7.485000E+03 1.340000E+03 2.517000E+03
9.400000E-03 2124683 2.586040E+05 1.316200E+04 7.586000E+03 1.352000E+03 2.521000E+03
9.500000E-03 2147321 2.614460E+05 1.328700E+04 7.695000E+03 1.375000E+03 2.535000E+03
9.600000E-03 2169783 2.643300E+05 1.346200E+04 7.856000E+03 1.388000E+03 2.531000E+03
9.700000E-03 2192254 2.671740E+05 1.366200E+04 7.948000E+03 1.402000E+03 2.541000E+03
9.800000E-03 2214891 2.699350E+05 1.378000E+04 8.074000E+03 1.420000E+03 2.556000E+03
9.900000E-03 2237592 2.726710E+05 1.395000E+04 8.212000E+03 1.439000E+03 2.558000E+03
1.000000E-02 2260229 2.754220E+05 1.411000E+04 8.323000E+03 1.448000E+03 2.582000E+03
