 time E '10XNapC-electrons_given_to_SolubleIron' '10XNapC-electrons_given_to_mtrB' '10XNapC-electrons_from_Flavin' '10XNapC-electrons_from_mtrC' '10XNapC-electrons_stored_in_Flavin'
0.000000E+00 0 0.000000E+00 0.000000E+00 0.000000E+00 0.000000E+00 0.000000E+00
1.000000E-04 20752 3.620000E+02 0.000000E+00 6.000000E+00 0.000000E+00 8.600000E+01
2.000000E-04 42059 1.734000E+03 1.900000E+01 1.200000E+01 1.400000E+01 1.790000E+02
3.000000E-04 64129 3.860000E+03 7.400000E+01 2.400000E+01 2.000000E+01 2.610000E+02
4.000000E-04 86524 6.456000E+03 1.900000E+02 4.400000E+01 3.000000E+01 3.230000E+02
5.000000E-04 109067 9.151000E+03 3.890000E+02 6.000000E+01 3.000000E+01 3.930000E+02
6.000000E-04 131689 1.193600E+04 5.520000E+02 8.200000E+01 3.900000E+01 4.460000E+02
7.000000E-04 154137 1.477800E+04 6.640000E+02 1.000000E+02 4.900000E+01 5.100000E+02
8.000000E-04 176882 1.753300E+04 8.120000E+02 1.350000E+02 6.200000E+01 5.580000E+02
9.000000E-04 199428 2.028600E+04 9.520000E+02 1.650000E+02 7.600000E+01 6.150000E+02
1.000000E-03 221858 2.304500E+04 1.091000E+03 1.890000E+02 9.700000E+01 6.720000E+02
1.100000E-03 244187 2.579600E+04 1.280000E+03 2.210000E+02 1.110000E+02 7.450000E+02
1.200000E-03 266636 2.863000E+04 1.421000E+03 2.630000E+02 1.200000E+02 7.970000E+02
1.300000E-03 289302 3.140900E+04 1.543000E+03 3.010000E+02 1.320000E+02 8.540000E+02
1.400000E-03 312075 3.417700E+04 1.731000E+03 3.400000E+02 1.460000E+02 9.050000E+02
1.500000E-03 334682 3.703900E+04 1.903000E+03 3.890000E+02 1.660000E+02 9.530000E+02
1.600000E-03 357463 3.980000E+04 2.058000E+03 4.190000E+02 1.770000E+02 9.960000E+02
1.700000E-03 380148 4.261500E+04 2.175000E+03 4.850000E+02 1.850000E+02 1.022000E+03
1.800000E-03 402778 4.538000E+04 2.312000E+03 5.330000E+02 2.340000E+02 1.072000E+03
1.900000E-03 425309 4.814600E+04 2.475000E+03 5.780000E+02 2.410000E+02 1.138000E+03
2.000000E-03 447994 5.101700E+04 2.675000E+03 6.430000E+02 2.640000E+02 1.175000E+03
2.100000E-03 470613 5.379400E+04 2.789000E+03 6.970000E+02 2.710000E+02 1.218000E+03
2.200000E-03 493248 5.660100E+04 2.946000E+03 7.490000E+02 2.870000E+02 1.250000E+03
2.300000E-03 515993 5.937400E+04 3.063000E+03 8.200000E+02 3.100000E+02 1.279000E+03
2.400000E-03 538793 6.208500E+04 3.182000E+03 8.900000E+02 3.130000E+02 1.305000E+03
2.500000E-03 561772 6.497500E+04 3.363000E+03 9.590000E+02 3.200000E+02 1.342000E+03
2.600000E-03 584557 6.775400E+04 3.491000E+03 1.028000E+03 3.460000E+02 1.381000E+03
2.700000E-03 607143 7.061900E+04 3.637000E+03 1.088000E+03 3.570000E+02 1.408000E+03
2.800000E-03 629867 7.341800E+04 3.768000E+03 1.160000E+03 3.570000E+02 1.440000E+03
2.900000E-03 652550 7.630800E+04 3.921000E+03 1.228000E+03 3.810000E+02 1.466000E+03
3.000000E-03 675120 7.911500E+04 4.039000E+03 1.296000E+03 3.970000E+02 1.486000E+03
3.100000E-03 697932 8.202500E+04 4.241000E+03 1.350000E+03 4.180000E+02 1.531000E+03
3.200000E-03 721051 8.501000E+04 4.370000E+03 1.432000E+03 4.310000E+02 1.571000E+03
3.300000E-03 743926 8.791900E+04 4.494000E+03 1.499000E+03 4.360000E+02 1.606000E+03
3.400000E-03 766359 9.074900E+04 4.588000E+03 1.578000E+03 4.440000E+02 1.636000E+03
3.500000E-03 789161 9.352400E+04 4.771000E+03 1.669000E+03 4.680000E+02 1.663000E+03
3.600000E-03 811838 9.637200E+04 4.935000E+03 1.766000E+03 4.970000E+02 1.673000E+03
3.700000E-03 834762 9.917800E+04 5.114000E+03 1.842000E+03 5.150000E+02 1.700000E+03
3.800000E-03 857699 1.019700E+05 5.259000E+03 1.917000E+03 5.230000E+02 1.737000E+03
3.900000E-03 880559 1.048190E+05 5.395000E+03 1.996000E+03 5.450000E+02 1.766000E+03
4.000000E-03 903354 1.076260E+05 5.533000E+03 2.080000E+03 5.590000E+02 1.801000E+03
4.100000E-03 925849 1.103840E+05 5.703000E+03 2.149000E+03 5.830000E+02 1.830000E+03
4.200000E-03 948502 1.131550E+05 5.854000E+03 2.224000E+03 6.050000E+02 1.852000E+03
4.300000E-03 971259 1.160170E+05 5.996000E+03 2.313000E+03 6.220000E+02 1.874000E+03
4.400000E-03 993859 1.188910E+05 6.126000E+03 2.392000E+03 6.530000E+02 1.901000E+03
4.500000E-03 1016626 1.217510E+05 6.318000E+03 2.480000E+03 6.540000E+02 1.917000E+03
4.600000E-03 1039132 1.244660E+05 6.404000E+03 2.579000E+03 6.660000E+02 1.944000E+03
4.700000E-03 1061750 1.273010E+05 6.536000E+03 2.655000E+03 6.720000E+02 1.957000E+03
4.800000E-03 1084774 1.301180E+05 6.659000E+03 2.756000E+03 6.960000E+02 1.978000E+03
4.900000E-03 1107269 1.328980E+05 6.856000E+03 2.852000E+03 7.130000E+02 1.995000E+03
5.000000E-03 1129829 1.358050E+05 6.976000E+03 2.976000E+03 7.160000E+02 1.998000E+03
5.100000E-03 1153039 1.386340E+05 7.119000E+03 3.051000E+03 7.350000E+02 2.019000E+03
5.200000E-03 1175888 1.414680E+05 7.250000E+03 3.171000E+03 7.460000E+02 2.021000E+03
5.300000E-03 1198461 1.442810E+05 7.411000E+03 3.288000E+03 7.590000E+02 2.021000E+03
5.400000E-03 1221317 1.471330E+05 7.555000E+03 3.394000E+03 7.780000E+02 2.033000E+03
5.500000E-03 1244182 1.499440E+05 7.660000E+03 3.482000E+03 7.950000E+02 2.060000E+03
5.600000E-03 1267080 1.526360E+05 7.822000E+03 3.572000E+03 8.260000E+02 2.076000E+03
5.700000E-03 1289745 1.554680E+05 7.929000E+03 3.673000E+03 8.360000E+02 2.084000E+03
5.800000E-03 1312547 1.583950E+05 8.135000E+03 3.773000E+03 8.620000E+02 2.094000E+03
5.900000E-03 1335074 1.612380E+05 8.250000E+03 3.867000E+03 8.750000E+02 2.133000E+03
6.000000E-03 1357837 1.640300E+05 8.396000E+03 3.976000E+03 8.840000E+02 2.129000E+03
6.100000E-03 1380365 1.667800E+05 8.533000E+03 4.097000E+03 9.120000E+02 2.135000E+03
6.200000E-03 1402940 1.695900E+05 8.630000E+03 4.189000E+03 9.260000E+02 2.153000E+03
6.300000E-03 1425673 1.723580E+05 8.847000E+03 4.313000E+03 9.420000E+02 2.155000E+03
6.400000E-03 1448190 1.751630E+05 8.939000E+03 4.404000E+03 9.500000E+02 2.176000E+03
6.500000E-03 1470804 1.779780E+05 9.073000E+03 4.520000E+03 9.530000E+02 2.184000E+03
6.600000E-03 1493428 1.808970E+05 9.223000E+03 4.610000E+03 9.570000E+02 2.206000E+03
6.700000E-03 1516117 1.838270E+05 9.344000E+03 4.706000E+03 9.960000E+02 2.202000E+03
6.800000E-03 1538750 1.866790E+05 9.515000E+03 4.790000E+03 1.008000E+03 2.215000E+03
6.900000E-03 1561385 1.894300E+05 9.638000E+03 4.904000E+03 1.014000E+03 2.223000E+03
7.000000E-03 1583791 1.922200E+05 9.781000E+03 5.020000E+03 1.039000E+03 2.242000E+03
7.100000E-03 1606291 1.949120E+05 9.898000E+03 5.134000E+03 1.043000E+03 2.237000E+03
7.200000E-03 1628966 1.976370E+05 1.001500E+04 5.241000E+03 1.054000E+03 2.260000E+03
7.300000E-03 1651369 2.003710E+05 1.017500E+04 5.346000E+03 1.054000E+03 2.279000E+03
7.400000E-03 1673855 2.032060E+05 1.031100E+04 5.461000E+03 1.057000E+03 2.277000E+03
7.500000E-03 1696785 2.060700E+05 1.044200E+04 5.606000E+03 1.087000E+03 2.267000E+03
7.600000E-03 1719561 2.088920E+05 1.057800E+04 5.723000E+03 1.107000E+03 2.253000E+03
7.700000E-03 1742222 2.117430E+05 1.070900E+04 5.831000E+03 1.115000E+03 2.270000E+03
7.800000E-03 1764983 2.146380E+05 1.082600E+04 5.936000E+03 1.117000E+03 2.277000E+03
7.900000E-03 1787565 2.174320E+05 1.094400E+04 6.043000E+03 1.135000E+03 2.284000E+03
8.000000E-03 1810391 2.203300E+05 1.108300E+04 6.160000E+03 1.136000E+03 2.282000E+03
8.100000E-03 1833108 2.232490E+05 1.119600E+04 6.265000E+03 1.136000E+03 2.301000E+03
8.200000E-03 1855766 2.260270E+05 1.140100E+04 6.369000E+03 1.159000E+03 2.310000E+03
8.300000E-03 1878254 2.287520E+05 1.154200E+04 6.493000E+03 1.192000E+03 2.304000E+03
8.400000E-03 1901042 2.315910E+05 1.167600E+04 6.623000E+03 1.197000E+03 2.307000E+03
8.500000E-03 1923872 2.343640E+05 1.182900E+04 6.751000E+03 1.205000E+03 2.312000E+03
8.600000E-03 1946544 2.371690E+05 1.200400E+04 6.844000E+03 1.207000E+03 2.345000E+03
8.700000E-03 1969207 2.400500E+05 1.218600E+04 6.949000E+03 1.213000E+03 2.359000E+03
8.800000E-03 1991803 2.427700E+05 1.231100E+04 7.068000E+03 1.243000E+03 2.367000E+03
8.900000E-03 2014271 2.456510E+05 1.249100E+04 7.193000E+03 1.266000E+03 2.378000E+03
9.000000E-03 2036998 2.485130E+05 1.264300E+04 7.302000E+03 1.267000E+03 2.401000E+03
9.100000E-03 2059832 2.512370E+05 1.273700E+04 7.410000E+03 1.277000E+03 2.422000E+03
9.200000E-03 2082613 2.540530E+05 1.284700E+04 7.523000E+03 1.295000E+03 2.418000E+03
9.300000E-03 2105290 2.567950E+05 1.305400E+04 7.645000E+03 1.306000E+03 2.426000E+03
9.400000E-03 2128222 2.596610E+05 1.315900E+04 7.769000E+03 1.347000E+03 2.422000E+03
9.500000E-03 2151044 2.625310E+05 1.331900E+04 7.902000E+03 1.353000E+03 2.425000E+03
9.600000E-03 2174083 2.654070E+05 1.345900E+04 8.004000E+03 1.386000E+03 2.425000E+03
9.700000E-03 2197158 2.681590E+05 1.359600E+04 8.115000E+03 1.391000E+03 2.434000E+03
9.800000E-03 2219629 2.708560E+05 1.375200E+04 8.224000E+03 1.397000E+03 2.445000E+03
9.900000E-03 2242179 2.736710E+05 1.385500E+04 8.335000E+03 1.405000E+03 2.450000E+03
1.000000E-02 2265187 2.766350E+05 1.400600E+04 8.446000E+03 1.414000E+03 2.454000E+03
