 time E 'electrons_given_to_SolubleIron' 'electrons_given_to_mtrB' 'electrons_from_Flavin' 'electrons_from_mtrC' '_electrons_stored_in_Flavin'
0.000000E+00 0 0.000000E+00 0.000000E+00 0.000000E+00 0.000000E+00 0.000000E+00
1.000000E-04 18738 5.400000E+01 0.000000E+00 4.000000E+00 0.000000E+00 8.300000E+01
2.000000E-04 37326 2.460000E+02 0.000000E+00 4.000000E+00 0.000000E+00 1.610000E+02
3.000000E-04 56434 5.610000E+02 1.800000E+01 1.200000E+01 2.000000E+00 2.330000E+02
4.000000E-04 75527 9.870000E+02 4.800000E+01 3.200000E+01 4.000000E+00 2.890000E+02
5.000000E-04 94993 1.497000E+03 7.200000E+01 4.200000E+01 4.000000E+00 3.370000E+02
6.000000E-04 114447 2.079000E+03 1.210000E+02 5.400000E+01 1.000000E+01 3.620000E+02
7.000000E-04 133631 2.642000E+03 1.770000E+02 7.600000E+01 1.400000E+01 3.710000E+02
8.000000E-04 153197 3.256000E+03 2.110000E+02 9.600000E+01 1.400000E+01 3.890000E+02
9.000000E-04 172751 3.892000E+03 2.250000E+02 1.340000E+02 2.300000E+01 3.880000E+02
1.000000E-03 192363 4.493000E+03 3.280000E+02 1.540000E+02 3.200000E+01 4.050000E+02
1.100000E-03 211987 5.102000E+03 3.870000E+02 1.750000E+02 4.100000E+01 4.190000E+02
1.200000E-03 231412 5.676000E+03 4.410000E+02 1.900000E+02 4.200000E+01 4.390000E+02
1.300000E-03 250919 6.232000E+03 4.900000E+02 2.050000E+02 4.600000E+01 4.620000E+02
1.400000E-03 270332 6.798000E+03 5.220000E+02 2.370000E+02 4.600000E+01 4.780000E+02
1.500000E-03 290036 7.325000E+03 5.570000E+02 2.590000E+02 5.100000E+01 4.840000E+02
1.600000E-03 309747 7.905000E+03 6.350000E+02 2.910000E+02 5.100000E+01 4.890000E+02
1.700000E-03 329077 8.485000E+03 6.990000E+02 3.100000E+02 5.100000E+01 5.060000E+02
1.800000E-03 348365 9.012000E+03 7.570000E+02 3.330000E+02 6.500000E+01 5.200000E+02
1.900000E-03 368065 9.564000E+03 8.190000E+02 3.530000E+02 6.500000E+01 5.460000E+02
2.000000E-03 387585 1.016200E+04 8.670000E+02 3.800000E+02 6.500000E+01 5.680000E+02
2.100000E-03 407092 1.075900E+04 9.110000E+02 4.180000E+02 6.900000E+01 5.770000E+02
2.200000E-03 426585 1.134600E+04 9.660000E+02 4.450000E+02 7.600000E+01 5.890000E+02
2.300000E-03 446056 1.193100E+04 1.013000E+03 4.660000E+02 8.300000E+01 6.000000E+02
2.400000E-03 465595 1.246000E+04 1.074000E+03 4.940000E+02 8.300000E+01 6.050000E+02
2.500000E-03 485383 1.301700E+04 1.126000E+03 5.320000E+02 8.300000E+01 6.120000E+02
2.600000E-03 504630 1.360800E+04 1.158000E+03 5.590000E+02 8.700000E+01 6.290000E+02
2.700000E-03 523902 1.419700E+04 1.191000E+03 5.970000E+02 8.800000E+01 6.340000E+02
2.800000E-03 543434 1.479100E+04 1.234000E+03 6.090000E+02 9.000000E+01 6.450000E+02
2.900000E-03 562935 1.535800E+04 1.299000E+03 6.330000E+02 9.000000E+01 6.650000E+02
3.000000E-03 582543 1.600800E+04 1.362000E+03 6.650000E+02 9.800000E+01 6.760000E+02
3.100000E-03 601983 1.658700E+04 1.413000E+03 6.910000E+02 1.100000E+02 6.840000E+02
3.200000E-03 621724 1.720200E+04 1.495000E+03 7.270000E+02 1.200000E+02 6.880000E+02
3.300000E-03 641366 1.778200E+04 1.518000E+03 7.740000E+02 1.310000E+02 6.950000E+02
3.400000E-03 660671 1.834800E+04 1.594000E+03 7.920000E+02 1.370000E+02 7.030000E+02
3.500000E-03 680357 1.896000E+04 1.654000E+03 8.300000E+02 1.370000E+02 7.150000E+02
3.600000E-03 699772 1.959400E+04 1.697000E+03 8.690000E+02 1.400000E+02 7.170000E+02
3.700000E-03 719144 2.021700E+04 1.744000E+03 8.850000E+02 1.400000E+02 7.320000E+02
3.800000E-03 738873 2.077400E+04 1.820000E+03 9.170000E+02 1.400000E+02 7.590000E+02
3.900000E-03 758382 2.128000E+04 1.869000E+03 9.400000E+02 1.470000E+02 7.780000E+02
4.000000E-03 777794 2.179700E+04 1.939000E+03 9.680000E+02 1.520000E+02 7.920000E+02
4.100000E-03 797414 2.230000E+04 1.974000E+03 1.028000E+03 1.630000E+02 7.810000E+02
4.200000E-03 816805 2.292600E+04 2.048000E+03 1.072000E+03 1.630000E+02 7.890000E+02
4.300000E-03 836198 2.344200E+04 2.076000E+03 1.108000E+03 1.660000E+02 8.020000E+02
4.400000E-03 855787 2.404100E+04 2.147000E+03 1.146000E+03 1.790000E+02 7.980000E+02
4.500000E-03 875542 2.460500E+04 2.216000E+03 1.203000E+03 1.830000E+02 8.040000E+02
4.600000E-03 895131 2.516300E+04 2.258000E+03 1.246000E+03 1.830000E+02 8.070000E+02
4.700000E-03 914794 2.575500E+04 2.329000E+03 1.290000E+03 1.980000E+02 8.030000E+02
4.800000E-03 934359 2.633600E+04 2.380000E+03 1.317000E+03 2.050000E+02 8.190000E+02
4.900000E-03 953707 2.686200E+04 2.461000E+03 1.356000E+03 2.050000E+02 8.290000E+02
5.000000E-03 973196 2.737600E+04 2.495000E+03 1.385000E+03 2.170000E+02 8.320000E+02
5.100000E-03 992426 2.789400E+04 2.519000E+03 1.421000E+03 2.260000E+02 8.320000E+02
5.200000E-03 1012169 2.845600E+04 2.552000E+03 1.452000E+03 2.330000E+02 8.420000E+02
5.300000E-03 1031770 2.904900E+04 2.603000E+03 1.484000E+03 2.410000E+02 8.410000E+02
5.400000E-03 1050986 2.960700E+04 2.655000E+03 1.526000E+03 2.430000E+02 8.300000E+02
5.500000E-03 1070668 3.021100E+04 2.719000E+03 1.563000E+03 2.450000E+02 8.350000E+02
5.600000E-03 1090261 3.075400E+04 2.761000E+03 1.593000E+03 2.450000E+02 8.470000E+02
5.700000E-03 1109888 3.130300E+04 2.814000E+03 1.643000E+03 2.490000E+02 8.480000E+02
5.800000E-03 1129502 3.182500E+04 2.850000E+03 1.662000E+03 2.540000E+02 8.640000E+02
5.900000E-03 1148872 3.241300E+04 2.890000E+03 1.694000E+03 2.620000E+02 8.740000E+02
6.000000E-03 1168733 3.302000E+04 2.940000E+03 1.734000E+03 2.720000E+02 8.730000E+02
6.100000E-03 1188220 3.364300E+04 2.974000E+03 1.771000E+03 2.800000E+02 8.740000E+02
6.200000E-03 1207540 3.418700E+04 3.049000E+03 1.815000E+03 2.810000E+02 8.680000E+02
6.300000E-03 1226966 3.474600E+04 3.099000E+03 1.857000E+03 2.810000E+02 8.800000E+02
6.400000E-03 1246245 3.530800E+04 3.143000E+03 1.900000E+03 2.820000E+02 8.780000E+02
6.500000E-03 1265959 3.594700E+04 3.197000E+03 1.933000E+03 2.860000E+02 8.890000E+02
6.600000E-03 1285504 3.650300E+04 3.256000E+03 1.965000E+03 2.910000E+02 8.990000E+02
6.700000E-03 1304925 3.708100E+04 3.323000E+03 2.015000E+03 2.920000E+02 8.990000E+02
6.800000E-03 1323890 3.756200E+04 3.337000E+03 2.047000E+03 2.930000E+02 9.100000E+02
6.900000E-03 1343619 3.818100E+04 3.406000E+03 2.106000E+03 3.010000E+02 8.940000E+02
7.000000E-03 1363140 3.878500E+04 3.485000E+03 2.139000E+03 3.110000E+02 9.100000E+02
7.100000E-03 1383103 3.938600E+04 3.553000E+03 2.176000E+03 3.200000E+02 9.360000E+02
7.200000E-03 1402728 3.999900E+04 3.601000E+03 2.236000E+03 3.200000E+02 9.320000E+02
7.300000E-03 1422072 4.058800E+04 3.687000E+03 2.283000E+03 3.250000E+02 9.400000E+02
7.400000E-03 1441620 4.115800E+04 3.733000E+03 2.336000E+03 3.250000E+02 9.450000E+02
7.500000E-03 1461027 4.167900E+04 3.796000E+03 2.381000E+03 3.320000E+02 9.460000E+02
7.600000E-03 1480525 4.223800E+04 3.828000E+03 2.414000E+03 3.320000E+02 9.590000E+02
7.700000E-03 1499936 4.279800E+04 3.868000E+03 2.460000E+03 3.410000E+02 9.500000E+02
7.800000E-03 1519737 4.336400E+04 3.952000E+03 2.502000E+03 3.410000E+02 9.570000E+02
7.900000E-03 1539282 4.393800E+04 4.004000E+03 2.540000E+03 3.410000E+02 9.570000E+02
8.000000E-03 1558522 4.447900E+04 4.046000E+03 2.583000E+03 3.510000E+02 9.630000E+02
8.100000E-03 1578006 4.499500E+04 4.094000E+03 2.633000E+03 3.550000E+02 9.630000E+02
8.200000E-03 1597641 4.550800E+04 4.151000E+03 2.682000E+03 3.750000E+02 9.580000E+02
8.300000E-03 1616952 4.605900E+04 4.205000E+03 2.739000E+03 3.830000E+02 9.560000E+02
8.400000E-03 1636492 4.660400E+04 4.241000E+03 2.805000E+03 4.020000E+02 9.350000E+02
8.500000E-03 1656258 4.718300E+04 4.309000E+03 2.838000E+03 4.020000E+02 9.370000E+02
8.600000E-03 1675657 4.771300E+04 4.355000E+03 2.879000E+03 4.020000E+02 9.470000E+02
8.700000E-03 1694922 4.825300E+04 4.395000E+03 2.937000E+03 4.060000E+02 9.440000E+02
8.800000E-03 1714016 4.878800E+04 4.439000E+03 2.973000E+03 4.150000E+02 9.460000E+02
8.900000E-03 1733059 4.935700E+04 4.499000E+03 3.010000E+03 4.160000E+02 9.460000E+02
9.000000E-03 1752564 4.986900E+04 4.576000E+03 3.053000E+03 4.290000E+02 9.470000E+02
9.100000E-03 1772116 5.045000E+04 4.636000E+03 3.097000E+03 4.290000E+02 9.630000E+02
9.200000E-03 1791668 5.104600E+04 4.697000E+03 3.133000E+03 4.350000E+02 9.760000E+02
9.300000E-03 1811193 5.164300E+04 4.750000E+03 3.169000E+03 4.490000E+02 9.790000E+02
9.400000E-03 1830449 5.220300E+04 4.844000E+03 3.202000E+03 4.590000E+02 9.910000E+02
9.500000E-03 1849703 5.278800E+04 4.910000E+03 3.238000E+03 4.590000E+02 9.950000E+02
9.600000E-03 1869176 5.334600E+04 4.956000E+03 3.271000E+03 4.610000E+02 1.003000E+03
9.700000E-03 1888711 5.397500E+04 5.012000E+03 3.338000E+03 4.610000E+02 1.002000E+03
9.800000E-03 1908037 5.454500E+04 5.074000E+03 3.380000E+03 4.620000E+02 1.017000E+03
9.900000E-03 1927576 5.510000E+04 5.141000E+03 3.437000E+03 4.620000E+02 1.020000E+03
1.000000E-02 1946859 5.567500E+04 5.204000E+03 3.492000E+03 4.650000E+02 1.020000E+03
