 time E 'electrons_given_to_SolubleIron' 'electrons_given_to_mtrB' 'electrons_from_Flavin' 'electrons_from_mtrC' '_electrons_stored_in_Flavin'
0.000000E+00 0 0.000000E+00 0.000000E+00 0.000000E+00 0.000000E+00 0.000000E+00
1.000000E-04 19054 3.600000E+01 0.000000E+00 4.000000E+00 2.000000E+01 7.500000E+01
2.000000E-04 37840 1.920000E+02 0.000000E+00 1.000000E+01 2.000000E+01 1.640000E+02
3.000000E-04 56586 5.010000E+02 1.500000E+01 2.400000E+01 2.400000E+01 2.340000E+02
4.000000E-04 75911 9.370000E+02 4.300000E+01 3.000000E+01 4.000000E+01 2.950000E+02
5.000000E-04 95133 1.415000E+03 1.010000E+02 5.400000E+01 4.600000E+01 3.130000E+02
6.000000E-04 114781 1.939000E+03 1.830000E+02 7.400000E+01 4.600000E+01 3.450000E+02
7.000000E-04 134196 2.451000E+03 2.580000E+02 9.400000E+01 4.600000E+01 3.680000E+02
8.000000E-04 153695 3.010000E+03 3.190000E+02 1.060000E+02 5.200000E+01 3.970000E+02
9.000000E-04 173266 3.578000E+03 3.510000E+02 1.280000E+02 5.400000E+01 4.160000E+02
1.000000E-03 192744 4.106000E+03 3.800000E+02 1.540000E+02 5.700000E+01 4.330000E+02
1.100000E-03 212152 4.628000E+03 4.310000E+02 1.760000E+02 7.300000E+01 4.520000E+02
1.200000E-03 231565 5.121000E+03 5.080000E+02 1.950000E+02 8.300000E+01 4.640000E+02
1.300000E-03 250702 5.639000E+03 5.670000E+02 2.280000E+02 8.300000E+01 4.690000E+02
1.400000E-03 270161 6.180000E+03 5.900000E+02 2.550000E+02 8.800000E+01 4.760000E+02
1.500000E-03 289573 6.749000E+03 6.500000E+02 2.780000E+02 9.400000E+01 4.940000E+02
1.600000E-03 309101 7.300000E+03 7.160000E+02 3.080000E+02 1.000000E+02 5.080000E+02
1.700000E-03 328828 7.877000E+03 7.770000E+02 3.220000E+02 1.050000E+02 5.330000E+02
1.800000E-03 348080 8.418000E+03 8.410000E+02 3.470000E+02 1.110000E+02 5.460000E+02
1.900000E-03 367652 8.995000E+03 8.890000E+02 3.650000E+02 1.160000E+02 5.620000E+02
2.000000E-03 387034 9.575000E+03 9.250000E+02 3.940000E+02 1.230000E+02 5.690000E+02
2.100000E-03 406534 1.013600E+04 1.015000E+03 4.240000E+02 1.230000E+02 5.820000E+02
2.200000E-03 426294 1.065700E+04 1.053000E+03 4.390000E+02 1.330000E+02 5.990000E+02
2.300000E-03 445818 1.124200E+04 1.106000E+03 4.790000E+02 1.390000E+02 6.010000E+02
2.400000E-03 465189 1.175800E+04 1.167000E+03 5.040000E+02 1.570000E+02 6.090000E+02
2.500000E-03 484759 1.223900E+04 1.239000E+03 5.380000E+02 1.600000E+02 6.170000E+02
2.600000E-03 503989 1.275000E+04 1.331000E+03 5.630000E+02 1.660000E+02 6.350000E+02
2.700000E-03 523574 1.325900E+04 1.401000E+03 5.830000E+02 1.690000E+02 6.580000E+02
2.800000E-03 542683 1.381000E+04 1.451000E+03 6.190000E+02 1.740000E+02 6.740000E+02
2.900000E-03 562204 1.436800E+04 1.536000E+03 6.650000E+02 1.740000E+02 6.910000E+02
3.000000E-03 581573 1.492300E+04 1.593000E+03 6.990000E+02 1.760000E+02 6.940000E+02
3.100000E-03 601052 1.550800E+04 1.631000E+03 7.310000E+02 1.760000E+02 7.220000E+02
3.200000E-03 620633 1.605600E+04 1.646000E+03 7.650000E+02 1.760000E+02 7.310000E+02
3.300000E-03 639995 1.660500E+04 1.747000E+03 7.940000E+02 1.790000E+02 7.540000E+02
3.400000E-03 659395 1.720500E+04 1.851000E+03 8.290000E+02 1.860000E+02 7.700000E+02
3.500000E-03 678605 1.775500E+04 1.911000E+03 8.720000E+02 1.880000E+02 7.720000E+02
3.600000E-03 697918 1.830500E+04 1.962000E+03 9.150000E+02 1.970000E+02 7.860000E+02
3.700000E-03 717418 1.887400E+04 1.999000E+03 9.570000E+02 1.970000E+02 8.030000E+02
3.800000E-03 736874 1.944500E+04 2.067000E+03 9.930000E+02 2.030000E+02 8.140000E+02
3.900000E-03 756294 2.002100E+04 2.133000E+03 1.047000E+03 2.180000E+02 8.110000E+02
4.000000E-03 775426 2.059700E+04 2.176000E+03 1.087000E+03 2.180000E+02 8.130000E+02
4.100000E-03 795105 2.116300E+04 2.238000E+03 1.138000E+03 2.300000E+02 8.150000E+02
4.200000E-03 814518 2.173000E+04 2.275000E+03 1.166000E+03 2.300000E+02 8.150000E+02
4.300000E-03 834011 2.233100E+04 2.335000E+03 1.206000E+03 2.320000E+02 8.240000E+02
4.400000E-03 853582 2.290100E+04 2.367000E+03 1.258000E+03 2.320000E+02 8.240000E+02
4.500000E-03 873134 2.345400E+04 2.425000E+03 1.299000E+03 2.370000E+02 8.340000E+02
4.600000E-03 892441 2.398400E+04 2.513000E+03 1.334000E+03 2.390000E+02 8.450000E+02
4.700000E-03 912216 2.454200E+04 2.606000E+03 1.373000E+03 2.450000E+02 8.620000E+02
4.800000E-03 931710 2.511100E+04 2.646000E+03 1.396000E+03 2.460000E+02 8.810000E+02
4.900000E-03 950987 2.563200E+04 2.739000E+03 1.445000E+03 2.490000E+02 8.940000E+02
5.000000E-03 970263 2.615100E+04 2.789000E+03 1.476000E+03 2.500000E+02 9.140000E+02
5.100000E-03 989540 2.674500E+04 2.843000E+03 1.509000E+03 2.560000E+02 9.220000E+02
5.200000E-03 1008920 2.731900E+04 2.887000E+03 1.550000E+03 2.720000E+02 9.180000E+02
5.300000E-03 1028574 2.790500E+04 2.965000E+03 1.607000E+03 2.760000E+02 9.240000E+02
5.400000E-03 1047987 2.847800E+04 3.013000E+03 1.644000E+03 2.850000E+02 9.350000E+02
5.500000E-03 1067684 2.905600E+04 3.046000E+03 1.681000E+03 2.850000E+02 9.440000E+02
5.600000E-03 1087188 2.965200E+04 3.141000E+03 1.732000E+03 2.880000E+02 9.470000E+02
5.700000E-03 1106669 3.018100E+04 3.186000E+03 1.778000E+03 2.920000E+02 9.550000E+02
5.800000E-03 1126108 3.074500E+04 3.253000E+03 1.826000E+03 2.940000E+02 9.620000E+02
5.900000E-03 1145778 3.131000E+04 3.278000E+03 1.877000E+03 2.980000E+02 9.500000E+02
6.000000E-03 1165094 3.190400E+04 3.329000E+03 1.909000E+03 3.030000E+02 9.560000E+02
6.100000E-03 1184774 3.244200E+04 3.386000E+03 1.959000E+03 3.140000E+02 9.630000E+02
6.200000E-03 1204472 3.301500E+04 3.480000E+03 2.005000E+03 3.160000E+02 9.660000E+02
6.300000E-03 1223825 3.359700E+04 3.535000E+03 2.032000E+03 3.180000E+02 9.840000E+02
6.400000E-03 1243428 3.422300E+04 3.599000E+03 2.080000E+03 3.240000E+02 9.890000E+02
6.500000E-03 1262971 3.482800E+04 3.643000E+03 2.122000E+03 3.260000E+02 1.004000E+03
6.600000E-03 1282312 3.543800E+04 3.696000E+03 2.175000E+03 3.310000E+02 9.990000E+02
6.700000E-03 1301775 3.596900E+04 3.753000E+03 2.227000E+03 3.450000E+02 9.900000E+02
6.800000E-03 1321543 3.653000E+04 3.816000E+03 2.275000E+03 3.450000E+02 9.900000E+02
6.900000E-03 1340929 3.711200E+04 3.859000E+03 2.313000E+03 3.470000E+02 9.980000E+02
7.000000E-03 1360491 3.767900E+04 3.936000E+03 2.363000E+03 3.590000E+02 9.910000E+02
7.100000E-03 1379947 3.827100E+04 3.989000E+03 2.405000E+03 3.590000E+02 9.980000E+02
7.200000E-03 1399380 3.881300E+04 4.064000E+03 2.457000E+03 3.810000E+02 1.006000E+03
7.300000E-03 1419039 3.935200E+04 4.146000E+03 2.505000E+03 3.990000E+02 1.010000E+03
7.400000E-03 1438653 3.995200E+04 4.184000E+03 2.551000E+03 4.180000E+02 1.022000E+03
7.500000E-03 1458314 4.057100E+04 4.232000E+03 2.580000E+03 4.300000E+02 1.029000E+03
7.600000E-03 1477522 4.111900E+04 4.279000E+03 2.645000E+03 4.350000E+02 1.019000E+03
7.700000E-03 1497110 4.172800E+04 4.355000E+03 2.697000E+03 4.430000E+02 1.013000E+03
7.800000E-03 1516715 4.232100E+04 4.400000E+03 2.740000E+03 4.430000E+02 1.011000E+03
7.900000E-03 1536184 4.289400E+04 4.466000E+03 2.781000E+03 4.510000E+02 1.018000E+03
8.000000E-03 1555503 4.345100E+04 4.544000E+03 2.818000E+03 4.620000E+02 1.024000E+03
8.100000E-03 1574835 4.399300E+04 4.596000E+03 2.859000E+03 4.620000E+02 1.032000E+03
8.200000E-03 1594094 4.453000E+04 4.640000E+03 2.908000E+03 4.720000E+02 1.032000E+03
8.300000E-03 1614089 4.511800E+04 4.721000E+03 2.954000E+03 4.830000E+02 1.048000E+03
8.400000E-03 1633729 4.574800E+04 4.786000E+03 2.990000E+03 4.830000E+02 1.062000E+03
8.500000E-03 1652983 4.636700E+04 4.829000E+03 3.042000E+03 4.910000E+02 1.068000E+03
8.600000E-03 1672131 4.697700E+04 4.902000E+03 3.080000E+03 4.910000E+02 1.073000E+03
8.700000E-03 1691508 4.757500E+04 4.954000E+03 3.133000E+03 4.910000E+02 1.069000E+03
8.800000E-03 1711086 4.820900E+04 5.015000E+03 3.204000E+03 5.040000E+02 1.061000E+03
8.900000E-03 1730595 4.885600E+04 5.063000E+03 3.266000E+03 5.040000E+02 1.050000E+03
9.000000E-03 1749926 4.944700E+04 5.104000E+03 3.325000E+03 5.090000E+02 1.047000E+03
9.100000E-03 1769293 5.002200E+04 5.148000E+03 3.383000E+03 5.110000E+02 1.035000E+03
9.200000E-03 1788742 5.058900E+04 5.246000E+03 3.443000E+03 5.130000E+02 1.049000E+03
9.300000E-03 1808049 5.116300E+04 5.307000E+03 3.494000E+03 5.170000E+02 1.042000E+03
9.400000E-03 1827665 5.172100E+04 5.345000E+03 3.549000E+03 5.220000E+02 1.044000E+03
9.500000E-03 1846924 5.227900E+04 5.411000E+03 3.579000E+03 5.410000E+02 1.052000E+03
9.600000E-03 1865987 5.282000E+04 5.465000E+03 3.620000E+03 5.410000E+02 1.053000E+03
9.700000E-03 1885423 5.338400E+04 5.541000E+03 3.674000E+03 5.490000E+02 1.058000E+03
9.800000E-03 1904922 5.392100E+04 5.569000E+03 3.720000E+03 5.500000E+02 1.065000E+03
9.900000E-03 1923944 5.444000E+04 5.643000E+03 3.769000E+03 5.520000E+02 1.068000E+03
1.000000E-02 1943603 5.502200E+04 5.693000E+03 3.837000E+03 5.540000E+02 1.073000E+03
