 time E '10XNapC-electrons_given_to_SolubleIron' '10XNapC-electrons_given_to_mtrB' '10XNapC-electrons_from_Flavin' '10XNapC-electrons_from_mtrC' '10XNapC-electrons_stored_in_Flavin'
0.000000E+00 0 0.000000E+00 0.000000E+00 0.000000E+00 0.000000E+00 0.000000E+00
1.000000E-04 20325 3.830000E+02 0.000000E+00 0.000000E+00 8.000000E+00 8.500000E+01
2.000000E-04 41395 1.741000E+03 1.000000E+01 4.000000E+00 8.000000E+00 1.940000E+02
3.000000E-04 63536 3.956000E+03 7.300000E+01 1.000000E+01 1.000000E+01 2.760000E+02
4.000000E-04 86058 6.524000E+03 1.780000E+02 2.800000E+01 2.600000E+01 3.410000E+02
5.000000E-04 108499 9.113000E+03 4.210000E+02 4.700000E+01 3.200000E+01 4.080000E+02
6.000000E-04 131286 1.191900E+04 6.050000E+02 7.500000E+01 5.800000E+01 4.570000E+02
7.000000E-04 153971 1.479800E+04 7.070000E+02 8.900000E+01 7.500000E+01 5.120000E+02
8.000000E-04 176303 1.753300E+04 8.080000E+02 1.090000E+02 9.700000E+01 5.650000E+02
9.000000E-04 199259 2.039700E+04 9.680000E+02 1.300000E+02 1.120000E+02 6.280000E+02
1.000000E-03 221930 2.317500E+04 1.150000E+03 1.630000E+02 1.280000E+02 6.720000E+02
1.100000E-03 244111 2.586000E+04 1.248000E+03 1.990000E+02 1.420000E+02 7.150000E+02
1.200000E-03 266661 2.866400E+04 1.330000E+03 2.380000E+02 1.610000E+02 7.620000E+02
1.300000E-03 289537 3.167700E+04 1.526000E+03 2.800000E+02 1.790000E+02 8.060000E+02
1.400000E-03 312283 3.453900E+04 1.661000E+03 3.240000E+02 1.810000E+02 8.570000E+02
1.500000E-03 335167 3.754000E+04 1.764000E+03 3.760000E+02 1.890000E+02 9.040000E+02
1.600000E-03 357902 4.038500E+04 1.876000E+03 4.220000E+02 1.980000E+02 9.370000E+02
1.700000E-03 380577 4.315800E+04 2.056000E+03 4.770000E+02 2.040000E+02 9.820000E+02
1.800000E-03 403339 4.596300E+04 2.187000E+03 5.250000E+02 2.100000E+02 1.033000E+03
1.900000E-03 425680 4.878400E+04 2.340000E+03 5.810000E+02 2.200000E+02 1.068000E+03
2.000000E-03 448776 5.168800E+04 2.507000E+03 6.270000E+02 2.200000E+02 1.117000E+03
2.100000E-03 471715 5.456500E+04 2.616000E+03 6.910000E+02 2.410000E+02 1.155000E+03
2.200000E-03 494433 5.731600E+04 2.806000E+03 7.250000E+02 2.420000E+02 1.202000E+03
2.300000E-03 517133 6.020200E+04 2.886000E+03 7.770000E+02 2.620000E+02 1.246000E+03
2.400000E-03 539723 6.301200E+04 3.095000E+03 8.350000E+02 2.770000E+02 1.287000E+03
2.500000E-03 562343 6.576200E+04 3.190000E+03 8.790000E+02 2.910000E+02 1.329000E+03
2.600000E-03 584909 6.862400E+04 3.322000E+03 9.430000E+02 3.020000E+02 1.355000E+03
2.700000E-03 607531 7.130600E+04 3.446000E+03 1.023000E+03 3.090000E+02 1.387000E+03
2.800000E-03 630605 7.415900E+04 3.563000E+03 1.090000E+03 3.090000E+02 1.424000E+03
2.900000E-03 653125 7.696600E+04 3.724000E+03 1.154000E+03 3.400000E+02 1.455000E+03
3.000000E-03 675910 7.984100E+04 3.864000E+03 1.234000E+03 3.620000E+02 1.486000E+03
3.100000E-03 698934 8.271100E+04 4.017000E+03 1.290000E+03 3.660000E+02 1.518000E+03
3.200000E-03 721668 8.556000E+04 4.171000E+03 1.357000E+03 4.000000E+02 1.556000E+03
3.300000E-03 744579 8.839600E+04 4.369000E+03 1.436000E+03 4.240000E+02 1.572000E+03
3.400000E-03 767187 9.116800E+04 4.495000E+03 1.524000E+03 4.390000E+02 1.606000E+03
3.500000E-03 790115 9.404300E+04 4.618000E+03 1.590000E+03 4.560000E+02 1.634000E+03
3.600000E-03 812910 9.687500E+04 4.773000E+03 1.666000E+03 4.630000E+02 1.668000E+03
3.700000E-03 835721 9.977800E+04 4.906000E+03 1.752000E+03 4.790000E+02 1.686000E+03
3.800000E-03 858419 1.025250E+05 5.048000E+03 1.834000E+03 4.840000E+02 1.723000E+03
3.900000E-03 880919 1.053040E+05 5.162000E+03 1.946000E+03 4.900000E+02 1.734000E+03
4.000000E-03 903571 1.082230E+05 5.338000E+03 2.018000E+03 4.980000E+02 1.752000E+03
4.100000E-03 926291 1.110750E+05 5.428000E+03 2.090000E+03 5.060000E+02 1.789000E+03
4.200000E-03 949096 1.138420E+05 5.578000E+03 2.181000E+03 5.330000E+02 1.798000E+03
4.300000E-03 971845 1.165140E+05 5.741000E+03 2.265000E+03 5.450000E+02 1.816000E+03
4.400000E-03 994597 1.193220E+05 5.900000E+03 2.347000E+03 5.730000E+02 1.834000E+03
4.500000E-03 1017524 1.222580E+05 6.039000E+03 2.439000E+03 5.900000E+02 1.855000E+03
4.600000E-03 1040007 1.250480E+05 6.155000E+03 2.530000E+03 5.990000E+02 1.892000E+03
4.700000E-03 1062607 1.278660E+05 6.329000E+03 2.622000E+03 6.160000E+02 1.919000E+03
4.800000E-03 1085459 1.306810E+05 6.498000E+03 2.724000E+03 6.260000E+02 1.936000E+03
4.900000E-03 1108156 1.334690E+05 6.625000E+03 2.803000E+03 6.330000E+02 1.967000E+03
5.000000E-03 1130816 1.362890E+05 6.811000E+03 2.895000E+03 6.350000E+02 1.978000E+03
5.100000E-03 1153461 1.391350E+05 6.937000E+03 2.990000E+03 6.470000E+02 1.996000E+03
5.200000E-03 1175883 1.419930E+05 7.091000E+03 3.085000E+03 6.530000E+02 2.022000E+03
5.300000E-03 1198555 1.447950E+05 7.176000E+03 3.174000E+03 6.600000E+02 2.048000E+03
5.400000E-03 1221452 1.476960E+05 7.350000E+03 3.274000E+03 6.750000E+02 2.075000E+03
5.500000E-03 1244406 1.505520E+05 7.493000E+03 3.371000E+03 6.960000E+02 2.085000E+03
5.600000E-03 1267180 1.534020E+05 7.583000E+03 3.479000E+03 7.020000E+02 2.100000E+03
5.700000E-03 1289829 1.561680E+05 7.751000E+03 3.576000E+03 7.100000E+02 2.113000E+03
5.800000E-03 1312222 1.589090E+05 7.903000E+03 3.693000E+03 7.230000E+02 2.129000E+03
5.900000E-03 1334855 1.616980E+05 8.003000E+03 3.781000E+03 7.450000E+02 2.145000E+03
6.000000E-03 1357493 1.645780E+05 8.172000E+03 3.879000E+03 7.450000E+02 2.160000E+03
6.100000E-03 1379856 1.672960E+05 8.352000E+03 3.968000E+03 7.540000E+02 2.174000E+03
6.200000E-03 1402811 1.700380E+05 8.501000E+03 4.077000E+03 7.810000E+02 2.198000E+03
6.300000E-03 1425805 1.729110E+05 8.622000E+03 4.169000E+03 7.930000E+02 2.213000E+03
6.400000E-03 1448284 1.757830E+05 8.779000E+03 4.278000E+03 8.100000E+02 2.231000E+03
6.500000E-03 1471012 1.785980E+05 8.891000E+03 4.359000E+03 8.240000E+02 2.262000E+03
6.600000E-03 1493877 1.815040E+05 9.065000E+03 4.447000E+03 8.510000E+02 2.274000E+03
6.700000E-03 1516771 1.843240E+05 9.205000E+03 4.548000E+03 8.650000E+02 2.291000E+03
6.800000E-03 1539393 1.871200E+05 9.349000E+03 4.652000E+03 8.790000E+02 2.306000E+03
6.900000E-03 1561967 1.898200E+05 9.500000E+03 4.774000E+03 8.860000E+02 2.311000E+03
7.000000E-03 1584720 1.924870E+05 9.659000E+03 4.861000E+03 8.960000E+02 2.345000E+03
7.100000E-03 1607460 1.953310E+05 9.768000E+03 4.953000E+03 9.060000E+02 2.353000E+03
7.200000E-03 1630386 1.981880E+05 9.926000E+03 5.049000E+03 9.220000E+02 2.365000E+03
7.300000E-03 1653030 2.011100E+05 1.010500E+04 5.158000E+03 9.250000E+02 2.377000E+03
7.400000E-03 1675780 2.039680E+05 1.024000E+04 5.298000E+03 9.500000E+02 2.370000E+03
7.500000E-03 1698194 2.067900E+05 1.035500E+04 5.397000E+03 9.640000E+02 2.387000E+03
7.600000E-03 1720817 2.095960E+05 1.047300E+04 5.538000E+03 9.850000E+02 2.377000E+03
7.700000E-03 1743326 2.124440E+05 1.063200E+04 5.675000E+03 9.970000E+02 2.377000E+03
7.800000E-03 1765830 2.152120E+05 1.079200E+04 5.787000E+03 1.011000E+03 2.370000E+03
7.900000E-03 1788452 2.180250E+05 1.095100E+04 5.892000E+03 1.029000E+03 2.389000E+03
8.000000E-03 1811041 2.208720E+05 1.106100E+04 6.033000E+03 1.046000E+03 2.391000E+03
8.100000E-03 1833369 2.235760E+05 1.117000E+04 6.129000E+03 1.056000E+03 2.406000E+03
8.200000E-03 1855997 2.264110E+05 1.131600E+04 6.225000E+03 1.063000E+03 2.416000E+03
8.300000E-03 1878770 2.292080E+05 1.144800E+04 6.331000E+03 1.091000E+03 2.409000E+03
8.400000E-03 1901515 2.320850E+05 1.161500E+04 6.447000E+03 1.121000E+03 2.411000E+03
8.500000E-03 1924402 2.349200E+05 1.174200E+04 6.564000E+03 1.128000E+03 2.423000E+03
8.600000E-03 1946874 2.376490E+05 1.187200E+04 6.668000E+03 1.132000E+03 2.440000E+03
8.700000E-03 1969481 2.404210E+05 1.200500E+04 6.776000E+03 1.162000E+03 2.443000E+03
8.800000E-03 1991987 2.432170E+05 1.214900E+04 6.907000E+03 1.166000E+03 2.429000E+03
8.900000E-03 2014436 2.460170E+05 1.231500E+04 7.006000E+03 1.183000E+03 2.435000E+03
9.000000E-03 2037067 2.488620E+05 1.243400E+04 7.111000E+03 1.201000E+03 2.447000E+03
9.100000E-03 2059743 2.517360E+05 1.259600E+04 7.217000E+03 1.234000E+03 2.456000E+03
9.200000E-03 2082423 2.546020E+05 1.272800E+04 7.318000E+03 1.248000E+03 2.465000E+03
9.300000E-03 2105199 2.575430E+05 1.291300E+04 7.429000E+03 1.262000E+03 2.475000E+03
9.400000E-03 2127870 2.603710E+05 1.309600E+04 7.534000E+03 1.274000E+03 2.494000E+03
9.500000E-03 2150320 2.631000E+05 1.319800E+04 7.634000E+03 1.299000E+03 2.517000E+03
9.600000E-03 2172942 2.659400E+05 1.330300E+04 7.739000E+03 1.310000E+03 2.525000E+03
9.700000E-03 2195556 2.686810E+05 1.347000E+04 7.845000E+03 1.320000E+03 2.544000E+03
9.800000E-03 2218277 2.714480E+05 1.360300E+04 7.959000E+03 1.325000E+03 2.549000E+03
9.900000E-03 2240973 2.742470E+05 1.375100E+04 8.068000E+03 1.332000E+03 2.559000E+03
1.000000E-02 2263767 2.771520E+05 1.393200E+04 8.200000E+03 1.346000E+03 2.562000E+03
