 time E 'electrons_given_to_SolubleIron' 'electrons_given_to_mtrB' 'electrons_from_Flavin' 'electrons_from_mtrC' '_electrons_stored_in_Flavin'
0.000000E+00 0 0.000000E+00 0.000000E+00 0.000000E+00 0.000000E+00 0.000000E+00
1.000000E-04 18752 4.100000E+01 0.000000E+00 2.000000E+00 6.000000E+00 7.000000E+01
2.000000E-04 37501 2.310000E+02 0.000000E+00 4.000000E+00 6.000000E+00 1.530000E+02
3.000000E-04 56686 6.020000E+02 1.700000E+01 1.200000E+01 2.400000E+01 2.410000E+02
4.000000E-04 75808 1.072000E+03 4.900000E+01 2.600000E+01 3.000000E+01 2.940000E+02
5.000000E-04 95026 1.639000E+03 6.900000E+01 4.800000E+01 3.000000E+01 3.180000E+02
6.000000E-04 114788 2.218000E+03 1.400000E+02 6.600000E+01 3.400000E+01 3.480000E+02
7.000000E-04 134256 2.785000E+03 1.900000E+02 8.600000E+01 4.700000E+01 3.630000E+02
8.000000E-04 153710 3.309000E+03 2.280000E+02 1.000000E+02 4.700000E+01 3.860000E+02
9.000000E-04 173026 3.837000E+03 2.660000E+02 1.180000E+02 5.700000E+01 3.940000E+02
1.000000E-03 192312 4.346000E+03 3.490000E+02 1.440000E+02 7.100000E+01 4.070000E+02
1.100000E-03 211868 4.898000E+03 4.000000E+02 1.670000E+02 7.100000E+01 4.140000E+02
1.200000E-03 231270 5.566000E+03 4.340000E+02 1.890000E+02 7.900000E+01 4.290000E+02
1.300000E-03 250731 6.146000E+03 4.890000E+02 2.110000E+02 7.900000E+01 4.380000E+02
1.400000E-03 270340 6.690000E+03 5.380000E+02 2.330000E+02 7.900000E+01 4.610000E+02
1.500000E-03 289739 7.259000E+03 6.040000E+02 2.480000E+02 8.900000E+01 4.830000E+02
1.600000E-03 309000 7.800000E+03 7.100000E+02 2.650000E+02 9.200000E+01 5.060000E+02
1.700000E-03 328296 8.426000E+03 7.420000E+02 2.910000E+02 9.600000E+01 5.200000E+02
1.800000E-03 347773 9.036000E+03 7.770000E+02 3.220000E+02 1.030000E+02 5.310000E+02
1.900000E-03 367290 9.663000E+03 8.810000E+02 3.530000E+02 1.210000E+02 5.440000E+02
2.000000E-03 386842 1.023600E+04 9.390000E+02 3.800000E+02 1.210000E+02 5.650000E+02
2.100000E-03 406448 1.080100E+04 1.006000E+03 4.140000E+02 1.210000E+02 5.800000E+02
2.200000E-03 425756 1.137700E+04 1.061000E+03 4.400000E+02 1.210000E+02 6.000000E+02
2.300000E-03 445412 1.192100E+04 1.109000E+03 4.590000E+02 1.300000E+02 6.250000E+02
2.400000E-03 464789 1.248200E+04 1.148000E+03 4.890000E+02 1.310000E+02 6.400000E+02
2.500000E-03 483830 1.306500E+04 1.191000E+03 5.250000E+02 1.520000E+02 6.400000E+02
2.600000E-03 503334 1.361700E+04 1.223000E+03 5.500000E+02 1.550000E+02 6.450000E+02
2.700000E-03 522839 1.415800E+04 1.327000E+03 5.810000E+02 1.570000E+02 6.520000E+02
2.800000E-03 542030 1.468600E+04 1.401000E+03 6.130000E+02 1.650000E+02 6.680000E+02
2.900000E-03 561477 1.521400E+04 1.444000E+03 6.360000E+02 1.650000E+02 6.870000E+02
3.000000E-03 581176 1.578900E+04 1.532000E+03 6.560000E+02 1.670000E+02 7.030000E+02
3.100000E-03 600726 1.636200E+04 1.559000E+03 6.790000E+02 1.670000E+02 7.220000E+02
3.200000E-03 620132 1.699700E+04 1.584000E+03 7.310000E+02 1.700000E+02 7.170000E+02
3.300000E-03 639635 1.761900E+04 1.647000E+03 7.570000E+02 1.700000E+02 7.280000E+02
3.400000E-03 659019 1.817700E+04 1.725000E+03 7.880000E+02 1.810000E+02 7.400000E+02
3.500000E-03 678514 1.876600E+04 1.746000E+03 8.150000E+02 1.810000E+02 7.550000E+02
3.600000E-03 698110 1.928900E+04 1.808000E+03 8.400000E+02 1.890000E+02 7.720000E+02
3.700000E-03 717396 1.985100E+04 1.872000E+03 8.890000E+02 1.890000E+02 7.640000E+02
3.800000E-03 736808 2.045000E+04 1.941000E+03 9.170000E+02 1.970000E+02 7.820000E+02
3.900000E-03 756405 2.101900E+04 1.971000E+03 9.680000E+02 1.970000E+02 7.870000E+02
4.000000E-03 775720 2.158200E+04 2.040000E+03 9.980000E+02 1.970000E+02 8.010000E+02
4.100000E-03 795449 2.218600E+04 2.079000E+03 1.031000E+03 2.000000E+02 8.200000E+02
4.200000E-03 815187 2.272700E+04 2.144000E+03 1.062000E+03 2.090000E+02 8.240000E+02
4.300000E-03 834498 2.332200E+04 2.217000E+03 1.090000E+03 2.320000E+02 8.310000E+02
4.400000E-03 853927 2.394500E+04 2.263000E+03 1.125000E+03 2.320000E+02 8.340000E+02
4.500000E-03 873465 2.453300E+04 2.332000E+03 1.159000E+03 2.440000E+02 8.380000E+02
4.600000E-03 892835 2.506700E+04 2.376000E+03 1.212000E+03 2.450000E+02 8.370000E+02
4.700000E-03 912324 2.557900E+04 2.432000E+03 1.252000E+03 2.570000E+02 8.470000E+02
4.800000E-03 931906 2.619900E+04 2.492000E+03 1.287000E+03 2.610000E+02 8.590000E+02
4.900000E-03 951465 2.677700E+04 2.553000E+03 1.317000E+03 2.620000E+02 8.700000E+02
5.000000E-03 970928 2.735800E+04 2.596000E+03 1.355000E+03 2.620000E+02 8.810000E+02
5.100000E-03 990504 2.791800E+04 2.655000E+03 1.405000E+03 2.620000E+02 8.850000E+02
5.200000E-03 1010024 2.848500E+04 2.722000E+03 1.436000E+03 2.620000E+02 8.950000E+02
5.300000E-03 1029468 2.911400E+04 2.788000E+03 1.468000E+03 2.620000E+02 9.070000E+02
5.400000E-03 1048940 2.969900E+04 2.849000E+03 1.508000E+03 2.620000E+02 9.150000E+02
5.500000E-03 1068720 3.026300E+04 2.890000E+03 1.553000E+03 2.620000E+02 9.280000E+02
5.600000E-03 1087971 3.082000E+04 2.940000E+03 1.613000E+03 2.680000E+02 9.320000E+02
5.700000E-03 1107222 3.139000E+04 2.997000E+03 1.659000E+03 2.680000E+02 9.360000E+02
5.800000E-03 1126646 3.194100E+04 3.046000E+03 1.711000E+03 2.750000E+02 9.390000E+02
5.900000E-03 1145779 3.244500E+04 3.106000E+03 1.763000E+03 2.770000E+02 9.280000E+02
6.000000E-03 1165313 3.301400E+04 3.167000E+03 1.798000E+03 2.800000E+02 9.290000E+02
6.100000E-03 1184775 3.354200E+04 3.225000E+03 1.838000E+03 2.960000E+02 9.370000E+02
6.200000E-03 1204473 3.405900E+04 3.291000E+03 1.889000E+03 3.020000E+02 9.450000E+02
6.300000E-03 1224090 3.456400E+04 3.335000E+03 1.932000E+03 3.020000E+02 9.440000E+02
6.400000E-03 1243339 3.512800E+04 3.405000E+03 1.984000E+03 3.060000E+02 9.470000E+02
6.500000E-03 1263117 3.571100E+04 3.439000E+03 2.028000E+03 3.060000E+02 9.480000E+02
6.600000E-03 1282685 3.628300E+04 3.527000E+03 2.062000E+03 3.070000E+02 9.550000E+02
6.700000E-03 1302095 3.689900E+04 3.571000E+03 2.094000E+03 3.090000E+02 9.650000E+02
6.800000E-03 1321331 3.744800E+04 3.651000E+03 2.124000E+03 3.230000E+02 9.730000E+02
6.900000E-03 1340681 3.801700E+04 3.714000E+03 2.170000E+03 3.270000E+02 9.750000E+02
7.000000E-03 1360033 3.858100E+04 3.776000E+03 2.215000E+03 3.270000E+02 9.930000E+02
7.100000E-03 1379481 3.913400E+04 3.846000E+03 2.264000E+03 3.450000E+02 9.970000E+02
7.200000E-03 1398890 3.967500E+04 3.916000E+03 2.301000E+03 3.450000E+02 1.017000E+03
7.300000E-03 1418230 4.020200E+04 4.008000E+03 2.339000E+03 3.520000E+02 1.039000E+03
7.400000E-03 1437755 4.076200E+04 4.052000E+03 2.391000E+03 3.540000E+02 1.046000E+03
7.500000E-03 1457149 4.130000E+04 4.084000E+03 2.436000E+03 3.720000E+02 1.042000E+03
7.600000E-03 1476874 4.191300E+04 4.111000E+03 2.475000E+03 3.780000E+02 1.038000E+03
7.700000E-03 1496528 4.252600E+04 4.177000E+03 2.526000E+03 3.870000E+02 1.035000E+03
7.800000E-03 1516028 4.313300E+04 4.285000E+03 2.553000E+03 3.870000E+02 1.039000E+03
7.900000E-03 1535542 4.373700E+04 4.341000E+03 2.612000E+03 4.000000E+02 1.040000E+03
8.000000E-03 1555084 4.429900E+04 4.397000E+03 2.679000E+03 4.030000E+02 1.039000E+03
8.100000E-03 1574817 4.487700E+04 4.444000E+03 2.723000E+03 4.130000E+02 1.046000E+03
8.200000E-03 1594337 4.540700E+04 4.508000E+03 2.771000E+03 4.190000E+02 1.047000E+03
8.300000E-03 1613966 4.595700E+04 4.554000E+03 2.806000E+03 4.280000E+02 1.056000E+03
8.400000E-03 1633392 4.651000E+04 4.617000E+03 2.861000E+03 4.290000E+02 1.059000E+03
8.500000E-03 1652907 4.713500E+04 4.677000E+03 2.937000E+03 4.290000E+02 1.050000E+03
8.600000E-03 1672588 4.767700E+04 4.772000E+03 2.988000E+03 4.300000E+02 1.056000E+03
8.700000E-03 1692300 4.820400E+04 4.836000E+03 3.026000E+03 4.340000E+02 1.065000E+03
8.800000E-03 1711692 4.880700E+04 4.898000E+03 3.076000E+03 4.400000E+02 1.070000E+03
8.900000E-03 1731339 4.936100E+04 4.911000E+03 3.134000E+03 4.500000E+02 1.071000E+03
9.000000E-03 1750834 4.987500E+04 4.933000E+03 3.186000E+03 4.530000E+02 1.053000E+03
9.100000E-03 1770434 5.047100E+04 5.007000E+03 3.226000E+03 4.570000E+02 1.057000E+03
9.200000E-03 1790023 5.111900E+04 5.052000E+03 3.277000E+03 4.580000E+02 1.053000E+03
9.300000E-03 1809909 5.175200E+04 5.086000E+03 3.323000E+03 4.580000E+02 1.055000E+03
9.400000E-03 1829561 5.235600E+04 5.159000E+03 3.375000E+03 4.580000E+02 1.052000E+03
9.500000E-03 1849156 5.293600E+04 5.195000E+03 3.414000E+03 4.700000E+02 1.058000E+03
9.600000E-03 1868690 5.347800E+04 5.282000E+03 3.466000E+03 4.700000E+02 1.060000E+03
9.700000E-03 1887980 5.403400E+04 5.336000E+03 3.514000E+03 4.700000E+02 1.063000E+03
9.800000E-03 1907394 5.462100E+04 5.360000E+03 3.558000E+03 4.700000E+02 1.059000E+03
9.900000E-03 1926885 5.518300E+04 5.401000E+03 3.608000E+03 4.700000E+02 1.055000E+03
1.000000E-02 1946489 5.577400E+04 5.491000E+03 3.672000E+03 4.820000E+02 1.059000E+03
