 time E 'electrons_given_to_SolubleIron' 'electrons_given_to_mtrB' 'electrons_from_Flavin' 'electrons_from_mtrC' '_electrons_stored_in_Flavin'
0.000000E+00 0 0.000000E+00 0.000000E+00 0.000000E+00 0.000000E+00 0.000000E+00
1.000000E-04 18759 3.800000E+01 0.000000E+00 2.000000E+00 1.000000E+01 7.000000E+01
2.000000E-04 37738 1.990000E+02 0.000000E+00 8.000000E+00 1.000000E+01 1.550000E+02
3.000000E-04 56928 5.530000E+02 1.100000E+01 1.400000E+01 1.000000E+01 2.320000E+02
4.000000E-04 76156 1.003000E+03 5.300000E+01 2.600000E+01 1.000000E+01 2.930000E+02
5.000000E-04 95601 1.512000E+03 1.050000E+02 3.200000E+01 2.200000E+01 3.430000E+02
6.000000E-04 115017 2.093000E+03 1.500000E+02 5.800000E+01 3.900000E+01 3.520000E+02
7.000000E-04 134698 2.706000E+03 2.260000E+02 7.800000E+01 4.500000E+01 3.740000E+02
8.000000E-04 153989 3.266000E+03 2.620000E+02 1.100000E+02 5.800000E+01 3.860000E+02
9.000000E-04 173751 3.835000E+03 3.310000E+02 1.340000E+02 6.400000E+01 3.990000E+02
1.000000E-03 193396 4.352000E+03 3.580000E+02 1.580000E+02 6.400000E+01 4.110000E+02
1.100000E-03 212823 4.910000E+03 3.930000E+02 1.800000E+02 7.400000E+01 4.170000E+02
1.200000E-03 232396 5.437000E+03 4.910000E+02 2.020000E+02 8.000000E+01 4.270000E+02
1.300000E-03 251923 5.929000E+03 5.070000E+02 2.340000E+02 1.080000E+02 4.280000E+02
1.400000E-03 271264 6.481000E+03 5.810000E+02 2.560000E+02 1.080000E+02 4.480000E+02
1.500000E-03 290556 7.016000E+03 6.230000E+02 2.680000E+02 1.130000E+02 4.760000E+02
1.600000E-03 310222 7.637000E+03 7.110000E+02 2.880000E+02 1.130000E+02 4.910000E+02
1.700000E-03 329470 8.154000E+03 7.300000E+02 3.130000E+02 1.230000E+02 5.090000E+02
1.800000E-03 348530 8.719000E+03 8.160000E+02 3.450000E+02 1.230000E+02 5.220000E+02
1.900000E-03 368102 9.261000E+03 8.620000E+02 3.820000E+02 1.230000E+02 5.230000E+02
2.000000E-03 387539 9.820000E+03 9.060000E+02 4.090000E+02 1.300000E+02 5.410000E+02
2.100000E-03 407024 1.045000E+04 9.700000E+02 4.370000E+02 1.300000E+02 5.540000E+02
2.200000E-03 426693 1.108300E+04 1.023000E+03 4.590000E+02 1.340000E+02 5.720000E+02
2.300000E-03 445906 1.169200E+04 1.066000E+03 4.850000E+02 1.430000E+02 5.810000E+02
2.400000E-03 465748 1.230400E+04 1.117000E+03 5.150000E+02 1.430000E+02 6.010000E+02
2.500000E-03 485366 1.290400E+04 1.203000E+03 5.470000E+02 1.450000E+02 6.140000E+02
2.600000E-03 505194 1.348700E+04 1.252000E+03 5.770000E+02 1.450000E+02 6.260000E+02
2.700000E-03 524803 1.408600E+04 1.291000E+03 6.050000E+02 1.470000E+02 6.360000E+02
2.800000E-03 544150 1.469100E+04 1.322000E+03 6.350000E+02 1.470000E+02 6.450000E+02
2.900000E-03 563579 1.528200E+04 1.351000E+03 6.780000E+02 1.490000E+02 6.470000E+02
3.000000E-03 583019 1.587700E+04 1.455000E+03 7.050000E+02 1.500000E+02 6.630000E+02
3.100000E-03 602275 1.648300E+04 1.511000E+03 7.360000E+02 1.500000E+02 6.720000E+02
3.200000E-03 621739 1.708500E+04 1.546000E+03 7.640000E+02 1.730000E+02 6.800000E+02
3.300000E-03 641270 1.768100E+04 1.586000E+03 7.880000E+02 1.860000E+02 6.920000E+02
3.400000E-03 660857 1.820800E+04 1.681000E+03 8.260000E+02 1.890000E+02 6.980000E+02
3.500000E-03 680270 1.878400E+04 1.723000E+03 8.560000E+02 2.010000E+02 7.130000E+02
3.600000E-03 699672 1.932600E+04 1.760000E+03 8.960000E+02 2.160000E+02 7.100000E+02
3.700000E-03 719094 1.986900E+04 1.845000E+03 9.290000E+02 2.160000E+02 7.130000E+02
3.800000E-03 738597 2.039200E+04 1.899000E+03 9.680000E+02 2.260000E+02 7.200000E+02
3.900000E-03 758065 2.095300E+04 1.940000E+03 9.990000E+02 2.300000E+02 7.280000E+02
4.000000E-03 777781 2.151400E+04 1.985000E+03 1.029000E+03 2.370000E+02 7.440000E+02
4.100000E-03 797324 2.212200E+04 2.028000E+03 1.074000E+03 2.370000E+02 7.500000E+02
4.200000E-03 816789 2.268000E+04 2.114000E+03 1.111000E+03 2.430000E+02 7.560000E+02
4.300000E-03 836247 2.323200E+04 2.168000E+03 1.165000E+03 2.430000E+02 7.440000E+02
4.400000E-03 855800 2.380100E+04 2.229000E+03 1.205000E+03 2.660000E+02 7.540000E+02
4.500000E-03 875082 2.436600E+04 2.302000E+03 1.240000E+03 2.660000E+02 7.610000E+02
4.600000E-03 894315 2.493500E+04 2.332000E+03 1.264000E+03 2.790000E+02 7.700000E+02
4.700000E-03 913652 2.555800E+04 2.372000E+03 1.289000E+03 2.790000E+02 7.850000E+02
4.800000E-03 933110 2.612200E+04 2.475000E+03 1.340000E+03 2.830000E+02 7.910000E+02
4.900000E-03 952609 2.666000E+04 2.537000E+03 1.382000E+03 2.900000E+02 8.030000E+02
5.000000E-03 971766 2.720700E+04 2.613000E+03 1.409000E+03 2.990000E+02 8.250000E+02
5.100000E-03 991172 2.776800E+04 2.644000E+03 1.445000E+03 3.080000E+02 8.300000E+02
5.200000E-03 1010819 2.832000E+04 2.697000E+03 1.486000E+03 3.250000E+02 8.340000E+02
5.300000E-03 1030391 2.890600E+04 2.763000E+03 1.518000E+03 3.290000E+02 8.390000E+02
5.400000E-03 1049909 2.943300E+04 2.840000E+03 1.559000E+03 3.290000E+02 8.530000E+02
5.500000E-03 1069571 2.996700E+04 2.913000E+03 1.616000E+03 3.300000E+02 8.560000E+02
5.600000E-03 1088950 3.051400E+04 2.951000E+03 1.665000E+03 3.480000E+02 8.520000E+02
5.700000E-03 1108241 3.102200E+04 3.031000E+03 1.697000E+03 3.500000E+02 8.590000E+02
5.800000E-03 1127662 3.162600E+04 3.079000E+03 1.736000E+03 3.600000E+02 8.600000E+02
5.900000E-03 1147305 3.220400E+04 3.113000E+03 1.768000E+03 3.640000E+02 8.760000E+02
6.000000E-03 1166662 3.273500E+04 3.193000E+03 1.814000E+03 3.780000E+02 8.800000E+02
6.100000E-03 1186172 3.327700E+04 3.250000E+03 1.839000E+03 3.970000E+02 8.880000E+02
6.200000E-03 1205350 3.382300E+04 3.274000E+03 1.885000E+03 3.990000E+02 8.990000E+02
6.300000E-03 1224599 3.437500E+04 3.344000E+03 1.929000E+03 3.990000E+02 8.950000E+02
6.400000E-03 1243990 3.497000E+04 3.430000E+03 1.963000E+03 4.100000E+02 9.050000E+02
6.500000E-03 1263490 3.555800E+04 3.498000E+03 2.008000E+03 4.120000E+02 9.160000E+02
6.600000E-03 1283196 3.613600E+04 3.561000E+03 2.051000E+03 4.290000E+02 9.210000E+02
6.700000E-03 1302738 3.673500E+04 3.620000E+03 2.101000E+03 4.430000E+02 9.190000E+02
6.800000E-03 1322276 3.727300E+04 3.647000E+03 2.157000E+03 4.480000E+02 9.150000E+02
6.900000E-03 1341809 3.782100E+04 3.685000E+03 2.188000E+03 4.550000E+02 9.230000E+02
7.000000E-03 1361175 3.832800E+04 3.755000E+03 2.242000E+03 4.640000E+02 9.190000E+02
7.100000E-03 1380644 3.889900E+04 3.779000E+03 2.283000E+03 4.640000E+02 9.200000E+02
7.200000E-03 1399969 3.946100E+04 3.830000E+03 2.330000E+03 4.730000E+02 9.120000E+02
7.300000E-03 1419370 4.007700E+04 3.898000E+03 2.371000E+03 4.730000E+02 9.200000E+02
7.400000E-03 1438971 4.071200E+04 3.960000E+03 2.421000E+03 4.730000E+02 9.160000E+02
7.500000E-03 1458768 4.127800E+04 4.018000E+03 2.463000E+03 4.730000E+02 9.260000E+02
7.600000E-03 1478403 4.193800E+04 4.092000E+03 2.525000E+03 4.770000E+02 9.200000E+02
7.700000E-03 1497805 4.251100E+04 4.166000E+03 2.576000E+03 4.870000E+02 9.280000E+02
7.800000E-03 1517508 4.309900E+04 4.228000E+03 2.628000E+03 4.870000E+02 9.400000E+02
7.900000E-03 1536858 4.369800E+04 4.270000E+03 2.660000E+03 5.000000E+02 9.520000E+02
8.000000E-03 1556714 4.430200E+04 4.315000E+03 2.705000E+03 5.070000E+02 9.560000E+02
8.100000E-03 1576255 4.485100E+04 4.362000E+03 2.754000E+03 5.100000E+02 9.530000E+02
8.200000E-03 1595959 4.543700E+04 4.403000E+03 2.809000E+03 5.250000E+02 9.480000E+02
8.300000E-03 1615537 4.598700E+04 4.437000E+03 2.848000E+03 5.330000E+02 9.460000E+02
8.400000E-03 1635214 4.652800E+04 4.463000E+03 2.880000E+03 5.330000E+02 9.480000E+02
8.500000E-03 1654876 4.711500E+04 4.551000E+03 2.915000E+03 5.360000E+02 9.480000E+02
8.600000E-03 1674407 4.766200E+04 4.588000E+03 2.970000E+03 5.440000E+02 9.410000E+02
8.700000E-03 1694031 4.817400E+04 4.654000E+03 3.004000E+03 5.440000E+02 9.520000E+02
8.800000E-03 1713600 4.876100E+04 4.692000E+03 3.063000E+03 5.440000E+02 9.420000E+02
8.900000E-03 1732805 4.933600E+04 4.782000E+03 3.128000E+03 5.440000E+02 9.390000E+02
9.000000E-03 1751996 4.987700E+04 4.878000E+03 3.172000E+03 5.580000E+02 9.550000E+02
9.100000E-03 1771662 5.045500E+04 4.921000E+03 3.217000E+03 5.610000E+02 9.620000E+02
9.200000E-03 1791238 5.107300E+04 4.977000E+03 3.264000E+03 5.670000E+02 9.780000E+02
9.300000E-03 1810797 5.160700E+04 5.008000E+03 3.310000E+03 5.700000E+02 9.830000E+02
9.400000E-03 1830272 5.222500E+04 5.052000E+03 3.362000E+03 5.710000E+02 9.780000E+02
9.500000E-03 1849896 5.281700E+04 5.081000E+03 3.420000E+03 5.710000E+02 9.730000E+02
9.600000E-03 1869565 5.344800E+04 5.132000E+03 3.461000E+03 5.750000E+02 9.710000E+02
9.700000E-03 1889020 5.402500E+04 5.224000E+03 3.502000E+03 5.770000E+02 9.710000E+02
9.800000E-03 1908640 5.464200E+04 5.298000E+03 3.543000E+03 5.860000E+02 9.780000E+02
9.900000E-03 1928216 5.525400E+04 5.334000E+03 3.596000E+03 5.930000E+02 9.730000E+02
1.000000E-02 1947555 5.582500E+04 5.390000E+03 3.633000E+03 6.030000E+02 9.800000E+02
