 time E '10XNapC-electrons_given_to_SolubleIron' '10XNapC-electrons_given_to_mtrB' '10XNapC-electrons_from_Flavin' '10XNapC-electrons_from_mtrC' '10XNapC-electrons_stored_in_Flavin'
0.000000E+00 0 0.000000E+00 0.000000E+00 0.000000E+00 0.000000E+00 0.000000E+00
1.000000E-04 20589 3.210000E+02 0.000000E+00 2.000000E+00 0.000000E+00 9.000000E+01
2.000000E-04 41466 1.678000E+03 0.000000E+00 2.000000E+00 0.000000E+00 1.750000E+02
3.000000E-04 63531 3.841000E+03 4.500000E+01 1.400000E+01 1.400000E+01 2.410000E+02
4.000000E-04 85701 6.390000E+03 1.470000E+02 2.400000E+01 3.000000E+01 3.030000E+02
5.000000E-04 108311 9.148000E+03 3.050000E+02 4.100000E+01 3.400000E+01 3.640000E+02
6.000000E-04 131042 1.194200E+04 4.560000E+02 5.200000E+01 4.700000E+01 4.090000E+02
7.000000E-04 153394 1.468700E+04 6.090000E+02 6.900000E+01 5.600000E+01 4.620000E+02
8.000000E-04 176162 1.754800E+04 7.100000E+02 1.030000E+02 6.000000E+01 5.170000E+02
9.000000E-04 198827 2.040300E+04 8.420000E+02 1.290000E+02 6.600000E+01 5.660000E+02
1.000000E-03 221584 2.329600E+04 9.600000E+02 1.570000E+02 7.200000E+01 6.170000E+02
1.100000E-03 244367 2.619400E+04 1.060000E+03 1.990000E+02 7.300000E+01 6.720000E+02
1.200000E-03 267066 2.904600E+04 1.212000E+03 2.360000E+02 8.200000E+01 7.220000E+02
1.300000E-03 289777 3.188900E+04 1.350000E+03 2.880000E+02 1.000000E+02 7.610000E+02
1.400000E-03 312263 3.464900E+04 1.479000E+03 3.210000E+02 1.190000E+02 8.110000E+02
1.500000E-03 334805 3.747500E+04 1.615000E+03 3.510000E+02 1.360000E+02 8.600000E+02
1.600000E-03 357286 4.018000E+04 1.832000E+03 3.870000E+02 1.530000E+02 9.070000E+02
1.700000E-03 379974 4.294800E+04 1.931000E+03 4.340000E+02 1.730000E+02 9.540000E+02
1.800000E-03 402937 4.575500E+04 2.067000E+03 4.760000E+02 1.770000E+02 9.940000E+02
1.900000E-03 425476 4.855900E+04 2.226000E+03 5.260000E+02 2.190000E+02 1.044000E+03
2.000000E-03 447665 5.133000E+04 2.366000E+03 5.540000E+02 2.240000E+02 1.095000E+03
2.100000E-03 470005 5.409400E+04 2.508000E+03 6.000000E+02 2.420000E+02 1.142000E+03
2.200000E-03 493218 5.697600E+04 2.630000E+03 6.840000E+02 2.750000E+02 1.160000E+03
2.300000E-03 516173 5.980400E+04 2.795000E+03 7.540000E+02 2.940000E+02 1.187000E+03
2.400000E-03 538565 6.249300E+04 2.957000E+03 8.090000E+02 3.160000E+02 1.230000E+03
2.500000E-03 561473 6.530200E+04 3.094000E+03 8.620000E+02 3.300000E+02 1.268000E+03
2.600000E-03 583821 6.808600E+04 3.235000E+03 9.210000E+02 3.570000E+02 1.300000E+03
2.700000E-03 606499 7.085700E+04 3.362000E+03 9.950000E+02 3.620000E+02 1.328000E+03
2.800000E-03 628943 7.361300E+04 3.479000E+03 1.068000E+03 3.660000E+02 1.349000E+03
2.900000E-03 651942 7.640900E+04 3.621000E+03 1.132000E+03 3.660000E+02 1.376000E+03
3.000000E-03 674390 7.914500E+04 3.765000E+03 1.202000E+03 3.900000E+02 1.419000E+03
3.100000E-03 696993 8.187600E+04 3.920000E+03 1.267000E+03 4.020000E+02 1.448000E+03
3.200000E-03 719544 8.463900E+04 4.054000E+03 1.325000E+03 4.100000E+02 1.470000E+03
3.300000E-03 742185 8.738400E+04 4.135000E+03 1.395000E+03 4.130000E+02 1.510000E+03
3.400000E-03 764633 9.024400E+04 4.269000E+03 1.471000E+03 4.170000E+02 1.534000E+03
3.500000E-03 787401 9.306100E+04 4.444000E+03 1.546000E+03 4.260000E+02 1.563000E+03
3.600000E-03 809863 9.583300E+04 4.637000E+03 1.611000E+03 4.620000E+02 1.610000E+03
3.700000E-03 832330 9.856200E+04 4.726000E+03 1.686000E+03 4.710000E+02 1.627000E+03
3.800000E-03 855137 1.014260E+05 4.865000E+03 1.776000E+03 4.730000E+02 1.663000E+03
3.900000E-03 877888 1.042210E+05 4.998000E+03 1.837000E+03 4.760000E+02 1.705000E+03
4.000000E-03 900512 1.070480E+05 5.157000E+03 1.919000E+03 5.070000E+02 1.710000E+03
4.100000E-03 923363 1.098810E+05 5.302000E+03 1.982000E+03 5.260000E+02 1.746000E+03
4.200000E-03 946259 1.126820E+05 5.439000E+03 2.070000E+03 5.330000E+02 1.753000E+03
4.300000E-03 969168 1.155530E+05 5.587000E+03 2.151000E+03 5.330000E+02 1.787000E+03
4.400000E-03 992032 1.184800E+05 5.718000E+03 2.235000E+03 5.480000E+02 1.809000E+03
4.500000E-03 1014939 1.213170E+05 5.853000E+03 2.301000E+03 5.720000E+02 1.839000E+03
4.600000E-03 1037495 1.240690E+05 5.967000E+03 2.407000E+03 5.840000E+02 1.838000E+03
4.700000E-03 1060176 1.268280E+05 6.112000E+03 2.484000E+03 6.050000E+02 1.865000E+03
4.800000E-03 1082543 1.296210E+05 6.216000E+03 2.575000E+03 6.150000E+02 1.880000E+03
4.900000E-03 1105283 1.325130E+05 6.342000E+03 2.661000E+03 6.220000E+02 1.909000E+03
5.000000E-03 1127887 1.353270E+05 6.452000E+03 2.767000E+03 6.330000E+02 1.921000E+03
5.100000E-03 1150609 1.380890E+05 6.587000E+03 2.877000E+03 6.430000E+02 1.924000E+03
5.200000E-03 1173281 1.409750E+05 6.753000E+03 2.986000E+03 6.690000E+02 1.927000E+03
5.300000E-03 1195908 1.438510E+05 6.932000E+03 3.081000E+03 6.690000E+02 1.942000E+03
5.400000E-03 1218651 1.467330E+05 7.091000E+03 3.169000E+03 6.830000E+02 1.954000E+03
5.500000E-03 1241236 1.494850E+05 7.215000E+03 3.255000E+03 7.160000E+02 1.987000E+03
5.600000E-03 1263887 1.522930E+05 7.362000E+03 3.344000E+03 7.300000E+02 2.011000E+03
5.700000E-03 1286665 1.551020E+05 7.513000E+03 3.429000E+03 7.320000E+02 2.024000E+03
5.800000E-03 1309234 1.578980E+05 7.627000E+03 3.511000E+03 7.330000E+02 2.047000E+03
5.900000E-03 1331981 1.606530E+05 7.777000E+03 3.605000E+03 7.350000E+02 2.063000E+03
6.000000E-03 1354858 1.635170E+05 7.856000E+03 3.725000E+03 7.540000E+02 2.062000E+03
6.100000E-03 1377585 1.663500E+05 8.034000E+03 3.839000E+03 7.750000E+02 2.076000E+03
6.200000E-03 1400224 1.691460E+05 8.198000E+03 3.961000E+03 8.050000E+02 2.073000E+03
6.300000E-03 1423296 1.719880E+05 8.324000E+03 4.039000E+03 8.230000E+02 2.100000E+03
6.400000E-03 1446130 1.747890E+05 8.479000E+03 4.153000E+03 8.250000E+02 2.114000E+03
6.500000E-03 1469003 1.777270E+05 8.612000E+03 4.246000E+03 8.580000E+02 2.138000E+03
6.600000E-03 1491761 1.806020E+05 8.790000E+03 4.344000E+03 8.710000E+02 2.151000E+03
6.700000E-03 1514433 1.834250E+05 8.921000E+03 4.447000E+03 9.010000E+02 2.159000E+03
6.800000E-03 1537388 1.862470E+05 9.049000E+03 4.554000E+03 9.140000E+02 2.168000E+03
6.900000E-03 1560059 1.889230E+05 9.211000E+03 4.651000E+03 9.220000E+02 2.168000E+03
7.000000E-03 1582735 1.916580E+05 9.325000E+03 4.764000E+03 9.410000E+02 2.183000E+03
7.100000E-03 1605661 1.944950E+05 9.460000E+03 4.864000E+03 9.460000E+02 2.204000E+03
7.200000E-03 1628369 1.972390E+05 9.618000E+03 4.969000E+03 9.490000E+02 2.218000E+03
7.300000E-03 1650764 2.000810E+05 9.742000E+03 5.074000E+03 9.690000E+02 2.231000E+03
7.400000E-03 1673563 2.029420E+05 9.863000E+03 5.181000E+03 9.820000E+02 2.242000E+03
7.500000E-03 1696199 2.057360E+05 1.002600E+04 5.290000E+03 1.007000E+03 2.244000E+03
7.600000E-03 1718862 2.085650E+05 1.017000E+04 5.413000E+03 1.011000E+03 2.234000E+03
7.700000E-03 1742019 2.115060E+05 1.030500E+04 5.533000E+03 1.020000E+03 2.255000E+03
7.800000E-03 1764820 2.143210E+05 1.044000E+04 5.647000E+03 1.044000E+03 2.267000E+03
7.900000E-03 1787479 2.170840E+05 1.060900E+04 5.771000E+03 1.084000E+03 2.269000E+03
8.000000E-03 1810094 2.199240E+05 1.075700E+04 5.892000E+03 1.092000E+03 2.270000E+03
8.100000E-03 1832895 2.227770E+05 1.088800E+04 5.992000E+03 1.099000E+03 2.278000E+03
8.200000E-03 1855669 2.256410E+05 1.097500E+04 6.074000E+03 1.101000E+03 2.301000E+03
8.300000E-03 1878186 2.283210E+05 1.110400E+04 6.217000E+03 1.104000E+03 2.289000E+03
8.400000E-03 1900950 2.311480E+05 1.127300E+04 6.350000E+03 1.122000E+03 2.300000E+03
8.500000E-03 1923667 2.339440E+05 1.140200E+04 6.460000E+03 1.133000E+03 2.297000E+03
8.600000E-03 1946485 2.368140E+05 1.156600E+04 6.575000E+03 1.148000E+03 2.316000E+03
8.700000E-03 1969429 2.398070E+05 1.173200E+04 6.685000E+03 1.177000E+03 2.319000E+03
8.800000E-03 1991955 2.426260E+05 1.188000E+04 6.787000E+03 1.209000E+03 2.333000E+03
8.900000E-03 2014388 2.453750E+05 1.202000E+04 6.881000E+03 1.231000E+03 2.361000E+03
9.000000E-03 2036670 2.480020E+05 1.220200E+04 6.995000E+03 1.236000E+03 2.365000E+03
9.100000E-03 2059170 2.508180E+05 1.235300E+04 7.135000E+03 1.263000E+03 2.372000E+03
9.200000E-03 2081625 2.536490E+05 1.250700E+04 7.260000E+03 1.272000E+03 2.378000E+03
9.300000E-03 2104250 2.564990E+05 1.264400E+04 7.353000E+03 1.293000E+03 2.404000E+03
9.400000E-03 2126808 2.592900E+05 1.279200E+04 7.455000E+03 1.314000E+03 2.411000E+03
9.500000E-03 2149654 2.620350E+05 1.289600E+04 7.559000E+03 1.326000E+03 2.419000E+03
9.600000E-03 2172205 2.648330E+05 1.303000E+04 7.678000E+03 1.334000E+03 2.413000E+03
9.700000E-03 2194978 2.676750E+05 1.320800E+04 7.782000E+03 1.336000E+03 2.447000E+03
9.800000E-03 2217782 2.705940E+05 1.334500E+04 7.895000E+03 1.355000E+03 2.455000E+03
9.900000E-03 2240133 2.733110E+05 1.351400E+04 8.022000E+03 1.382000E+03 2.447000E+03
1.000000E-02 2262681 2.760170E+05 1.362200E+04 8.129000E+03 1.396000E+03 2.462000E+03
